This is pdfTeX, Version 3.141592653-2.6-1.40.25 (TeX Live 2023/Debian) (preloaded format=pdflatex 2024.11.12)  13 JAN 2025 16:37
entering extended mode
 restricted \write18 enabled.
 file:line:error style messages enabled.
 %&-line parsing enabled.
**OT.tex
(./OT.tex
LaTeX2e <2023-11-01> patch level 1
L3 programming layer <2024-01-22>
(/usr/share/texlive/texmf-dist/tex/latex/base/article.cls
Document Class: article 2023/05/17 v1.4n Standard LaTeX document class
(/usr/share/texlive/texmf-dist/tex/latex/base/size10.clo
File: size10.clo 2023/05/17 v1.4n Standard LaTeX file (size option)
)
\c@part=\count187
\c@section=\count188
\c@subsection=\count189
\c@subsubsection=\count190
\c@paragraph=\count191
\c@subparagraph=\count192
\c@figure=\count193
\c@table=\count194
\abovecaptionskip=\skip48
\belowcaptionskip=\skip49
\bibindent=\dimen140
) (/usr/share/texlive/texmf-dist/tex/latex/pgf/frontendlayer/tikz.sty (/usr/share/texlive/texmf-dist/tex/latex/pgf/basiclayer/pgf.sty (/usr/share/texlive/texmf-dist/tex/latex/pgf/utilities/pgfrcs.sty (/usr/share/texlive/texmf-dist/tex/generic/pgf/utilities/pgfutil-common.tex
\pgfutil@everybye=\toks17
\pgfutil@tempdima=\dimen141
\pgfutil@tempdimb=\dimen142
) (/usr/share/texlive/texmf-dist/tex/generic/pgf/utilities/pgfutil-latex.def
\pgfutil@abb=\box51
) (/usr/share/texlive/texmf-dist/tex/generic/pgf/utilities/pgfrcs.code.tex (/usr/share/texlive/texmf-dist/tex/generic/pgf/pgf.revision.tex)
Package: pgfrcs 2023-01-15 v3.1.10 (3.1.10)
))
Package: pgf 2023-01-15 v3.1.10 (3.1.10)
 (/usr/share/texlive/texmf-dist/tex/latex/pgf/basiclayer/pgfcore.sty (/usr/share/texlive/texmf-dist/tex/latex/graphics/graphicx.sty
Package: graphicx 2021/09/16 v1.2d Enhanced LaTeX Graphics (DPC,SPQR)
 (/usr/share/texlive/texmf-dist/tex/latex/graphics/keyval.sty
Package: keyval 2022/05/29 v1.15 key=value parser (DPC)
\KV@toks@=\toks18
) (/usr/share/texlive/texmf-dist/tex/latex/graphics/graphics.sty
Package: graphics 2022/03/10 v1.4e Standard LaTeX Graphics (DPC,SPQR)
 (/usr/share/texlive/texmf-dist/tex/latex/graphics/trig.sty
Package: trig 2021/08/11 v1.11 sin cos tan (DPC)
) (/usr/share/texlive/texmf-dist/tex/latex/graphics-cfg/graphics.cfg
File: graphics.cfg 2016/06/04 v1.11 sample graphics configuration
)
Package graphics Info: Driver file: pdftex.def on input line 107.
 (/usr/share/texlive/texmf-dist/tex/latex/graphics-def/pdftex.def
File: pdftex.def 2022/09/22 v1.2b Graphics/color driver for pdftex
))
\Gin@req@height=\dimen143
\Gin@req@width=\dimen144
) (/usr/share/texlive/texmf-dist/tex/latex/pgf/systemlayer/pgfsys.sty (/usr/share/texlive/texmf-dist/tex/generic/pgf/systemlayer/pgfsys.code.tex
Package: pgfsys 2023-01-15 v3.1.10 (3.1.10)
 (/usr/share/texlive/texmf-dist/tex/generic/pgf/utilities/pgfkeys.code.tex
\pgfkeys@pathtoks=\toks19
\pgfkeys@temptoks=\toks20
 (/usr/share/texlive/texmf-dist/tex/generic/pgf/utilities/pgfkeyslibraryfiltered.code.tex
\pgfkeys@tmptoks=\toks21
))
\pgf@x=\dimen145
\pgf@y=\dimen146
\pgf@xa=\dimen147
\pgf@ya=\dimen148
\pgf@xb=\dimen149
\pgf@yb=\dimen150
\pgf@xc=\dimen151
\pgf@yc=\dimen152
\pgf@xd=\dimen153
\pgf@yd=\dimen154
\w@pgf@writea=\write3
\r@pgf@reada=\read2
\c@pgf@counta=\count195
\c@pgf@countb=\count196
\c@pgf@countc=\count197
\c@pgf@countd=\count198
\t@pgf@toka=\toks22
\t@pgf@tokb=\toks23
\t@pgf@tokc=\toks24
\pgf@sys@id@count=\count199
 (/usr/share/texlive/texmf-dist/tex/generic/pgf/systemlayer/pgf.cfg
File: pgf.cfg 2023-01-15 v3.1.10 (3.1.10)
)
Driver file for pgf: pgfsys-pdftex.def
 (/usr/share/texlive/texmf-dist/tex/generic/pgf/systemlayer/pgfsys-pdftex.def
File: pgfsys-pdftex.def 2023-01-15 v3.1.10 (3.1.10)
 (/usr/share/texlive/texmf-dist/tex/generic/pgf/systemlayer/pgfsys-common-pdf.def
File: pgfsys-common-pdf.def 2023-01-15 v3.1.10 (3.1.10)
))) (/usr/share/texlive/texmf-dist/tex/generic/pgf/systemlayer/pgfsyssoftpath.code.tex
File: pgfsyssoftpath.code.tex 2023-01-15 v3.1.10 (3.1.10)
\pgfsyssoftpath@smallbuffer@items=\count266
\pgfsyssoftpath@bigbuffer@items=\count267
) (/usr/share/texlive/texmf-dist/tex/generic/pgf/systemlayer/pgfsysprotocol.code.tex
File: pgfsysprotocol.code.tex 2023-01-15 v3.1.10 (3.1.10)
)) (/usr/share/texlive/texmf-dist/tex/latex/xcolor/xcolor.sty
Package: xcolor 2023/11/15 v3.01 LaTeX color extensions (UK)
 (/usr/share/texlive/texmf-dist/tex/latex/graphics-cfg/color.cfg
File: color.cfg 2016/01/02 v1.6 sample color configuration
)
Package xcolor Info: Driver file: pdftex.def on input line 274.
 (/usr/share/texlive/texmf-dist/tex/latex/graphics/mathcolor.ltx)
Package xcolor Info: Model `cmy' substituted by `cmy0' on input line 1350.
Package xcolor Info: Model `hsb' substituted by `rgb' on input line 1354.
Package xcolor Info: Model `RGB' extended on input line 1366.
Package xcolor Info: Model `HTML' substituted by `rgb' on input line 1368.
Package xcolor Info: Model `Hsb' substituted by `hsb' on input line 1369.
Package xcolor Info: Model `tHsb' substituted by `hsb' on input line 1370.
Package xcolor Info: Model `HSB' substituted by `hsb' on input line 1371.
Package xcolor Info: Model `Gray' substituted by `gray' on input line 1372.
Package xcolor Info: Model `wave' substituted by `hsb' on input line 1373.
) (/usr/share/texlive/texmf-dist/tex/generic/pgf/basiclayer/pgfcore.code.tex
Package: pgfcore 2023-01-15 v3.1.10 (3.1.10)

(/usr/share/texlive/texmf-dist/tex/generic/pgf/math/pgfmath.code.tex (/usr/share/texlive/texmf-dist/tex/generic/pgf/math/pgfmathutil.code.tex) (/usr/share/texlive/texmf-dist/tex/generic/pgf/math/pgfmathparser.code.tex
\pgfmath@dimen=\dimen155
\pgfmath@count=\count268
\pgfmath@box=\box52
\pgfmath@toks=\toks25
\pgfmath@stack@operand=\toks26
\pgfmath@stack@operation=\toks27
) (/usr/share/texlive/texmf-dist/tex/generic/pgf/math/pgfmathfunctions.code.tex) (/usr/share/texlive/texmf-dist/tex/generic/pgf/math/pgfmathfunctions.basic.code.tex) (/usr/share/texlive/texmf-dist/tex/generic/pgf/math/pgfmathfunctions.trigonometric.code.tex) (/usr/share/texlive/texmf-dist/tex/generic/pgf/math/pgfmathfunctions.random.code.tex) (/usr/share/texlive/texmf-dist/tex/generic/pgf/math/pgfmathfunctions.comparison.code.tex) (/usr/share/texlive/texmf-dist/tex/generic/pgf/math/pgfmathfunctions.base.code.tex) (/usr/share/texlive/texmf-dist/tex/generic/pgf/math/pgfmathfunctions.round.code.tex) (/usr/share/texlive/texmf-dist/tex/generic/pgf/math/pgfmathfunctions.misc.code.tex) (/usr/share/texlive/texmf-dist/tex/generic/pgf/math/pgfmathfunctions.integerarithmetics.code.tex) (/usr/share/texlive/texmf-dist/tex/generic/pgf/math/pgfmathcalc.code.tex) (/usr/share/texlive/texmf-dist/tex/generic/pgf/math/pgfmathfloat.code.tex
\c@pgfmathroundto@lastzeros=\count269
)) (/usr/share/texlive/texmf-dist/tex/generic/pgf/math/pgfint.code.tex) (/usr/share/texlive/texmf-dist/tex/generic/pgf/basiclayer/pgfcorepoints.code.tex
File: pgfcorepoints.code.tex 2023-01-15 v3.1.10 (3.1.10)
\pgf@picminx=\dimen156
\pgf@picmaxx=\dimen157
\pgf@picminy=\dimen158
\pgf@picmaxy=\dimen159
\pgf@pathminx=\dimen160
\pgf@pathmaxx=\dimen161
\pgf@pathminy=\dimen162
\pgf@pathmaxy=\dimen163
\pgf@xx=\dimen164
\pgf@xy=\dimen165
\pgf@yx=\dimen166
\pgf@yy=\dimen167
\pgf@zx=\dimen168
\pgf@zy=\dimen169
) (/usr/share/texlive/texmf-dist/tex/generic/pgf/basiclayer/pgfcorepathconstruct.code.tex
File: pgfcorepathconstruct.code.tex 2023-01-15 v3.1.10 (3.1.10)
\pgf@path@lastx=\dimen170
\pgf@path@lasty=\dimen171
) (/usr/share/texlive/texmf-dist/tex/generic/pgf/basiclayer/pgfcorepathusage.code.tex
File: pgfcorepathusage.code.tex 2023-01-15 v3.1.10 (3.1.10)
\pgf@shorten@end@additional=\dimen172
\pgf@shorten@start@additional=\dimen173
) (/usr/share/texlive/texmf-dist/tex/generic/pgf/basiclayer/pgfcorescopes.code.tex
File: pgfcorescopes.code.tex 2023-01-15 v3.1.10 (3.1.10)
\pgfpic=\box53
\pgf@hbox=\box54
\pgf@layerbox@main=\box55
\pgf@picture@serial@count=\count270
) (/usr/share/texlive/texmf-dist/tex/generic/pgf/basiclayer/pgfcoregraphicstate.code.tex
File: pgfcoregraphicstate.code.tex 2023-01-15 v3.1.10 (3.1.10)
\pgflinewidth=\dimen174
) (/usr/share/texlive/texmf-dist/tex/generic/pgf/basiclayer/pgfcoretransformations.code.tex
File: pgfcoretransformations.code.tex 2023-01-15 v3.1.10 (3.1.10)
\pgf@pt@x=\dimen175
\pgf@pt@y=\dimen176
\pgf@pt@temp=\dimen177
) (/usr/share/texlive/texmf-dist/tex/generic/pgf/basiclayer/pgfcorequick.code.tex
File: pgfcorequick.code.tex 2023-01-15 v3.1.10 (3.1.10)
) (/usr/share/texlive/texmf-dist/tex/generic/pgf/basiclayer/pgfcoreobjects.code.tex
File: pgfcoreobjects.code.tex 2023-01-15 v3.1.10 (3.1.10)
) (/usr/share/texlive/texmf-dist/tex/generic/pgf/basiclayer/pgfcorepathprocessing.code.tex
File: pgfcorepathprocessing.code.tex 2023-01-15 v3.1.10 (3.1.10)
)
(/usr/share/texlive/texmf-dist/tex/generic/pgf/basiclayer/pgfcorearrows.code.tex
File: pgfcorearrows.code.tex 2023-01-15 v3.1.10 (3.1.10)
\pgfarrowsep=\dimen178
) (/usr/share/texlive/texmf-dist/tex/generic/pgf/basiclayer/pgfcoreshade.code.tex
File: pgfcoreshade.code.tex 2023-01-15 v3.1.10 (3.1.10)
\pgf@max=\dimen179
\pgf@sys@shading@range@num=\count271
\pgf@shadingcount=\count272
) (/usr/share/texlive/texmf-dist/tex/generic/pgf/basiclayer/pgfcoreimage.code.tex
File: pgfcoreimage.code.tex 2023-01-15 v3.1.10 (3.1.10)
) (/usr/share/texlive/texmf-dist/tex/generic/pgf/basiclayer/pgfcoreexternal.code.tex
File: pgfcoreexternal.code.tex 2023-01-15 v3.1.10 (3.1.10)
\pgfexternal@startupbox=\box56
) (/usr/share/texlive/texmf-dist/tex/generic/pgf/basiclayer/pgfcorelayers.code.tex
File: pgfcorelayers.code.tex 2023-01-15 v3.1.10 (3.1.10)
) (/usr/share/texlive/texmf-dist/tex/generic/pgf/basiclayer/pgfcoretransparency.code.tex
File: pgfcoretransparency.code.tex 2023-01-15 v3.1.10 (3.1.10)
) (/usr/share/texlive/texmf-dist/tex/generic/pgf/basiclayer/pgfcorepatterns.code.tex
File: pgfcorepatterns.code.tex 2023-01-15 v3.1.10 (3.1.10)
) (/usr/share/texlive/texmf-dist/tex/generic/pgf/basiclayer/pgfcorerdf.code.tex
File: pgfcorerdf.code.tex 2023-01-15 v3.1.10 (3.1.10)
))) (/usr/share/texlive/texmf-dist/tex/generic/pgf/modules/pgfmoduleshapes.code.tex
File: pgfmoduleshapes.code.tex 2023-01-15 v3.1.10 (3.1.10)
\pgfnodeparttextbox=\box57
) (/usr/share/texlive/texmf-dist/tex/generic/pgf/modules/pgfmoduleplot.code.tex
File: pgfmoduleplot.code.tex 2023-01-15 v3.1.10 (3.1.10)
) (/usr/share/texlive/texmf-dist/tex/latex/pgf/compatibility/pgfcomp-version-0-65.sty
Package: pgfcomp-version-0-65 2023-01-15 v3.1.10 (3.1.10)
\pgf@nodesepstart=\dimen180
\pgf@nodesepend=\dimen181
) (/usr/share/texlive/texmf-dist/tex/latex/pgf/compatibility/pgfcomp-version-1-18.sty
Package: pgfcomp-version-1-18 2023-01-15 v3.1.10 (3.1.10)
)) (/usr/share/texlive/texmf-dist/tex/latex/pgf/utilities/pgffor.sty (/usr/share/texlive/texmf-dist/tex/latex/pgf/utilities/pgfkeys.sty (/usr/share/texlive/texmf-dist/tex/generic/pgf/utilities/pgfkeys.code.tex)) (/usr/share/texlive/texmf-dist/tex/latex/pgf/math/pgfmath.sty (/usr/share/texlive/texmf-dist/tex/generic/pgf/math/pgfmath.code.tex)) (/usr/share/texlive/texmf-dist/tex/generic/pgf/utilities/pgffor.code.tex
Package: pgffor 2023-01-15 v3.1.10 (3.1.10)
\pgffor@iter=\dimen182
\pgffor@skip=\dimen183
\pgffor@stack=\toks28
\pgffor@toks=\toks29
)) (/usr/share/texlive/texmf-dist/tex/generic/pgf/frontendlayer/tikz/tikz.code.tex
Package: tikz 2023-01-15 v3.1.10 (3.1.10)
 (/usr/share/texlive/texmf-dist/tex/generic/pgf/libraries/pgflibraryplothandlers.code.tex
File: pgflibraryplothandlers.code.tex 2023-01-15 v3.1.10 (3.1.10)
\pgf@plot@mark@count=\count273
\pgfplotmarksize=\dimen184
)
\tikz@lastx=\dimen185
\tikz@lasty=\dimen186
\tikz@lastxsaved=\dimen187
\tikz@lastysaved=\dimen188
\tikz@lastmovetox=\dimen189
\tikz@lastmovetoy=\dimen190
\tikzleveldistance=\dimen191
\tikzsiblingdistance=\dimen192
\tikz@figbox=\box58
\tikz@figbox@bg=\box59
\tikz@tempbox=\box60
\tikz@tempbox@bg=\box61
\tikztreelevel=\count274
\tikznumberofchildren=\count275
\tikznumberofcurrentchild=\count276
\tikz@fig@count=\count277
 (/usr/share/texlive/texmf-dist/tex/generic/pgf/modules/pgfmodulematrix.code.tex
File: pgfmodulematrix.code.tex 2023-01-15 v3.1.10 (3.1.10)
\pgfmatrixcurrentrow=\count278
\pgfmatrixcurrentcolumn=\count279
\pgf@matrix@numberofcolumns=\count280
)
\tikz@expandcount=\count281
 (/usr/share/texlive/texmf-dist/tex/generic/pgf/frontendlayer/tikz/libraries/tikzlibrarytopaths.code.tex
File: tikzlibrarytopaths.code.tex 2023-01-15 v3.1.10 (3.1.10)
))) (/usr/share/texlive/texmf-dist/tex/latex/tcolorbox/tcolorbox.sty
Package: tcolorbox 2024/01/10 version 6.2.0 text color boxes
 (/usr/share/texlive/texmf-dist/tex/latex/tools/verbatim.sty
Package: verbatim 2023-11-06 v1.5v LaTeX2e package for verbatim enhancements
\every@verbatim=\toks30
\verbatim@line=\toks31
\verbatim@in@stream=\read3
) (/usr/share/texlive/texmf-dist/tex/latex/environ/environ.sty
Package: environ 2014/05/04 v0.3 A new way to define environments

(/usr/share/texlive/texmf-dist/tex/latex/trimspaces/trimspaces.sty
Package: trimspaces 2009/09/17 v1.1 Trim spaces around a token list
)
\@envbody=\toks32
) (/usr/share/texlive/texmf-dist/tex/latex/etoolbox/etoolbox.sty
Package: etoolbox 2020/10/05 v2.5k e-TeX tools for LaTeX (JAW)
\etb@tempcnta=\count282
)
\tcb@titlebox=\box62
\tcb@upperbox=\box63
\tcb@lowerbox=\box64
\tcb@phantombox=\box65
\c@tcbbreakpart=\count283
\c@tcblayer=\count284
\c@tcolorbox@number=\count285
\l__tcobox_tmpa_box=\box66
\l__tcobox_tmpa_dim=\dimen193
\tcb@temp=\box67
\tcb@temp=\box68
\tcb@temp=\box69
\tcb@temp=\box70
) (/usr/share/texlive/texmf-dist/tex/latex/tools/array.sty
Package: array 2023/10/16 v2.5g Tabular extension package (FMi)
\col@sep=\dimen194
\ar@mcellbox=\box71
\extrarowheight=\dimen195
\NC@list=\toks33
\extratabsurround=\skip50
\backup@length=\skip51
\ar@cellbox=\box72
) (/usr/share/texlive/texmf-dist/tex/latex/booktabs/booktabs.sty
Package: booktabs 2020/01/12 v1.61803398 Publication quality tables
\heavyrulewidth=\dimen196
\lightrulewidth=\dimen197
\cmidrulewidth=\dimen198
\belowrulesep=\dimen199
\belowbottomsep=\dimen256
\aboverulesep=\dimen257
\abovetopsep=\dimen258
\cmidrulesep=\dimen259
\cmidrulekern=\dimen260
\defaultaddspace=\dimen261
\@cmidla=\count286
\@cmidlb=\count287
\@aboverulesep=\dimen262
\@belowrulesep=\dimen263
\@thisruleclass=\count288
\@lastruleclass=\count289
\@thisrulewidth=\dimen264
) (/usr/share/texlive/texmf-dist/tex/latex/geometry/geometry.sty
Package: geometry 2020/01/02 v5.9 Page Geometry
 (/usr/share/texlive/texmf-dist/tex/generic/iftex/ifvtex.sty
Package: ifvtex 2019/10/25 v1.7 ifvtex legacy package. Use iftex instead.
 (/usr/share/texlive/texmf-dist/tex/generic/iftex/iftex.sty
Package: iftex 2022/02/03 v1.0f TeX engine tests
))
\Gm@cnth=\count290
\Gm@cntv=\count291
\c@Gm@tempcnt=\count292
\Gm@bindingoffset=\dimen265
\Gm@wd@mp=\dimen266
\Gm@odd@mp=\dimen267
\Gm@even@mp=\dimen268
\Gm@layoutwidth=\dimen269
\Gm@layoutheight=\dimen270
\Gm@layouthoffset=\dimen271
\Gm@layoutvoffset=\dimen272
\Gm@dimlist=\toks34
) (/usr/share/texlive/texmf-dist/tex/latex/tools/multicol.sty
Package: multicol 2023/03/30 v1.9f multicolumn formatting (FMi)
\c@tracingmulticols=\count293
\mult@box=\box73
\multicol@leftmargin=\dimen273
\c@unbalance=\count294
\c@collectmore=\count295
\doublecol@number=\count296
\multicoltolerance=\count297
\multicolpretolerance=\count298
\full@width=\dimen274
\page@free=\dimen275
\premulticols=\dimen276
\postmulticols=\dimen277
\multicolsep=\skip52
\multicolbaselineskip=\skip53
\partial@page=\box74
\last@line=\box75
\mc@boxedresult=\box76
\maxbalancingoverflow=\dimen278
\mult@rightbox=\box77
\mult@grightbox=\box78
\mult@firstbox=\box79
\mult@gfirstbox=\box80
\@tempa=\box81
\@tempa=\box82
\@tempa=\box83
\@tempa=\box84
\@tempa=\box85
\@tempa=\box86
\@tempa=\box87
\@tempa=\box88
\@tempa=\box89
\@tempa=\box90
\@tempa=\box91
\@tempa=\box92
\@tempa=\box93
\@tempa=\box94
\@tempa=\box95
\@tempa=\box96
\@tempa=\box97
\@tempa=\box98
\@tempa=\box99
\@tempa=\box100
\@tempa=\box101
\@tempa=\box102
\@tempa=\box103
\@tempa=\box104
\@tempa=\box105
\@tempa=\box106
\@tempa=\box107
\@tempa=\box108
\@tempa=\box109
\@tempa=\box110
\@tempa=\box111
\@tempa=\box112
\@tempa=\box113
\@tempa=\box114
\@tempa=\box115
\@tempa=\box116
\c@minrows=\count299
\c@columnbadness=\count300
\c@finalcolumnbadness=\count301
\last@try=\dimen279
\multicolovershoot=\dimen280
\multicolundershoot=\dimen281
\mult@nat@firstbox=\box117
\colbreak@box=\box118
\mc@col@check@num=\count302
) (/usr/share/texlive/texmf-dist/tex/latex/amsmath/amsmath.sty
Package: amsmath 2023/05/13 v2.17o AMS math features
\@mathmargin=\skip54

For additional information on amsmath, use the `?' option.
(/usr/share/texlive/texmf-dist/tex/latex/amsmath/amstext.sty
Package: amstext 2021/08/26 v2.01 AMS text
 (/usr/share/texlive/texmf-dist/tex/latex/amsmath/amsgen.sty
File: amsgen.sty 1999/11/30 v2.0 generic functions
\@emptytoks=\toks35
\ex@=\dimen282
)) (/usr/share/texlive/texmf-dist/tex/latex/amsmath/amsbsy.sty
Package: amsbsy 1999/11/29 v1.2d Bold Symbols
\pmbraise@=\dimen283
) (/usr/share/texlive/texmf-dist/tex/latex/amsmath/amsopn.sty
Package: amsopn 2022/04/08 v2.04 operator names
)
\inf@bad=\count303
LaTeX Info: Redefining \frac on input line 234.
\uproot@=\count304
\leftroot@=\count305
LaTeX Info: Redefining \overline on input line 399.
LaTeX Info: Redefining \colon on input line 410.
\classnum@=\count306
\DOTSCASE@=\count307
LaTeX Info: Redefining \ldots on input line 496.
LaTeX Info: Redefining \dots on input line 499.
LaTeX Info: Redefining \cdots on input line 620.
\Mathstrutbox@=\box119
\strutbox@=\box120
LaTeX Info: Redefining \big on input line 722.
LaTeX Info: Redefining \Big on input line 723.
LaTeX Info: Redefining \bigg on input line 724.
LaTeX Info: Redefining \Bigg on input line 725.
\big@size=\dimen284
LaTeX Font Info:    Redeclaring font encoding OML on input line 743.
LaTeX Font Info:    Redeclaring font encoding OMS on input line 744.
\macc@depth=\count308
LaTeX Info: Redefining \bmod on input line 905.
LaTeX Info: Redefining \pmod on input line 910.
LaTeX Info: Redefining \smash on input line 940.
LaTeX Info: Redefining \relbar on input line 970.
LaTeX Info: Redefining \Relbar on input line 971.
\c@MaxMatrixCols=\count309
\dotsspace@=\muskip16
\c@parentequation=\count310
\dspbrk@lvl=\count311
\tag@help=\toks36
\row@=\count312
\column@=\count313
\maxfields@=\count314
\andhelp@=\toks37
\eqnshift@=\dimen285
\alignsep@=\dimen286
\tagshift@=\dimen287
\tagwidth@=\dimen288
\totwidth@=\dimen289
\lineht@=\dimen290
\@envbody=\toks38
\multlinegap=\skip55
\multlinetaggap=\skip56
\mathdisplay@stack=\toks39
LaTeX Info: Redefining \[ on input line 2953.
LaTeX Info: Redefining \] on input line 2954.
) (/usr/share/texlive/texmf-dist/tex/latex/pgfplots/pgfplots.sty (/usr/share/texlive/texmf-dist/tex/generic/pgfplots/pgfplots.revision.tex)
Package: pgfplots 2021/05/15 v1.18.1 Data Visualization (1.18.1)
 (/usr/share/texlive/texmf-dist/tex/generic/pgfplots/pgfplots.code.tex (/usr/share/texlive/texmf-dist/tex/generic/pgfplots/pgfplotscore.code.tex
\t@pgfplots@toka=\toks40
\t@pgfplots@tokb=\toks41
\t@pgfplots@tokc=\toks42
\pgfplots@tmpa=\dimen291
\c@pgfplots@coordindex=\count315
\c@pgfplots@scanlineindex=\count316
 (/usr/share/texlive/texmf-dist/tex/generic/pgfplots/sys/pgfplotssysgeneric.code.tex)) (/usr/share/texlive/texmf-dist/tex/generic/pgfplots/libs/pgfplotslibrary.code.tex) (/usr/share/texlive/texmf-dist/tex/generic/pgfplots/oldpgfcompatib/pgfplotsoldpgfsupp_loader.code.tex (/usr/share/texlive/texmf-dist/tex/generic/pgf/libraries/pgflibraryfpu.code.tex)
Package pgfplots: loading complementary utilities for your pgf version...
\t@pgf@toka=\toks43
\t@pgf@tokb=\toks44
\t@pgf@tokc=\toks45
(/usr/share/texlive/texmf-dist/tex/generic/pgfplots/oldpgfcompatib/pgfplotsoldpgfsupp_pgfutil-common-lists.tex)) (/usr/share/texlive/texmf-dist/tex/generic/pgfplots/util/pgfplotsutil.code.tex (/usr/share/texlive/texmf-dist/tex/generic/pgfplots/liststructure/pgfplotsliststructure.code.tex) (/usr/share/texlive/texmf-dist/tex/generic/pgfplots/liststructure/pgfplotsliststructureext.code.tex) (/usr/share/texlive/texmf-dist/tex/generic/pgfplots/liststructure/pgfplotsarray.code.tex
\c@pgfplotsarray@tmp=\count317
) (/usr/share/texlive/texmf-dist/tex/generic/pgfplots/liststructure/pgfplotsmatrix.code.tex) (/usr/share/texlive/texmf-dist/tex/generic/pgfplots/numtable/pgfplotstableshared.code.tex
\c@pgfplotstable@counta=\count318
\t@pgfplotstable@a=\toks46
) (/usr/share/texlive/texmf-dist/tex/generic/pgfplots/liststructure/pgfplotsdeque.code.tex) (/usr/share/texlive/texmf-dist/tex/generic/pgfplots/util/pgfplotsbinary.code.tex (/usr/share/texlive/texmf-dist/tex/generic/pgfplots/util/pgfplotsbinary.data.code.tex)) (/usr/share/texlive/texmf-dist/tex/generic/pgfplots/util/pgfplotsutil.verb.code.tex) (/usr/share/texlive/texmf-dist/tex/generic/pgfplots/libs/pgflibrarypgfplots.surfshading.code.tex
\c@pgfplotslibrarysurf@no=\count319
 (/usr/share/texlive/texmf-dist/tex/generic/pgfplots/sys/pgflibrarypgfplots.surfshading.pgfsys-pdftex.def))) (/usr/share/texlive/texmf-dist/tex/generic/pgfplots/util/pgfplotscolormap.code.tex (/usr/share/texlive/texmf-dist/tex/generic/pgfplots/util/pgfplotscolor.code.tex)) (/usr/share/texlive/texmf-dist/tex/generic/pgfplots/pgfplotsstackedplots.code.tex) (/usr/share/texlive/texmf-dist/tex/generic/pgfplots/pgfplotsplothandlers.code.tex (/usr/share/texlive/texmf-dist/tex/generic/pgfplots/pgfplotsmeshplothandler.code.tex (/usr/share/texlive/texmf-dist/tex/generic/pgfplots/pgfplotsmeshplotimage.code.tex))) (/usr/share/texlive/texmf-dist/tex/generic/pgfplots/pgfplots.scaling.code.tex) (/usr/share/texlive/texmf-dist/tex/generic/pgfplots/pgfplotscoordprocessing.code.tex) (/usr/share/texlive/texmf-dist/tex/generic/pgfplots/pgfplots.errorbars.code.tex)
(/usr/share/texlive/texmf-dist/tex/generic/pgfplots/pgfplots.markers.code.tex) (/usr/share/texlive/texmf-dist/tex/generic/pgfplots/pgfplotsticks.code.tex) (/usr/share/texlive/texmf-dist/tex/generic/pgfplots/pgfplots.paths.code.tex) (/usr/share/texlive/texmf-dist/tex/generic/pgf/frontendlayer/tikz/libraries/tikzlibrarydecorations.code.tex (/usr/share/texlive/texmf-dist/tex/generic/pgf/modules/pgfmoduledecorations.code.tex
\pgfdecoratedcompleteddistance=\dimen292
\pgfdecoratedremainingdistance=\dimen293
\pgfdecoratedinputsegmentcompleteddistance=\dimen294
\pgfdecoratedinputsegmentremainingdistance=\dimen295
\pgf@decorate@distancetomove=\dimen296
\pgf@decorate@repeatstate=\count320
\pgfdecorationsegmentamplitude=\dimen297
\pgfdecorationsegmentlength=\dimen298
)
\tikz@lib@dec@box=\box121
) (/usr/share/texlive/texmf-dist/tex/generic/pgf/frontendlayer/tikz/libraries/tikzlibrarydecorations.pathmorphing.code.tex (/usr/share/texlive/texmf-dist/tex/generic/pgf/libraries/decorations/pgflibrarydecorations.pathmorphing.code.tex)) (/usr/share/texlive/texmf-dist/tex/generic/pgf/frontendlayer/tikz/libraries/tikzlibrarydecorations.pathreplacing.code.tex (/usr/share/texlive/texmf-dist/tex/generic/pgf/libraries/decorations/pgflibrarydecorations.pathreplacing.code.tex)) (/usr/share/texlive/texmf-dist/tex/generic/pgfplots/libs/tikzlibrarypgfplots.contourlua.code.tex)
\pgfplots@numplots=\count321
\pgfplots@xmin@reg=\dimen299
\pgfplots@xmax@reg=\dimen300
\pgfplots@ymin@reg=\dimen301
\pgfplots@ymax@reg=\dimen302
\pgfplots@zmin@reg=\dimen303
\pgfplots@zmax@reg=\dimen304
) (/usr/share/texlive/texmf-dist/tex/generic/pgf/frontendlayer/tikz/libraries/tikzlibraryplotmarks.code.tex
File: tikzlibraryplotmarks.code.tex 2023-01-15 v3.1.10 (3.1.10)
 (/usr/share/texlive/texmf-dist/tex/generic/pgf/libraries/pgflibraryplotmarks.code.tex
File: pgflibraryplotmarks.code.tex 2023-01-15 v3.1.10 (3.1.10)
))) (/usr/share/texlive/texmf-dist/tex/latex/makecell/makecell.sty
Package: makecell 2009/08/03 V0.1e Managing of Tab Column Heads and Cells
\rotheadsize=\dimen305
\c@nlinenum=\count322
\TeXr@lab=\toks47
) (/usr/share/texlive/texmf-dist/tex/generic/pgf/frontendlayer/tikz/libraries/tikzlibrarypatterns.code.tex
File: tikzlibrarypatterns.code.tex 2023-01-15 v3.1.10 (3.1.10)
 (/usr/share/texlive/texmf-dist/tex/generic/pgf/libraries/pgflibrarypatterns.code.tex
File: pgflibrarypatterns.code.tex 2023-01-15 v3.1.10 (3.1.10)
)) (/usr/share/texlive/texmf-dist/tex/latex/tcolorbox/tcbskins.code.tex
Library (tcolorbox): 'tcbskins.code.tex' version '6.2.0'
(/usr/share/texlive/texmf-dist/tex/latex/tikzfill/tikzfill.image.sty
Package: tikzfill.image 2023/08/08 v1.0.1 Image filling library for TikZ
 (/usr/share/texlive/texmf-dist/tex/latex/tikzfill/tikzfill-common.sty
Package: tikzfill-common 2023/08/08 v1.0.1 Auxiliary code for tikzfill
) (/usr/share/texlive/texmf-dist/tex/latex/tikzfill/tikzlibraryfill.image.code.tex
File: tikzlibraryfill.image.code.tex 2023/08/08 v1.0.1 Image filling library
\l__tikzfill_img_box=\box122
)) (/usr/share/texlive/texmf-dist/tex/latex/tcolorbox/tcbskinsjigsaw.code.tex
Library (tcolorbox): 'tcbskinsjigsaw.code.tex' version '6.2.0'
)) (/usr/share/texlive/texmf-dist/tex/latex/tcolorbox/tcbbreakable.code.tex
Library (tcolorbox): 'tcbbreakable.code.tex' version '6.2.0'
(/usr/share/texlive/texmf-dist/tex/latex/pdfcol/pdfcol.sty
Package: pdfcol 2022-09-21 v1.7 Handle new color stacks for pdfTeX (HO)
 (/usr/share/texlive/texmf-dist/tex/generic/ltxcmds/ltxcmds.sty
Package: ltxcmds 2023-12-04 v1.26 LaTeX kernel commands for general use (HO)
) (/usr/share/texlive/texmf-dist/tex/generic/infwarerr/infwarerr.sty
Package: infwarerr 2019/12/03 v1.5 Providing info/warning/error messages (HO)
))
Package pdfcol Info: New color stack `tcb@breakable' = 1 on input line 23.
\tcb@testbox=\box123
\tcb@totalupperbox=\box124
\tcb@totallowerbox=\box125
) (/usr/share/texlive/texmf-dist/tex/latex/tcolorbox/tcbtheorems.code.tex
Library (tcolorbox): 'tcbtheorems.code.tex' version '6.2.0'
) (/usr/share/texlive/texmf-dist/tex/latex/l3backend/l3backend-pdftex.def
File: l3backend-pdftex.def 2024-01-04 L3 backend support: PDF output (pdfTeX)
\l__color_backend_stack_int=\count323
\l__pdf_internal_box=\box126
) (./OT.aux)
\openout1 = `OT.aux'.

LaTeX Font Info:    Checking defaults for OML/cmm/m/it on input line 39.
LaTeX Font Info:    ... okay on input line 39.
LaTeX Font Info:    Checking defaults for OMS/cmsy/m/n on input line 39.
LaTeX Font Info:    ... okay on input line 39.
LaTeX Font Info:    Checking defaults for OT1/cmr/m/n on input line 39.
LaTeX Font Info:    ... okay on input line 39.
LaTeX Font Info:    Checking defaults for T1/cmr/m/n on input line 39.
LaTeX Font Info:    ... okay on input line 39.
LaTeX Font Info:    Checking defaults for TS1/cmr/m/n on input line 39.
LaTeX Font Info:    ... okay on input line 39.
LaTeX Font Info:    Checking defaults for OMX/cmex/m/n on input line 39.
LaTeX Font Info:    ... okay on input line 39.
LaTeX Font Info:    Checking defaults for U/cmr/m/n on input line 39.
LaTeX Font Info:    ... okay on input line 39.
 (/usr/share/texlive/texmf-dist/tex/context/base/mkii/supp-pdf.mkii
[Loading MPS to PDF converter (version 2006.09.02).]
\scratchcounter=\count324
\scratchdimen=\dimen306
\scratchbox=\box127
\nofMPsegments=\count325
\nofMParguments=\count326
\everyMPshowfont=\toks48
\MPscratchCnt=\count327
\MPscratchDim=\dimen307
\MPnumerator=\count328
\makeMPintoPDFobject=\count329
\everyMPtoPDFconversion=\toks49
) (/usr/share/texlive/texmf-dist/tex/latex/epstopdf-pkg/epstopdf-base.sty
Package: epstopdf-base 2020-01-24 v2.11 Base part for package epstopdf
Package epstopdf-base Info: Redefining graphics rule for `.eps' on input line 485.
 (/usr/share/texlive/texmf-dist/tex/latex/latexconfig/epstopdf-sys.cfg
File: epstopdf-sys.cfg 2010/07/13 v1.3 Configuration of (r)epstopdf for TeX Live
))
*geometry* driver: auto-detecting
*geometry* detected driver: pdftex
*geometry* verbose mode - [ preamble ] result:
* driver: pdftex
* paper: custom
* layout: <same size as paper>
* layoutoffset:(h,v)=(0.0pt,0.0pt)
* modes: 
* h-part:(L,W,R)=(56.9055pt, 597.50789pt, 56.9055pt)
* v-part:(T,H,B)=(56.9055pt, 611.73427pt, 56.9055pt)
* \paperwidth=711.3189pt
* \paperheight=725.54527pt
* \textwidth=597.50789pt
* \textheight=611.73427pt
* \oddsidemargin=-15.36449pt
* \evensidemargin=-15.36449pt
* \topmargin=-52.36449pt
* \headheight=12.0pt
* \headsep=25.0pt
* \topskip=10.0pt
* \footskip=30.0pt
* \marginparwidth=65.0pt
* \marginparsep=11.0pt
* \columnsep=10.0pt
* \skip\footins=9.0pt plus 4.0pt minus 2.0pt
* \hoffset=0.0pt
* \voffset=0.0pt
* \mag=1000
* \@twocolumnfalse
* \@twosidefalse
* \@mparswitchfalse
* \@reversemarginfalse
* (1in=72.27pt=25.4mm, 1cm=28.453pt)


Package pgfplots Warning: running in backwards compatibility mode (unsuitable tick labels; missing features). Consider writing \pgfplotsset{compat=1.18} into your preamble.
 on input line 39.

(./Chapters/Operations research.tex [1

{/var/lib/texmf/fonts/map/pdftex/updmap/pdftex.map}{/usr/share/texmf/fonts/enc/dvips/cm-super/cm-super-ts1.enc}]) (./Chapters/Linear Programming.tex [2]
LaTeX Font Info:    Trying to load font information for OMS+cmr on input line 40.
 (/usr/share/texlive/texmf-dist/tex/latex/base/omscmr.fd
File: omscmr.fd 2023/04/13 v2.5m Standard LaTeX font definitions
)
LaTeX Font Info:    Font shape `OMS/cmr/m/n' in size <10> not available
(Font)              Font shape `OMS/cmsy/m/n' tried instead on input line 40.
 [3]
Underfull \hbox (badness 10000) in paragraph at lines 102--103

 []


Underfull \hbox (badness 10000) in paragraph at lines 104--105

 []


Underfull \hbox (badness 10000) in paragraph at lines 132--133

 []

[4] [5]
Underfull \hbox (badness 10000) in paragraph at lines 231--232

 []


Underfull \hbox (badness 10000) in paragraph at lines 233--234

 []

[6] [7] [8]
Underfull \hbox (badness 10000) in paragraph at lines 504--505

 []


Underfull \hbox (badness 10000) in paragraph at lines 506--507

 []

[9] [10]
Underfull \hbox (badness 10000) in paragraph at lines 642--643

 []


Overfull \hbox (31.53203pt too wide) detected at line 671
[]
 []

[11]
Underfull \hbox (badness 10000) in paragraph at lines 691--692

 []


Overfull \hbox (31.53203pt too wide) detected at line 724
[]
 []

[12] [13]
./Chapters/Linear Programming.tex:850: Missing $ inserted.
<inserted text> 
                $
l.850 \boldsymbol{\leq}
                        \textbf{Constraint}
I've inserted a begin-math/end-math symbol since I think
you left one out. Proceed, with fingers crossed.

./Chapters/Linear Programming.tex:850: Missing $ inserted.
<inserted text> 
                $
l.850 \boldsymbol{\leq}
                        \textbf{Constraint}
I've inserted something that you may have forgotten.
(See the <inserted text> above.)
With luck, this will get me unwedged. But if you
really didn't forget anything, try typing `2' now; then
my insertion and my current dilemma will both disappear.

./Chapters/Linear Programming.tex:854: Missing $ inserted.
<inserted text> 
                $
l.854 \boldsymbol{\geq}
                        \textbf{Constraint}
I've inserted a begin-math/end-math symbol since I think
you left one out. Proceed, with fingers crossed.

./Chapters/Linear Programming.tex:854: Missing $ inserted.
<inserted text> 
                $
l.854 \boldsymbol{\geq}
                        \textbf{Constraint}
I've inserted something that you may have forgotten.
(See the <inserted text> above.)
With luck, this will get me unwedged. But if you
really didn't forget anything, try typing `2' now; then
my insertion and my current dilemma will both disappear.



pdfTeX warning: pdflatex (file ./Chapters/Diagram/simplexe.drawio.pdf): PDF inclusion: found PDF version <1.7>, but at most version <1.5> allowed
<Chapters/Diagram/simplexe.drawio.pdf, id=60, 104.45007pt x 243.58405pt>
File: Chapters/Diagram/simplexe.drawio.pdf Graphic file (type pdf)
<use Chapters/Diagram/simplexe.drawio.pdf>
Package pdftex.def Info: Chapters/Diagram/simplexe.drawio.pdf  used on input line 900.
(pdftex.def)             Requested size: 236.10059pt x 550.5571pt.
[14] [15 <./Chapters/Diagram/simplexe.drawio.pdf>] [16]

pdfTeX warning: pdflatex (file ./Chapters/Simplexe/table.pdf): PDF inclusion: found PDF version <1.7>, but at most version <1.5> allowed
<Chapters/Simplexe/table.pdf, id=77, 487.74222pt x 174.19379pt>
File: Chapters/Simplexe/table.pdf Graphic file (type pdf)
<use Chapters/Simplexe/table.pdf>
Package pdftex.def Info: Chapters/Simplexe/table.pdf  used on input line 1012.
(pdftex.def)             Requested size: 487.74103pt x 174.19334pt.
[17]

pdfTeX warning: pdflatex (file ./Chapters/Simplexe/leg.drawio.pdf): PDF inclusion: found PDF version <1.7>, but at most version <1.5> allowed
<Chapters/Simplexe/leg.drawio.pdf, id=82, 181.25316pt x 166.97281pt>
File: Chapters/Simplexe/leg.drawio.pdf Graphic file (type pdf)
<use Chapters/Simplexe/leg.drawio.pdf>
Package pdftex.def Info: Chapters/Simplexe/leg.drawio.pdf  used on input line 1018.
(pdftex.def)             Requested size: 268.87672pt x 247.6942pt.
[18 <./Chapters/Simplexe/table.pdf> <./Chapters/Simplexe/leg.drawio.pdf>]

pdfTeX warning: pdflatex (file ./Chapters/Simplexe/basis.pdf): PDF inclusion: found PDF version <1.7>, but at most version <1.5> allowed
<Chapters/Simplexe/basis.pdf, id=110, 516.24571pt x 186.86212pt>
File: Chapters/Simplexe/basis.pdf Graphic file (type pdf)
<use Chapters/Simplexe/basis.pdf>
Package pdftex.def Info: Chapters/Simplexe/basis.pdf  used on input line 1049.
(pdftex.def)             Requested size: 516.24445pt x 186.86165pt.
[19 <./Chapters/Simplexe/basis.pdf>]

pdfTeX warning: pdflatex (file ./Chapters/Simplexe/pivot.pdf): PDF inclusion: found PDF version <1.7>, but at most version <1.5> allowed
<Chapters/Simplexe/pivot.pdf, id=130, 495.13182pt x 173.13783pt>
File: Chapters/Simplexe/pivot.pdf Graphic file (type pdf)
<use Chapters/Simplexe/pivot.pdf>
Package pdftex.def Info: Chapters/Simplexe/pivot.pdf  used on input line 1096.
(pdftex.def)             Requested size: 495.1306pt x 173.1374pt.
[20 <./Chapters/Simplexe/pivot.pdf>] [21]
Overfull \hbox (42.09018pt too wide) detected at line 1175
\OML/cmm/m/it/10 Z[] \OT1/cmr/m/n/10 = []
 []



pdfTeX warning: pdflatex (file ./Chapters/Simplexe/EX/EX1/ex1.1.pdf): PDF inclusion: found PDF version <1.7>, but at most version <1.5> allowed
<Chapters/Simplexe/EX/EX1/ex1.1.pdf, id=150, 490.09698pt x 150.16702pt>
File: Chapters/Simplexe/EX/EX1/ex1.1.pdf Graphic file (type pdf)
<use Chapters/Simplexe/EX/EX1/ex1.1.pdf>
Package pdftex.def Info: Chapters/Simplexe/EX/EX1/ex1.1.pdf  used on input line 1187.
(pdftex.def)             Requested size: 490.09578pt x 150.16666pt.


pdfTeX warning: pdflatex (file ./Chapters/Simplexe/EX/EX1/ex1.2.pdf): PDF inclusion: found PDF version <1.7>, but at most version <1.5> allowed
<Chapters/Simplexe/EX/EX1/ex1.2.pdf, id=151, 517.29958pt x 158.33958pt>
File: Chapters/Simplexe/EX/EX1/ex1.2.pdf Graphic file (type pdf)
<use Chapters/Simplexe/EX/EX1/ex1.2.pdf>
Package pdftex.def Info: Chapters/Simplexe/EX/EX1/ex1.2.pdf  used on input line 1203.
(pdftex.def)             Requested size: 517.29831pt x 158.33919pt.


pdfTeX warning: pdflatex (file ./Chapters/Simplexe/EX/EX1/ex1.3.pdf): PDF inclusion: found PDF version <1.7>, but at most version <1.5> allowed
<Chapters/Simplexe/EX/EX1/ex1.3.pdf, id=152, 487.73712pt x 146.73087pt>
File: Chapters/Simplexe/EX/EX1/ex1.3.pdf Graphic file (type pdf)
<use Chapters/Simplexe/EX/EX1/ex1.3.pdf>
Package pdftex.def Info: Chapters/Simplexe/EX/EX1/ex1.3.pdf  used on input line 1207.
(pdftex.def)             Requested size: 487.73593pt x 146.73048pt.
[22 <./Chapters/Simplexe/EX/EX1/ex1.1.pdf> <./Chapters/Simplexe/EX/EX1/ex1.2.pdf>]

pdfTeX warning: pdflatex (file ./Chapters/Simplexe/EX/EX1/ex1.4.pdf): PDF inclusion: found PDF version <1.7>, but at most version <1.5> allowed
<Chapters/Simplexe/EX/EX1/ex1.4.pdf, id=170, 505.66237pt x 164.68456pt>
File: Chapters/Simplexe/EX/EX1/ex1.4.pdf Graphic file (type pdf)
<use Chapters/Simplexe/EX/EX1/ex1.4.pdf>
Package pdftex.def Info: Chapters/Simplexe/EX/EX1/ex1.4.pdf  used on input line 1223.
(pdftex.def)             Requested size: 505.66113pt x 164.68414pt.
[23 <./Chapters/Simplexe/EX/EX1/ex1.3.pdf> <./Chapters/Simplexe/EX/EX1/ex1.4.pdf>]

pdfTeX warning: pdflatex (file ./Chapters/Simplexe/EX/EX1/ex1.5.pdf): PDF inclusion: found PDF version <1.7>, but at most version <1.5> allowed
<Chapters/Simplexe/EX/EX1/ex1.5.pdf, id=186, 486.65594pt x 148.8079pt>
File: Chapters/Simplexe/EX/EX1/ex1.5.pdf Graphic file (type pdf)
<use Chapters/Simplexe/EX/EX1/ex1.5.pdf>
Package pdftex.def Info: Chapters/Simplexe/EX/EX1/ex1.5.pdf  used on input line 1228.
(pdftex.def)             Requested size: 486.65475pt x 148.80754pt.
./Chapters/Linear Programming.tex:1284: Missing $ inserted.
<inserted text> 
                $
l.1284 
       
I've inserted a begin-math/end-math symbol since I think
you left one out. Proceed, with fingers crossed.

./Chapters/Linear Programming.tex:1284: Display math should end with $$.
<to be read again> 
                   \tex_par:D 
l.1284 
       
The `$' that I just saw supposedly matches a previous `$$'.
So I shall assume that you typed `$$' both times.


./Chapters/Linear Programming.tex:1287: LaTeX Error: Bad math environment delimiter.

See the LaTeX manual or LaTeX Companion for explanation.
Type  H <return>  for immediate help.
 ...                                              
                                                  
l.1287 \]
         
Your command was ignored.
Type  I <command> <return>  to replace it with another command,
or  <return>  to continue without it.

./Chapters/Linear Programming.tex:1287: Missing $ inserted.
<inserted text> 
                $
l.1287 \]
         
I've inserted something that you may have forgotten.
(See the <inserted text> above.)
With luck, this will get me unwedged. But if you
really didn't forget anything, try typing `2' now; then
my insertion and my current dilemma will both disappear.

./Chapters/Linear Programming.tex:1287: Display math should end with $$.
<to be read again> 
                   \endgroup 
l.1287 \]
         
The `$' that I just saw supposedly matches a previous `$$'.
So I shall assume that you typed `$$' both times.

[24 <./Chapters/Simplexe/EX/EX1/ex1.5.pdf>]

pdfTeX warning: pdflatex (file ./Chapters/Simplexe/EX/EX2/ex2.1.pdf): PDF inclusion: found PDF version <1.7>, but at most version <1.5> allowed
<Chapters/Simplexe/EX/EX2/ex2.1.pdf, id=197, 493.0009pt x 153.07582pt>
File: Chapters/Simplexe/EX/EX2/ex2.1.pdf Graphic file (type pdf)
<use Chapters/Simplexe/EX/EX2/ex2.1.pdf>
Package pdftex.def Info: Chapters/Simplexe/EX/EX2/ex2.1.pdf  used on input line 1327.
(pdftex.def)             Requested size: 492.99968pt x 153.07544pt.
[25 <./Chapters/Simplexe/EX/EX2/ex2.1.pdf>]

pdfTeX warning: pdflatex (file ./Chapters/Simplexe/EX/EX2/ex2.2.pdf): PDF inclusion: found PDF version <1.7>, but at most version <1.5> allowed
<Chapters/Simplexe/EX/EX2/ex2.2.pdf, id=208, 516.21832pt x 167.81436pt>
File: Chapters/Simplexe/EX/EX2/ex2.2.pdf Graphic file (type pdf)
<use Chapters/Simplexe/EX/EX2/ex2.2.pdf>
Package pdftex.def Info: Chapters/Simplexe/EX/EX2/ex2.2.pdf  used on input line 1343.
(pdftex.def)             Requested size: 516.21706pt x 167.81393pt.


pdfTeX warning: pdflatex (file ./Chapters/Simplexe/EX/EX2/ex2.3.pdf): PDF inclusion: found PDF version <1.7>, but at most version <1.5> allowed
<Chapters/Simplexe/EX/EX2/ex2.3.pdf, id=209, 494.05367pt x 151.99463pt>
File: Chapters/Simplexe/EX/EX2/ex2.3.pdf Graphic file (type pdf)
<use Chapters/Simplexe/EX/EX2/ex2.3.pdf>
Package pdftex.def Info: Chapters/Simplexe/EX/EX2/ex2.3.pdf  used on input line 1356.
(pdftex.def)             Requested size: 494.05244pt x 151.99425pt.


pdfTeX warning: pdflatex (file ./Chapters/Simplexe/EX/EX2/ex2.4.pdf): PDF inclusion: found PDF version <1.7>, but at most version <1.5> allowed
<Chapters/Simplexe/EX/EX2/ex2.4.pdf, id=210, 513.0601pt x 169.9483pt>
File: Chapters/Simplexe/EX/EX2/ex2.4.pdf Graphic file (type pdf)
<use Chapters/Simplexe/EX/EX2/ex2.4.pdf>
Package pdftex.def Info: Chapters/Simplexe/EX/EX2/ex2.4.pdf  used on input line 1371.
(pdftex.def)             Requested size: 513.05885pt x 169.94788pt.
[26 <./Chapters/Simplexe/EX/EX2/ex2.2.pdf> <./Chapters/Simplexe/EX/EX2/ex2.3.pdf>]

pdfTeX warning: pdflatex (file ./Chapters/Simplexe/EX/EX2/ex2.5.pdf): PDF inclusion: found PDF version <1.7>, but at most version <1.5> allowed
<Chapters/Simplexe/EX/EX2/ex2.5.pdf, id=226, 493.0009pt x 148.83636pt>
File: Chapters/Simplexe/EX/EX2/ex2.5.pdf Graphic file (type pdf)
<use Chapters/Simplexe/EX/EX2/ex2.5.pdf>
Package pdftex.def Info: Chapters/Simplexe/EX/EX2/ex2.5.pdf  used on input line 1387.
(pdftex.def)             Requested size: 492.99968pt x 148.836pt.


pdfTeX warning: pdflatex (file ./Chapters/Simplexe/EX/EX2/ex2.6.pdf): PDF inclusion: found PDF version <1.7>, but at most version <1.5> allowed
<Chapters/Simplexe/EX/EX2/ex2.6.pdf, id=227, 513.0601pt x 166.79005pt>
File: Chapters/Simplexe/EX/EX2/ex2.6.pdf Graphic file (type pdf)
<use Chapters/Simplexe/EX/EX2/ex2.6.pdf>
Package pdftex.def Info: Chapters/Simplexe/EX/EX2/ex2.6.pdf  used on input line 1402.
(pdftex.def)             Requested size: 513.05885pt x 166.78964pt.
[27 <./Chapters/Simplexe/EX/EX2/ex2.4.pdf> <./Chapters/Simplexe/EX/EX2/ex2.5.pdf>]

pdfTeX warning: pdflatex (file ./Chapters/Simplexe/EX/EX2/ex2.7.pdf): PDF inclusion: found PDF version <1.7>, but at most version <1.5> allowed
<Chapters/Simplexe/EX/EX2/ex2.7.pdf, id=243, 500.39864pt x 153.07582pt>
File: Chapters/Simplexe/EX/EX2/ex2.7.pdf Graphic file (type pdf)
<use Chapters/Simplexe/EX/EX2/ex2.7.pdf>
Package pdftex.def Info: Chapters/Simplexe/EX/EX2/ex2.7.pdf  used on input line 1417.
(pdftex.def)             Requested size: 500.39742pt x 153.07544pt.
[28 <./Chapters/Simplexe/EX/EX2/ex2.6.pdf> <./Chapters/Simplexe/EX/EX2/ex2.7.pdf>] [29]

pdfTeX warning: pdflatex (file ./Chapters/Simplexe/EX/EX3/ex3.1.pdf): PDF inclusion: found PDF version <1.7>, but at most version <1.5> allowed
<Chapters/Simplexe/EX/EX3/ex3.1.pdf, id=263, 494.05367pt x 131.96388pt>
File: Chapters/Simplexe/EX/EX3/ex3.1.pdf Graphic file (type pdf)
<use Chapters/Simplexe/EX/EX3/ex3.1.pdf>
Package pdftex.def Info: Chapters/Simplexe/EX/EX3/ex3.1.pdf  used on input line 1499.
(pdftex.def)             Requested size: 494.05244pt x 131.96355pt.


pdfTeX warning: pdflatex (file ./Chapters/Simplexe/EX/EX3/ex3.2.pdf): PDF inclusion: found PDF version <1.7>, but at most version <1.5> allowed
<Chapters/Simplexe/EX/EX3/ex3.2.pdf, id=264, 514.11285pt x 151.99463pt>
File: Chapters/Simplexe/EX/EX3/ex3.2.pdf Graphic file (type pdf)
<use Chapters/Simplexe/EX/EX3/ex3.2.pdf>
Package pdftex.def Info: Chapters/Simplexe/EX/EX3/ex3.2.pdf  used on input line 1517.
(pdftex.def)             Requested size: 514.1116pt x 151.99425pt.


pdfTeX warning: pdflatex (file ./Chapters/Simplexe/EX/EX3/ex3.3.pdf): PDF inclusion: found PDF version <1.7>, but at most version <1.5> allowed
<Chapters/Simplexe/EX/EX3/ex3.3.pdf, id=265, 497.24037pt x 136.17488pt>
File: Chapters/Simplexe/EX/EX3/ex3.3.pdf Graphic file (type pdf)
<use Chapters/Simplexe/EX/EX3/ex3.3.pdf>
Package pdftex.def Info: Chapters/Simplexe/EX/EX3/ex3.3.pdf  used on input line 1533.
(pdftex.def)             Requested size: 497.23915pt x 136.17455pt.
[30 <./Chapters/Simplexe/EX/EX3/ex3.1.pdf> <./Chapters/Simplexe/EX/EX3/ex3.2.pdf>]

pdfTeX warning: pdflatex (file ./Chapters/Simplexe/EX/EX3/ex3.4.pdf): PDF inclusion: found PDF version <1.7>, but at most version <1.5> allowed
<Chapters/Simplexe/EX/EX3/ex3.4.pdf, id=281, 516.21832pt x 139.33315pt>
File: Chapters/Simplexe/EX/EX3/ex3.4.pdf Graphic file (type pdf)
<use Chapters/Simplexe/EX/EX3/ex3.4.pdf>
Package pdftex.def Info: Chapters/Simplexe/EX/EX3/ex3.4.pdf  used on input line 1551.
(pdftex.def)             Requested size: 516.21706pt x 139.3328pt.


pdfTeX warning: pdflatex (file ./Chapters/Simplexe/EX/EX3/ex3.5.pdf): PDF inclusion: found PDF version <1.7>, but at most version <1.5> allowed
<Chapters/Simplexe/EX/EX3/ex3.5.pdf, id=282, 497.24037pt x 134.06938pt>
File: Chapters/Simplexe/EX/EX3/ex3.5.pdf Graphic file (type pdf)
<use Chapters/Simplexe/EX/EX3/ex3.5.pdf>
Package pdftex.def Info: Chapters/Simplexe/EX/EX3/ex3.5.pdf  used on input line 1566.
(pdftex.def)             Requested size: 497.23915pt x 134.06905pt.
[31 <./Chapters/Simplexe/EX/EX3/ex3.3.pdf> <./Chapters/Simplexe/EX/EX3/ex3.4.pdf>] [32 <./Chapters/Simplexe/EX/EX3/ex3.5.pdf>]

pdfTeX warning: pdflatex (file ./Chapters/Simplexe/EX/EX4/ex4.1.pdf): PDF inclusion: found PDF version <1.7>, but at most version <1.5> allowed
<Chapters/Simplexe/EX/EX4/ex4.1.pdf, id=308, 503.55688pt x 151.99463pt>
File: Chapters/Simplexe/EX/EX4/ex4.1.pdf Graphic file (type pdf)
<use Chapters/Simplexe/EX/EX4/ex4.1.pdf>
Package pdftex.def Info: Chapters/Simplexe/EX/EX4/ex4.1.pdf  used on input line 1677.
(pdftex.def)             Requested size: 503.55565pt x 151.99425pt.
[33]

pdfTeX warning: pdflatex (file ./Chapters/Simplexe/EX/EX4/ex4.2.pdf): PDF inclusion: found PDF version <1.7>, but at most version <1.5> allowed
<Chapters/Simplexe/EX/EX4/ex4.2.pdf, id=312, 553.17848pt x 175.24052pt>
File: Chapters/Simplexe/EX/EX4/ex4.2.pdf Graphic file (type pdf)
<use Chapters/Simplexe/EX/EX4/ex4.2.pdf>
Package pdftex.def Info: Chapters/Simplexe/EX/EX4/ex4.2.pdf  used on input line 1697.
(pdftex.def)             Requested size: 553.17712pt x 175.2401pt.


pdfTeX warning: pdflatex (file ./Chapters/Simplexe/EX/EX4/ex4.3.pdf): PDF inclusion: found PDF version <1.7>, but at most version <1.5> allowed
<Chapters/Simplexe/EX/EX4/ex4.3.pdf, id=313, 491.9197pt x 153.07582pt>
File: Chapters/Simplexe/EX/EX4/ex4.3.pdf Graphic file (type pdf)
<use Chapters/Simplexe/EX/EX4/ex4.3.pdf>
Package pdftex.def Info: Chapters/Simplexe/EX/EX4/ex4.3.pdf  used on input line 1717.
(pdftex.def)             Requested size: 491.91849pt x 153.07544pt.
[34 <./Chapters/Simplexe/EX/EX4/ex4.1.pdf> <./Chapters/Simplexe/EX/EX4/ex4.2.pdf>]

pdfTeX warning: pdflatex (file ./Chapters/Simplexe/EX/EX4/ex4.4.pdf): PDF inclusion: found PDF version <1.7>, but at most version <1.5> allowed
<Chapters/Simplexe/EX/EX4/ex4.4.pdf, id=329, 533.1193pt x 164.68456pt>
File: Chapters/Simplexe/EX/EX4/ex4.4.pdf Graphic file (type pdf)
<use Chapters/Simplexe/EX/EX4/ex4.4.pdf>
Package pdftex.def Info: Chapters/Simplexe/EX/EX4/ex4.4.pdf  used on input line 1738.
(pdftex.def)             Requested size: 533.11798pt x 164.68414pt.


pdfTeX warning: pdflatex (file ./Chapters/Simplexe/EX/EX4/ex4.5.pdf): PDF inclusion: found PDF version <1.7>, but at most version <1.5> allowed
<Chapters/Simplexe/EX/EX4/ex4.5.pdf, id=330, 494.05367pt x 155.15288pt>
File: Chapters/Simplexe/EX/EX4/ex4.5.pdf Graphic file (type pdf)
<use Chapters/Simplexe/EX/EX4/ex4.5.pdf>
Package pdftex.def Info: Chapters/Simplexe/EX/EX4/ex4.5.pdf  used on input line 1758.
(pdftex.def)             Requested size: 494.05244pt x 155.15248pt.
[35 <./Chapters/Simplexe/EX/EX4/ex4.3.pdf> <./Chapters/Simplexe/EX/EX4/ex4.4.pdf>]
./Chapters/Linear Programming.tex:1812: Missing $ inserted.
<inserted text> 
                $
l.1812 
       
I've inserted a begin-math/end-math symbol since I think
you left one out. Proceed, with fingers crossed.

./Chapters/Linear Programming.tex:1812: Display math should end with $$.
<to be read again> 
                   \tex_par:D 
l.1812 
       
The `$' that I just saw supposedly matches a previous `$$'.
So I shall assume that you typed `$$' both times.


./Chapters/Linear Programming.tex:1815: LaTeX Error: Bad math environment delimiter.

See the LaTeX manual or LaTeX Companion for explanation.
Type  H <return>  for immediate help.
 ...                                              
                                                  
l.1815 \]
         
Your command was ignored.
Type  I <command> <return>  to replace it with another command,
or  <return>  to continue without it.

./Chapters/Linear Programming.tex:1815: Missing $ inserted.
<inserted text> 
                $
l.1815 \]
         
I've inserted something that you may have forgotten.
(See the <inserted text> above.)
With luck, this will get me unwedged. But if you
really didn't forget anything, try typing `2' now; then
my insertion and my current dilemma will both disappear.

./Chapters/Linear Programming.tex:1815: Display math should end with $$.
<to be read again> 
                   \endgroup 
l.1815 \]
         
The `$' that I just saw supposedly matches a previous `$$'.
So I shall assume that you typed `$$' both times.

[36 <./Chapters/Simplexe/EX/EX4/ex4.5.pdf>]

pdfTeX warning: pdflatex (file ./Chapters/Simplexe/EX/EX5/ex5.1.pdf): PDF inclusion: found PDF version <1.7>, but at most version <1.5> allowed
<Chapters/Simplexe/EX/EX5/ex5.1.pdf, id=355, 499.34587pt x 149.88911pt>
File: Chapters/Simplexe/EX/EX5/ex5.1.pdf Graphic file (type pdf)
<use Chapters/Simplexe/EX/EX5/ex5.1.pdf>
Package pdftex.def Info: Chapters/Simplexe/EX/EX5/ex5.1.pdf  used on input line 1853.
(pdftex.def)             Requested size: 499.34465pt x 149.88875pt.


pdfTeX warning: pdflatex (file ./Chapters/Simplexe/EX/EX5/ex5.2.pdf): PDF inclusion: found PDF version <1.7>, but at most version <1.5> allowed
<Chapters/Simplexe/EX/EX5/ex5.2.pdf, id=356, 521.51056pt x 174.18776pt>
File: Chapters/Simplexe/EX/EX5/ex5.2.pdf Graphic file (type pdf)
<use Chapters/Simplexe/EX/EX5/ex5.2.pdf>
Package pdftex.def Info: Chapters/Simplexe/EX/EX5/ex5.2.pdf  used on input line 1872.
(pdftex.def)             Requested size: 521.50928pt x 174.18732pt.


pdfTeX warning: pdflatex (file ./Chapters/Simplexe/EX/EX5/ex5.3.pdf): PDF inclusion: found PDF version <1.7>, but at most version <1.5> allowed
<Chapters/Simplexe/EX/EX5/ex5.3.pdf, id=357, 495.1064pt x 160.4451pt>
File: Chapters/Simplexe/EX/EX5/ex5.3.pdf Graphic file (type pdf)
<use Chapters/Simplexe/EX/EX5/ex5.3.pdf>
Package pdftex.def Info: Chapters/Simplexe/EX/EX5/ex5.3.pdf  used on input line 1876.
(pdftex.def)             Requested size: 495.10518pt x 160.44469pt.
[37 <./Chapters/Simplexe/EX/EX5/ex5.1.pdf> <./Chapters/Simplexe/EX/EX5/ex5.2.pdf>]

pdfTeX warning: pdflatex (file ./Chapters/Simplexe/EX/EX5/ex5.4.pdf): PDF inclusion: found PDF version <1.7>, but at most version <1.5> allowed
<Chapters/Simplexe/EX/EX5/ex5.4.pdf, id=375, 522.56331pt x 167.8428pt>
File: Chapters/Simplexe/EX/EX5/ex5.4.pdf Graphic file (type pdf)
<use Chapters/Simplexe/EX/EX5/ex5.4.pdf>
Package pdftex.def Info: Chapters/Simplexe/EX/EX5/ex5.4.pdf  used on input line 1893.
(pdftex.def)             Requested size: 522.56203pt x 167.84238pt.
[38 <./Chapters/Simplexe/EX/EX5/ex5.3.pdf> <./Chapters/Simplexe/EX/EX5/ex5.4.pdf>]

pdfTeX warning: pdflatex (file ./Chapters/Simplexe/EX/EX5/ex5.5.pdf): PDF inclusion: found PDF version <1.7>, but at most version <1.5> allowed
<Chapters/Simplexe/EX/EX5/ex5.5.pdf, id=391, 493.0009pt x 157.28683pt>
File: Chapters/Simplexe/EX/EX5/ex5.5.pdf Graphic file (type pdf)
<use Chapters/Simplexe/EX/EX5/ex5.5.pdf>
Package pdftex.def Info: Chapters/Simplexe/EX/EX5/ex5.5.pdf  used on input line 1899.
(pdftex.def)             Requested size: 492.99968pt x 157.28644pt.
[39 <./Chapters/Simplexe/EX/EX5/ex5.5.pdf>]

pdfTeX warning: pdflatex (file ./Chapters/Simplexe/EX/EX6/ex6.1.pdf): PDF inclusion: found PDF version <1.7>, but at most version <1.5> allowed
<Chapters/Simplexe/EX/EX6/ex6.1.pdf, id=401, 497.24037pt x 151.99463pt>
File: Chapters/Simplexe/EX/EX6/ex6.1.pdf Graphic file (type pdf)
<use Chapters/Simplexe/EX/EX6/ex6.1.pdf>
Package pdftex.def Info: Chapters/Simplexe/EX/EX6/ex6.1.pdf  used on input line 1985.
(pdftex.def)             Requested size: 497.23915pt x 151.99425pt.


pdfTeX warning: pdflatex (file ./Chapters/Simplexe/EX/EX6/ex6.2.pdf): PDF inclusion: found PDF version <1.7>, but at most version <1.5> allowed
<Chapters/Simplexe/EX/EX6/ex6.2.pdf, id=402, 519.40503pt x 173.13503pt>
File: Chapters/Simplexe/EX/EX6/ex6.2.pdf Graphic file (type pdf)
<use Chapters/Simplexe/EX/EX6/ex6.2.pdf>
Package pdftex.def Info: Chapters/Simplexe/EX/EX6/ex6.2.pdf  used on input line 2005.
(pdftex.def)             Requested size: 519.40375pt x 173.13458pt.


pdfTeX warning: pdflatex (file ./Chapters/Simplexe/EX/EX6/ex6.3.pdf): PDF inclusion: found PDF version <1.7>, but at most version <1.5> allowed
<Chapters/Simplexe/EX/EX6/ex6.3.pdf, id=403, 497.24037pt x 156.23409pt>
File: Chapters/Simplexe/EX/EX6/ex6.3.pdf Graphic file (type pdf)
<use Chapters/Simplexe/EX/EX6/ex6.3.pdf>
Package pdftex.def Info: Chapters/Simplexe/EX/EX6/ex6.3.pdf  used on input line 2009.
(pdftex.def)             Requested size: 497.23915pt x 156.23369pt.
[40 <./Chapters/Simplexe/EX/EX6/ex6.1.pdf> <./Chapters/Simplexe/EX/EX6/ex6.2.pdf>]

pdfTeX warning: pdflatex (file ./Chapters/Simplexe/EX/EX6/ex6.4.pdf): PDF inclusion: found PDF version <1.7>, but at most version <1.5> allowed
<Chapters/Simplexe/EX/EX6/ex6.4.pdf, id=419, 504.60962pt x 173.13503pt>
File: Chapters/Simplexe/EX/EX6/ex6.4.pdf Graphic file (type pdf)
<use Chapters/Simplexe/EX/EX6/ex6.4.pdf>
Package pdftex.def Info: Chapters/Simplexe/EX/EX6/ex6.4.pdf  used on input line 2029.
(pdftex.def)             Requested size: 504.60838pt x 173.13458pt.
[41 <./Chapters/Simplexe/EX/EX6/ex6.3.pdf> <./Chapters/Simplexe/EX/EX6/ex6.4.pdf>]

pdfTeX warning: pdflatex (file ./Chapters/Simplexe/EX/EX6/ex6.5.pdf): PDF inclusion: found PDF version <1.7>, but at most version <1.5> allowed
<Chapters/Simplexe/EX/EX6/ex6.5.pdf, id=435, 500.39864pt x 159.39233pt>
File: Chapters/Simplexe/EX/EX6/ex6.5.pdf Graphic file (type pdf)
<use Chapters/Simplexe/EX/EX6/ex6.5.pdf>
Package pdftex.def Info: Chapters/Simplexe/EX/EX6/ex6.5.pdf  used on input line 2035.
(pdftex.def)             Requested size: 500.39742pt x 159.39192pt.


pdfTeX warning: pdflatex (file ./Chapters/Simplexe/EX/EX6/ex6.6.pdf): PDF inclusion: found PDF version <1.7>, but at most version <1.5> allowed
<Chapters/Simplexe/EX/EX6/ex6.6.pdf, id=436, 516.21832pt x 164.68456pt>
File: Chapters/Simplexe/EX/EX6/ex6.6.pdf Graphic file (type pdf)
<use Chapters/Simplexe/EX/EX6/ex6.6.pdf>
Package pdftex.def Info: Chapters/Simplexe/EX/EX6/ex6.6.pdf  used on input line 2054.
(pdftex.def)             Requested size: 516.21706pt x 164.68414pt.
[42 <./Chapters/Simplexe/EX/EX6/ex6.5.pdf> <./Chapters/Simplexe/EX/EX6/ex6.6.pdf>]

pdfTeX warning: pdflatex (file ./Chapters/Simplexe/EX/EX6/ex6.7.pdf): PDF inclusion: found PDF version <1.7>, but at most version <1.5> allowed
<Chapters/Simplexe/EX/EX6/ex6.7.pdf, id=452, 495.1064pt x 155.18134pt>
File: Chapters/Simplexe/EX/EX6/ex6.7.pdf Graphic file (type pdf)
<use Chapters/Simplexe/EX/EX6/ex6.7.pdf>
Package pdftex.def Info: Chapters/Simplexe/EX/EX6/ex6.7.pdf  used on input line 2060.
(pdftex.def)             Requested size: 495.10518pt x 155.18094pt.
[43 <./Chapters/Simplexe/EX/EX6/ex6.7.pdf>] [44]

pdfTeX warning: pdflatex (file ./Chapters/Diagram/dual.drawio.pdf): PDF inclusion: found PDF version <1.7>, but at most version <1.5> allowed
<Chapters/Diagram/dual.drawio.pdf, id=466, 52.13478pt x 86.10368pt>
File: Chapters/Diagram/dual.drawio.pdf Graphic file (type pdf)
<use Chapters/Diagram/dual.drawio.pdf>
Package pdftex.def Info: Chapters/Diagram/dual.drawio.pdf  used on input line 2132.
(pdftex.def)             Requested size: 119.49974pt x 197.36684pt.


pdfTeX warning: pdflatex (file ./Chapters/Dual/maxForm.pdf): PDF inclusion: found PDF version <1.7>, but at most version <1.5> allowed
<Chapters/Dual/maxForm.pdf, id=467, 351.5544pt x 196.36362pt>
File: Chapters/Dual/maxForm.pdf Graphic file (type pdf)
<use Chapters/Dual/maxForm.pdf>
Package pdftex.def Info: Chapters/Dual/maxForm.pdf  used on input line 2140.
(pdftex.def)             Requested size: 351.55354pt x 196.36311pt.
[45 <./Chapters/Diagram/dual.drawio.pdf> <./Chapters/Dual/maxForm.pdf>]

pdfTeX warning: pdflatex (file ./Chapters/Dual/dual.pdf): PDF inclusion: found PDF version <1.7>, but at most version <1.5> allowed
<Chapters/Dual/dual.pdf, id=490, 364.22273pt x 175.24872pt>
File: Chapters/Dual/dual.pdf Graphic file (type pdf)
<use Chapters/Dual/dual.pdf>
Package pdftex.def Info: Chapters/Dual/dual.pdf  used on input line 2202.
(pdftex.def)             Requested size: 364.22183pt x 175.24829pt.
[46]
./Chapters/Linear Programming.tex:2220: Missing $ inserted.
<inserted text> 
                $
l.2220 
       
I've inserted a begin-math/end-math symbol since I think
you left one out. Proceed, with fingers crossed.

./Chapters/Linear Programming.tex:2220: Display math should end with $$.
<to be read again> 
                   \tex_par:D 
l.2220 
       
The `$' that I just saw supposedly matches a previous `$$'.
So I shall assume that you typed `$$' both times.

./Chapters/Linear Programming.tex:2254: Missing $ inserted.
<inserted text> 
                $
l.2254 
       
I've inserted a begin-math/end-math symbol since I think
you left one out. Proceed, with fingers crossed.

./Chapters/Linear Programming.tex:2254: Display math should end with $$.
<to be read again> 
                   \tex_par:D 
l.2254 
       
The `$' that I just saw supposedly matches a previous `$$'.
So I shall assume that you typed `$$' both times.

[47 <./Chapters/Dual/dual.pdf>]
./Chapters/Linear Programming.tex:2290: Missing $ inserted.
<inserted text> 
                $
l.2290 
       
I've inserted a begin-math/end-math symbol since I think
you left one out. Proceed, with fingers crossed.

./Chapters/Linear Programming.tex:2290: Display math should end with $$.
<to be read again> 
                   \tex_par:D 
l.2290 
       
The `$' that I just saw supposedly matches a previous `$$'.
So I shall assume that you typed `$$' both times.

./Chapters/Linear Programming.tex:2326: Missing $ inserted.
<inserted text> 
                $
l.2326 
       
I've inserted a begin-math/end-math symbol since I think
you left one out. Proceed, with fingers crossed.

./Chapters/Linear Programming.tex:2326: Display math should end with $$.
<to be read again> 
                   \tex_par:D 
l.2326 
       
The `$' that I just saw supposedly matches a previous `$$'.
So I shall assume that you typed `$$' both times.

[48]
./Chapters/Linear Programming.tex:2365: Missing $ inserted.
<inserted text> 
                $
l.2365 
       
I've inserted a begin-math/end-math symbol since I think
you left one out. Proceed, with fingers crossed.

./Chapters/Linear Programming.tex:2365: Display math should end with $$.
<to be read again> 
                   \tex_par:D 
l.2365 
       
The `$' that I just saw supposedly matches a previous `$$'.
So I shall assume that you typed `$$' both times.

./Chapters/Linear Programming.tex:2404: Missing $ inserted.
<inserted text> 
                $
l.2404 
       
I've inserted a begin-math/end-math symbol since I think
you left one out. Proceed, with fingers crossed.

./Chapters/Linear Programming.tex:2404: Display math should end with $$.
<to be read again> 
                   \tex_par:D 
l.2404 
       
The `$' that I just saw supposedly matches a previous `$$'.
So I shall assume that you typed `$$' both times.

[49]
./Chapters/Linear Programming.tex:2472: Missing $ inserted.
<inserted text> 
                $
l.2472 
       
I've inserted a begin-math/end-math symbol since I think
you left one out. Proceed, with fingers crossed.

./Chapters/Linear Programming.tex:2473: Missing $ inserted.
<inserted text> 
                $
l.2473 \left
            \{
I've inserted a begin-math/end-math symbol since I think
you left one out. Proceed, with fingers crossed.

[50]
./Chapters/Linear Programming.tex:2520: Missing $ inserted.
<inserted text> 
                $
l.2520 
       
I've inserted a begin-math/end-math symbol since I think
you left one out. Proceed, with fingers crossed.

./Chapters/Linear Programming.tex:2520: Display math should end with $$.
<to be read again> 
                   \tex_par:D 
l.2520 
       
The `$' that I just saw supposedly matches a previous `$$'.
So I shall assume that you typed `$$' both times.


./Chapters/Linear Programming.tex:2521: LaTeX Error: Bad math environment delimiter.

See the LaTeX manual or LaTeX Companion for explanation.
Type  H <return>  for immediate help.
 ...                                              
                                                  
l.2521 \]
         
Your command was ignored.
Type  I <command> <return>  to replace it with another command,
or  <return>  to continue without it.

./Chapters/Linear Programming.tex:2521: Missing $ inserted.
<inserted text> 
                $
l.2521 \]
         
I've inserted something that you may have forgotten.
(See the <inserted text> above.)
With luck, this will get me unwedged. But if you
really didn't forget anything, try typing `2' now; then
my insertion and my current dilemma will both disappear.

./Chapters/Linear Programming.tex:2521: Display math should end with $$.
<to be read again> 
                   \endgroup 
l.2521 \]
         
The `$' that I just saw supposedly matches a previous `$$'.
So I shall assume that you typed `$$' both times.

./Chapters/Linear Programming.tex:2561: Extra \right.
l.2561 \right.
              
I'm ignoring a \right that had no matching \left.

./Chapters/Linear Programming.tex:2617: Missing $ inserted.
<inserted text> 
                $
l.2617 
       
I've inserted a begin-math/end-math symbol since I think
you left one out. Proceed, with fingers crossed.

./Chapters/Linear Programming.tex:2618: Missing $ inserted.
<inserted text> 
                $
l.2618 \left
            \{
I've inserted a begin-math/end-math symbol since I think
you left one out. Proceed, with fingers crossed.

[51]
./Chapters/Linear Programming.tex:2692: Missing $ inserted.
<inserted text> 
                $
l.2692 
       
I've inserted a begin-math/end-math symbol since I think
you left one out. Proceed, with fingers crossed.

./Chapters/Linear Programming.tex:2692: Display math should end with $$.
<to be read again> 
                   \tex_par:D 
l.2692 
       
The `$' that I just saw supposedly matches a previous `$$'.
So I shall assume that you typed `$$' both times.


./Chapters/Linear Programming.tex:2693: LaTeX Error: Bad math environment delimiter.

See the LaTeX manual or LaTeX Companion for explanation.
Type  H <return>  for immediate help.
 ...                                              
                                                  
l.2693 \]
         
Your command was ignored.
Type  I <command> <return>  to replace it with another command,
or  <return>  to continue without it.

./Chapters/Linear Programming.tex:2693: Missing $ inserted.
<inserted text> 
                $
l.2693 \]
         
I've inserted something that you may have forgotten.
(See the <inserted text> above.)
With luck, this will get me unwedged. But if you
really didn't forget anything, try typing `2' now; then
my insertion and my current dilemma will both disappear.

./Chapters/Linear Programming.tex:2693: Display math should end with $$.
<to be read again> 
                   \endgroup 
l.2693 \]
         
The `$' that I just saw supposedly matches a previous `$$'.
So I shall assume that you typed `$$' both times.

./Chapters/Linear Programming.tex:2704: Extra \right.
l.2704 \right.
              
I'm ignoring a \right that had no matching \left.



pdfTeX warning: pdflatex (file ./Chapters/Branch&Bound/branch.drawio.pdf): PDF inclusion: found PDF version <1.7>, but at most version <1.5> allowed
<Chapters/Branch&Bound/branch.drawio.pdf, id=518, 313.47112pt x 235.7307pt>
File: Chapters/Branch&Bound/branch.drawio.pdf Graphic file (type pdf)
<use Chapters/Branch&Bound/branch.drawio.pdf>
Package pdftex.def Info: Chapters/Branch&Bound/branch.drawio.pdf  used on input line 2746.
(pdftex.def)             Requested size: 313.47034pt x 235.7301pt.
[52]
<Chapters/Branch&Bound/PY/EX1/ex1.1.pdf, id=522, 1387.58403pt x 597.6729pt>
File: Chapters/Branch&Bound/PY/EX1/ex1.1.pdf Graphic file (type pdf)
<use Chapters/Branch&Bound/PY/EX1/ex1.1.pdf>
Package pdftex.def Info: Chapters/Branch&Bound/PY/EX1/ex1.1.pdf  used on input line 2750.
(pdftex.def)             Requested size: 597.50789pt x 257.35912pt.
<Chapters/Branch&Bound/PY/EX1/ex1.2.pdf, id=523, 1387.58403pt x 597.6729pt>
File: Chapters/Branch&Bound/PY/EX1/ex1.2.pdf Graphic file (type pdf)
<use Chapters/Branch&Bound/PY/EX1/ex1.2.pdf>
Package pdftex.def Info: Chapters/Branch&Bound/PY/EX1/ex1.2.pdf  used on input line 2755.
(pdftex.def)             Requested size: 597.50789pt x 257.35912pt.
 [53 <./Chapters/Branch&Bound/branch.drawio.pdf> <./Chapters/Branch&Bound/PY/EX1/ex1.1.pdf>]
<Chapters/Branch&Bound/PY/EX1/ex1.3.pdf, id=579, 1387.58403pt x 597.6729pt>
File: Chapters/Branch&Bound/PY/EX1/ex1.3.pdf Graphic file (type pdf)
<use Chapters/Branch&Bound/PY/EX1/ex1.3.pdf>
Package pdftex.def Info: Chapters/Branch&Bound/PY/EX1/ex1.3.pdf  used on input line 2760.
(pdftex.def)             Requested size: 597.50789pt x 257.35912pt.
<Chapters/Branch&Bound/PY/EX1/ex1.4.pdf, id=580, 1387.58403pt x 597.6729pt>
File: Chapters/Branch&Bound/PY/EX1/ex1.4.pdf Graphic file (type pdf)
<use Chapters/Branch&Bound/PY/EX1/ex1.4.pdf>
Package pdftex.def Info: Chapters/Branch&Bound/PY/EX1/ex1.4.pdf  used on input line 2765.
(pdftex.def)             Requested size: 597.50789pt x 257.35912pt.
 [54 <./Chapters/Branch&Bound/PY/EX1/ex1.2.pdf> <./Chapters/Branch&Bound/PY/EX1/ex1.3.pdf>]
<Chapters/Branch&Bound/PY/EX1/ex1.5.pdf, id=662, 1387.58403pt x 597.6729pt>
File: Chapters/Branch&Bound/PY/EX1/ex1.5.pdf Graphic file (type pdf)
<use Chapters/Branch&Bound/PY/EX1/ex1.5.pdf>
Package pdftex.def Info: Chapters/Branch&Bound/PY/EX1/ex1.5.pdf  used on input line 2770.
(pdftex.def)             Requested size: 597.50789pt x 257.35912pt.
<Chapters/Branch&Bound/PY/EX1/ex1.6.pdf, id=663, 1387.58403pt x 597.6729pt>
File: Chapters/Branch&Bound/PY/EX1/ex1.6.pdf Graphic file (type pdf)
<use Chapters/Branch&Bound/PY/EX1/ex1.6.pdf>
Package pdftex.def Info: Chapters/Branch&Bound/PY/EX1/ex1.6.pdf  used on input line 2775.
(pdftex.def)             Requested size: 597.50789pt x 257.35912pt.
 [55 <./Chapters/Branch&Bound/PY/EX1/ex1.4.pdf> <./Chapters/Branch&Bound/PY/EX1/ex1.5.pdf>]
<Chapters/Branch&Bound/PY/EX1/ex1.7.pdf, id=748, 1387.58403pt x 597.6729pt>
File: Chapters/Branch&Bound/PY/EX1/ex1.7.pdf Graphic file (type pdf)
<use Chapters/Branch&Bound/PY/EX1/ex1.7.pdf>
Package pdftex.def Info: Chapters/Branch&Bound/PY/EX1/ex1.7.pdf  used on input line 2780.
(pdftex.def)             Requested size: 597.50789pt x 257.35912pt.
 [56 <./Chapters/Branch&Bound/PY/EX1/ex1.6.pdf> <./Chapters/Branch&Bound/PY/EX1/ex1.7.pdf>]) [57]

./OT.tex:45: LaTeX Error: \begin{equation*} on input line 2394 ended by \end{document}.

See the LaTeX manual or LaTeX Companion for explanation.
Type  H <return>  for immediate help.
 ...                                              
                                                  
l.45 \end{document}
                   
Your command was ignored.
Type  I <command> <return>  to replace it with another command,
or  <return>  to continue without it.

(./OT.aux)
 ***********
LaTeX2e <2023-11-01> patch level 1
L3 programming layer <2024-01-22>
 ***********
 )
(\end occurred inside a group at level 6)

### semi simple group (level 6) entered at line 2394 (\begingroup)
### semi simple group (level 5) entered at line 2335 (\begingroup)
### semi simple group (level 4) entered at line 2317 (\begingroup)
### semi simple group (level 3) entered at line 2260 (\begingroup)
### semi simple group (level 2) entered at line 2245 (\begingroup)
### semi simple group (level 1) entered at line 2212 (\begingroup)
### bottom level 
Here is how much of TeX's memory you used:
 28792 strings out of 474222
 755683 string characters out of 5748732
 1947975 words of memory out of 5000000
 50612 multiletter control sequences out of 15000+600000
 567074 words of font info for 67 fonts, out of 8000000 for 9000
 1141 hyphenation exceptions out of 8191
 102i,14n,107p,719b,1970s stack positions out of 10000i,1000n,20000p,200000b,200000s
</usr/share/texlive/texmf-dist/fonts/type1/public/amsfonts/cm/cmbsy10.pfb></usr/share/texlive/texmf-dist/fonts/type1/public/amsfonts/cm/cmbx10.pfb></usr/share/texlive/texmf-dist/fonts/type1/public/amsfonts/cm/cmbx12.pfb></usr/share/texlive/texmf-dist/fonts/type1/public/amsfonts/cm/cmex10.pfb></usr/share/texlive/texmf-dist/fonts/type1/public/amsfonts/cm/cmmi10.pfb></usr/share/texlive/texmf-dist/fonts/type1/public/amsfonts/cm/cmmi5.pfb></usr/share/texlive/texmf-dist/fonts/type1/public/amsfonts/cm/cmmi6.pfb></usr/share/texlive/texmf-dist/fonts/type1/public/amsfonts/cm/cmmi7.pfb></usr/share/texlive/texmf-dist/fonts/type1/public/amsfonts/cm/cmmi9.pfb></usr/share/texlive/texmf-dist/fonts/type1/public/amsfonts/cm/cmr10.pfb></usr/share/texlive/texmf-dist/fonts/type1/public/amsfonts/cm/cmr5.pfb></usr/share/texlive/texmf-dist/fonts/type1/public/amsfonts/cm/cmr6.pfb></usr/share/texlive/texmf-dist/fonts/type1/public/amsfonts/cm/cmr7.pfb></usr/share/texlive/texmf-dist/fonts/type1/public/amsfonts/cm/cmr9.pfb></usr/share/texlive/texmf-dist/fonts/type1/public/amsfonts/cm/cmsy10.pfb></usr/share/texlive/texmf-dist/fonts/type1/public/amsfonts/cm/cmsy5.pfb></usr/share/texlive/texmf-dist/fonts/type1/public/amsfonts/cm/cmsy7.pfb></usr/share/texmf/fonts/type1/public/cm-super/sfrm1000.pfb>
Output written on OT.pdf (57 pages, 878410 bytes).
PDF statistics:
 895 PDF objects out of 1000 (max. 8388607)
 448 compressed objects within 5 object streams
 0 named destinations out of 1000 (max. 500000)
 263 words of extra memory for PDF output out of 10000 (max. 10000000)

