This is pdfTeX, Version 3.141592653-2.6-1.40.25 (TeX Live 2023/Debian) (preloaded format=pdflatex 2024.11.12)  23 DEC 2024 10:04
entering extended mode
 restricted \write18 enabled.
 file:line:error style messages enabled.
 %&-line parsing enabled.
**SE.tex
(./SE.tex
LaTeX2e <2023-11-01> patch level 1
L3 programming layer <2024-01-22>
(/usr/share/texlive/texmf-dist/tex/latex/base/article.cls
Document Class: article 2023/05/17 v1.4n Standard LaTeX document class
(/usr/share/texlive/texmf-dist/tex/latex/base/size10.clo
File: size10.clo 2023/05/17 v1.4n Standard LaTeX file (size option)
)
\c@part=\count187
\c@section=\count188
\c@subsection=\count189
\c@subsubsection=\count190
\c@paragraph=\count191
\c@subparagraph=\count192
\c@figure=\count193
\c@table=\count194
\abovecaptionskip=\skip48
\belowcaptionskip=\skip49
\bibindent=\dimen140
) (/usr/share/texlive/texmf-dist/tex/latex/geometry/geometry.sty
Package: geometry 2020/01/02 v5.9 Page Geometry
 (/usr/share/texlive/texmf-dist/tex/latex/graphics/keyval.sty
Package: keyval 2022/05/29 v1.15 key=value parser (DPC)
\KV@toks@=\toks17
) (/usr/share/texlive/texmf-dist/tex/generic/iftex/ifvtex.sty
Package: ifvtex 2019/10/25 v1.7 ifvtex legacy package. Use iftex instead.
 (/usr/share/texlive/texmf-dist/tex/generic/iftex/iftex.sty
Package: iftex 2022/02/03 v1.0f TeX engine tests
))
\Gm@cnth=\count195
\Gm@cntv=\count196
\c@Gm@tempcnt=\count197
\Gm@bindingoffset=\dimen141
\Gm@wd@mp=\dimen142
\Gm@odd@mp=\dimen143
\Gm@even@mp=\dimen144
\Gm@layoutwidth=\dimen145
\Gm@layoutheight=\dimen146
\Gm@layouthoffset=\dimen147
\Gm@layoutvoffset=\dimen148
\Gm@dimlist=\toks18
) (/usr/share/texlive/texmf-dist/tex/latex/pgfplots/pgfplots.sty (/usr/share/texlive/texmf-dist/tex/generic/pgfplots/pgfplots.revision.tex)
Package: pgfplots 2021/05/15 v1.18.1 Data Visualization (1.18.1)
 (/usr/share/texlive/texmf-dist/tex/latex/graphics/graphicx.sty
Package: graphicx 2021/09/16 v1.2d Enhanced LaTeX Graphics (DPC,SPQR)
 (/usr/share/texlive/texmf-dist/tex/latex/graphics/graphics.sty
Package: graphics 2022/03/10 v1.4e Standard LaTeX Graphics (DPC,SPQR)
 (/usr/share/texlive/texmf-dist/tex/latex/graphics/trig.sty
Package: trig 2021/08/11 v1.11 sin cos tan (DPC)
) (/usr/share/texlive/texmf-dist/tex/latex/graphics-cfg/graphics.cfg
File: graphics.cfg 2016/06/04 v1.11 sample graphics configuration
)
Package graphics Info: Driver file: pdftex.def on input line 107.
 (/usr/share/texlive/texmf-dist/tex/latex/graphics-def/pdftex.def
File: pdftex.def 2022/09/22 v1.2b Graphics/color driver for pdftex
))
\Gin@req@height=\dimen149
\Gin@req@width=\dimen150
) (/usr/share/texlive/texmf-dist/tex/latex/pgf/frontendlayer/tikz.sty (/usr/share/texlive/texmf-dist/tex/latex/pgf/basiclayer/pgf.sty (/usr/share/texlive/texmf-dist/tex/latex/pgf/utilities/pgfrcs.sty (/usr/share/texlive/texmf-dist/tex/generic/pgf/utilities/pgfutil-common.tex
\pgfutil@everybye=\toks19
\pgfutil@tempdima=\dimen151
\pgfutil@tempdimb=\dimen152
) (/usr/share/texlive/texmf-dist/tex/generic/pgf/utilities/pgfutil-latex.def
\pgfutil@abb=\box51
) (/usr/share/texlive/texmf-dist/tex/generic/pgf/utilities/pgfrcs.code.tex (/usr/share/texlive/texmf-dist/tex/generic/pgf/pgf.revision.tex)
Package: pgfrcs 2023-01-15 v3.1.10 (3.1.10)
))
Package: pgf 2023-01-15 v3.1.10 (3.1.10)
 (/usr/share/texlive/texmf-dist/tex/latex/pgf/basiclayer/pgfcore.sty (/usr/share/texlive/texmf-dist/tex/latex/pgf/systemlayer/pgfsys.sty (/usr/share/texlive/texmf-dist/tex/generic/pgf/systemlayer/pgfsys.code.tex
Package: pgfsys 2023-01-15 v3.1.10 (3.1.10)
 (/usr/share/texlive/texmf-dist/tex/generic/pgf/utilities/pgfkeys.code.tex
\pgfkeys@pathtoks=\toks20
\pgfkeys@temptoks=\toks21
 (/usr/share/texlive/texmf-dist/tex/generic/pgf/utilities/pgfkeyslibraryfiltered.code.tex
\pgfkeys@tmptoks=\toks22
))
\pgf@x=\dimen153
\pgf@y=\dimen154
\pgf@xa=\dimen155
\pgf@ya=\dimen156
\pgf@xb=\dimen157
\pgf@yb=\dimen158
\pgf@xc=\dimen159
\pgf@yc=\dimen160
\pgf@xd=\dimen161
\pgf@yd=\dimen162
\w@pgf@writea=\write3
\r@pgf@reada=\read2
\c@pgf@counta=\count198
\c@pgf@countb=\count199
\c@pgf@countc=\count266
\c@pgf@countd=\count267
\t@pgf@toka=\toks23
\t@pgf@tokb=\toks24
\t@pgf@tokc=\toks25
\pgf@sys@id@count=\count268
 (/usr/share/texlive/texmf-dist/tex/generic/pgf/systemlayer/pgf.cfg
File: pgf.cfg 2023-01-15 v3.1.10 (3.1.10)
)
Driver file for pgf: pgfsys-pdftex.def
 (/usr/share/texlive/texmf-dist/tex/generic/pgf/systemlayer/pgfsys-pdftex.def
File: pgfsys-pdftex.def 2023-01-15 v3.1.10 (3.1.10)
 (/usr/share/texlive/texmf-dist/tex/generic/pgf/systemlayer/pgfsys-common-pdf.def
File: pgfsys-common-pdf.def 2023-01-15 v3.1.10 (3.1.10)
))) (/usr/share/texlive/texmf-dist/tex/generic/pgf/systemlayer/pgfsyssoftpath.code.tex
File: pgfsyssoftpath.code.tex 2023-01-15 v3.1.10 (3.1.10)
\pgfsyssoftpath@smallbuffer@items=\count269
\pgfsyssoftpath@bigbuffer@items=\count270
)
(/usr/share/texlive/texmf-dist/tex/generic/pgf/systemlayer/pgfsysprotocol.code.tex
File: pgfsysprotocol.code.tex 2023-01-15 v3.1.10 (3.1.10)
)) (/usr/share/texlive/texmf-dist/tex/latex/xcolor/xcolor.sty
Package: xcolor 2023/11/15 v3.01 LaTeX color extensions (UK)
 (/usr/share/texlive/texmf-dist/tex/latex/graphics-cfg/color.cfg
File: color.cfg 2016/01/02 v1.6 sample color configuration
)
Package xcolor Info: Driver file: pdftex.def on input line 274.
 (/usr/share/texlive/texmf-dist/tex/latex/graphics/mathcolor.ltx)
Package xcolor Info: Model `cmy' substituted by `cmy0' on input line 1350.
Package xcolor Info: Model `hsb' substituted by `rgb' on input line 1354.
Package xcolor Info: Model `RGB' extended on input line 1366.
Package xcolor Info: Model `HTML' substituted by `rgb' on input line 1368.
Package xcolor Info: Model `Hsb' substituted by `hsb' on input line 1369.
Package xcolor Info: Model `tHsb' substituted by `hsb' on input line 1370.
Package xcolor Info: Model `HSB' substituted by `hsb' on input line 1371.
Package xcolor Info: Model `Gray' substituted by `gray' on input line 1372.
Package xcolor Info: Model `wave' substituted by `hsb' on input line 1373.
) (/usr/share/texlive/texmf-dist/tex/generic/pgf/basiclayer/pgfcore.code.tex
Package: pgfcore 2023-01-15 v3.1.10 (3.1.10)
 (/usr/share/texlive/texmf-dist/tex/generic/pgf/math/pgfmath.code.tex (/usr/share/texlive/texmf-dist/tex/generic/pgf/math/pgfmathutil.code.tex) (/usr/share/texlive/texmf-dist/tex/generic/pgf/math/pgfmathparser.code.tex
\pgfmath@dimen=\dimen163
\pgfmath@count=\count271
\pgfmath@box=\box52
\pgfmath@toks=\toks26
\pgfmath@stack@operand=\toks27
\pgfmath@stack@operation=\toks28
) (/usr/share/texlive/texmf-dist/tex/generic/pgf/math/pgfmathfunctions.code.tex) (/usr/share/texlive/texmf-dist/tex/generic/pgf/math/pgfmathfunctions.basic.code.tex) (/usr/share/texlive/texmf-dist/tex/generic/pgf/math/pgfmathfunctions.trigonometric.code.tex) (/usr/share/texlive/texmf-dist/tex/generic/pgf/math/pgfmathfunctions.random.code.tex) (/usr/share/texlive/texmf-dist/tex/generic/pgf/math/pgfmathfunctions.comparison.code.tex) (/usr/share/texlive/texmf-dist/tex/generic/pgf/math/pgfmathfunctions.base.code.tex) (/usr/share/texlive/texmf-dist/tex/generic/pgf/math/pgfmathfunctions.round.code.tex) (/usr/share/texlive/texmf-dist/tex/generic/pgf/math/pgfmathfunctions.misc.code.tex) (/usr/share/texlive/texmf-dist/tex/generic/pgf/math/pgfmathfunctions.integerarithmetics.code.tex) (/usr/share/texlive/texmf-dist/tex/generic/pgf/math/pgfmathcalc.code.tex) (/usr/share/texlive/texmf-dist/tex/generic/pgf/math/pgfmathfloat.code.tex
\c@pgfmathroundto@lastzeros=\count272
)) (/usr/share/texlive/texmf-dist/tex/generic/pgf/math/pgfint.code.tex) (/usr/share/texlive/texmf-dist/tex/generic/pgf/basiclayer/pgfcorepoints.code.tex
File: pgfcorepoints.code.tex 2023-01-15 v3.1.10 (3.1.10)
\pgf@picminx=\dimen164
\pgf@picmaxx=\dimen165
\pgf@picminy=\dimen166
\pgf@picmaxy=\dimen167
\pgf@pathminx=\dimen168
\pgf@pathmaxx=\dimen169
\pgf@pathminy=\dimen170
\pgf@pathmaxy=\dimen171
\pgf@xx=\dimen172
\pgf@xy=\dimen173
\pgf@yx=\dimen174
\pgf@yy=\dimen175
\pgf@zx=\dimen176
\pgf@zy=\dimen177
) (/usr/share/texlive/texmf-dist/tex/generic/pgf/basiclayer/pgfcorepathconstruct.code.tex
File: pgfcorepathconstruct.code.tex 2023-01-15 v3.1.10 (3.1.10)
\pgf@path@lastx=\dimen178
\pgf@path@lasty=\dimen179
) (/usr/share/texlive/texmf-dist/tex/generic/pgf/basiclayer/pgfcorepathusage.code.tex
File: pgfcorepathusage.code.tex 2023-01-15 v3.1.10 (3.1.10)
\pgf@shorten@end@additional=\dimen180
\pgf@shorten@start@additional=\dimen181
) (/usr/share/texlive/texmf-dist/tex/generic/pgf/basiclayer/pgfcorescopes.code.tex
File: pgfcorescopes.code.tex 2023-01-15 v3.1.10 (3.1.10)
\pgfpic=\box53
\pgf@hbox=\box54
\pgf@layerbox@main=\box55
\pgf@picture@serial@count=\count273
) (/usr/share/texlive/texmf-dist/tex/generic/pgf/basiclayer/pgfcoregraphicstate.code.tex
File: pgfcoregraphicstate.code.tex 2023-01-15 v3.1.10 (3.1.10)
\pgflinewidth=\dimen182
)
(/usr/share/texlive/texmf-dist/tex/generic/pgf/basiclayer/pgfcoretransformations.code.tex
File: pgfcoretransformations.code.tex 2023-01-15 v3.1.10 (3.1.10)
\pgf@pt@x=\dimen183
\pgf@pt@y=\dimen184
\pgf@pt@temp=\dimen185
) (/usr/share/texlive/texmf-dist/tex/generic/pgf/basiclayer/pgfcorequick.code.tex
File: pgfcorequick.code.tex 2023-01-15 v3.1.10 (3.1.10)
) (/usr/share/texlive/texmf-dist/tex/generic/pgf/basiclayer/pgfcoreobjects.code.tex
File: pgfcoreobjects.code.tex 2023-01-15 v3.1.10 (3.1.10)
) (/usr/share/texlive/texmf-dist/tex/generic/pgf/basiclayer/pgfcorepathprocessing.code.tex
File: pgfcorepathprocessing.code.tex 2023-01-15 v3.1.10 (3.1.10)
) (/usr/share/texlive/texmf-dist/tex/generic/pgf/basiclayer/pgfcorearrows.code.tex
File: pgfcorearrows.code.tex 2023-01-15 v3.1.10 (3.1.10)
\pgfarrowsep=\dimen186
) (/usr/share/texlive/texmf-dist/tex/generic/pgf/basiclayer/pgfcoreshade.code.tex
File: pgfcoreshade.code.tex 2023-01-15 v3.1.10 (3.1.10)
\pgf@max=\dimen187
\pgf@sys@shading@range@num=\count274
\pgf@shadingcount=\count275
) (/usr/share/texlive/texmf-dist/tex/generic/pgf/basiclayer/pgfcoreimage.code.tex
File: pgfcoreimage.code.tex 2023-01-15 v3.1.10 (3.1.10)
) (/usr/share/texlive/texmf-dist/tex/generic/pgf/basiclayer/pgfcoreexternal.code.tex
File: pgfcoreexternal.code.tex 2023-01-15 v3.1.10 (3.1.10)
\pgfexternal@startupbox=\box56
) (/usr/share/texlive/texmf-dist/tex/generic/pgf/basiclayer/pgfcorelayers.code.tex
File: pgfcorelayers.code.tex 2023-01-15 v3.1.10 (3.1.10)
) (/usr/share/texlive/texmf-dist/tex/generic/pgf/basiclayer/pgfcoretransparency.code.tex
File: pgfcoretransparency.code.tex 2023-01-15 v3.1.10 (3.1.10)
) (/usr/share/texlive/texmf-dist/tex/generic/pgf/basiclayer/pgfcorepatterns.code.tex
File: pgfcorepatterns.code.tex 2023-01-15 v3.1.10 (3.1.10)
) (/usr/share/texlive/texmf-dist/tex/generic/pgf/basiclayer/pgfcorerdf.code.tex
File: pgfcorerdf.code.tex 2023-01-15 v3.1.10 (3.1.10)
))) (/usr/share/texlive/texmf-dist/tex/generic/pgf/modules/pgfmoduleshapes.code.tex
File: pgfmoduleshapes.code.tex 2023-01-15 v3.1.10 (3.1.10)
\pgfnodeparttextbox=\box57
) (/usr/share/texlive/texmf-dist/tex/generic/pgf/modules/pgfmoduleplot.code.tex
File: pgfmoduleplot.code.tex 2023-01-15 v3.1.10 (3.1.10)
) (/usr/share/texlive/texmf-dist/tex/latex/pgf/compatibility/pgfcomp-version-0-65.sty
Package: pgfcomp-version-0-65 2023-01-15 v3.1.10 (3.1.10)
\pgf@nodesepstart=\dimen188
\pgf@nodesepend=\dimen189
) (/usr/share/texlive/texmf-dist/tex/latex/pgf/compatibility/pgfcomp-version-1-18.sty
Package: pgfcomp-version-1-18 2023-01-15 v3.1.10 (3.1.10)
)) (/usr/share/texlive/texmf-dist/tex/latex/pgf/utilities/pgffor.sty (/usr/share/texlive/texmf-dist/tex/latex/pgf/utilities/pgfkeys.sty (/usr/share/texlive/texmf-dist/tex/generic/pgf/utilities/pgfkeys.code.tex)) (/usr/share/texlive/texmf-dist/tex/latex/pgf/math/pgfmath.sty (/usr/share/texlive/texmf-dist/tex/generic/pgf/math/pgfmath.code.tex)) (/usr/share/texlive/texmf-dist/tex/generic/pgf/utilities/pgffor.code.tex
Package: pgffor 2023-01-15 v3.1.10 (3.1.10)
\pgffor@iter=\dimen190
\pgffor@skip=\dimen191
\pgffor@stack=\toks29
\pgffor@toks=\toks30
)) (/usr/share/texlive/texmf-dist/tex/generic/pgf/frontendlayer/tikz/tikz.code.tex
Package: tikz 2023-01-15 v3.1.10 (3.1.10)
 (/usr/share/texlive/texmf-dist/tex/generic/pgf/libraries/pgflibraryplothandlers.code.tex
File: pgflibraryplothandlers.code.tex 2023-01-15 v3.1.10 (3.1.10)
\pgf@plot@mark@count=\count276
\pgfplotmarksize=\dimen192
)
\tikz@lastx=\dimen193
\tikz@lasty=\dimen194
\tikz@lastxsaved=\dimen195
\tikz@lastysaved=\dimen196
\tikz@lastmovetox=\dimen197
\tikz@lastmovetoy=\dimen198
\tikzleveldistance=\dimen199
\tikzsiblingdistance=\dimen256
\tikz@figbox=\box58
\tikz@figbox@bg=\box59
\tikz@tempbox=\box60
\tikz@tempbox@bg=\box61
\tikztreelevel=\count277
\tikznumberofchildren=\count278
\tikznumberofcurrentchild=\count279
\tikz@fig@count=\count280

(/usr/share/texlive/texmf-dist/tex/generic/pgf/modules/pgfmodulematrix.code.tex
File: pgfmodulematrix.code.tex 2023-01-15 v3.1.10 (3.1.10)
\pgfmatrixcurrentrow=\count281
\pgfmatrixcurrentcolumn=\count282
\pgf@matrix@numberofcolumns=\count283
)
\tikz@expandcount=\count284
 (/usr/share/texlive/texmf-dist/tex/generic/pgf/frontendlayer/tikz/libraries/tikzlibrarytopaths.code.tex
File: tikzlibrarytopaths.code.tex 2023-01-15 v3.1.10 (3.1.10)
))) (/usr/share/texlive/texmf-dist/tex/generic/pgfplots/pgfplots.code.tex (/usr/share/texlive/texmf-dist/tex/generic/pgfplots/pgfplotscore.code.tex
\t@pgfplots@toka=\toks31
\t@pgfplots@tokb=\toks32
\t@pgfplots@tokc=\toks33
\pgfplots@tmpa=\dimen257
\c@pgfplots@coordindex=\count285
\c@pgfplots@scanlineindex=\count286
 (/usr/share/texlive/texmf-dist/tex/generic/pgfplots/sys/pgfplotssysgeneric.code.tex)) (/usr/share/texlive/texmf-dist/tex/generic/pgfplots/libs/pgfplotslibrary.code.tex) (/usr/share/texlive/texmf-dist/tex/generic/pgfplots/oldpgfcompatib/pgfplotsoldpgfsupp_loader.code.tex (/usr/share/texlive/texmf-dist/tex/generic/pgf/libraries/pgflibraryfpu.code.tex)
Package pgfplots: loading complementary utilities for your pgf version...
\t@pgf@toka=\toks34
\t@pgf@tokb=\toks35
\t@pgf@tokc=\toks36
(/usr/share/texlive/texmf-dist/tex/generic/pgfplots/oldpgfcompatib/pgfplotsoldpgfsupp_pgfutil-common-lists.tex)) (/usr/share/texlive/texmf-dist/tex/generic/pgfplots/util/pgfplotsutil.code.tex (/usr/share/texlive/texmf-dist/tex/generic/pgfplots/liststructure/pgfplotsliststructure.code.tex) (/usr/share/texlive/texmf-dist/tex/generic/pgfplots/liststructure/pgfplotsliststructureext.code.tex) (/usr/share/texlive/texmf-dist/tex/generic/pgfplots/liststructure/pgfplotsarray.code.tex
\c@pgfplotsarray@tmp=\count287
) (/usr/share/texlive/texmf-dist/tex/generic/pgfplots/liststructure/pgfplotsmatrix.code.tex) (/usr/share/texlive/texmf-dist/tex/generic/pgfplots/numtable/pgfplotstableshared.code.tex
\c@pgfplotstable@counta=\count288
\t@pgfplotstable@a=\toks37
) (/usr/share/texlive/texmf-dist/tex/generic/pgfplots/liststructure/pgfplotsdeque.code.tex) (/usr/share/texlive/texmf-dist/tex/generic/pgfplots/util/pgfplotsbinary.code.tex (/usr/share/texlive/texmf-dist/tex/generic/pgfplots/util/pgfplotsbinary.data.code.tex)) (/usr/share/texlive/texmf-dist/tex/generic/pgfplots/util/pgfplotsutil.verb.code.tex) (/usr/share/texlive/texmf-dist/tex/generic/pgfplots/libs/pgflibrarypgfplots.surfshading.code.tex
\c@pgfplotslibrarysurf@no=\count289
 (/usr/share/texlive/texmf-dist/tex/generic/pgfplots/sys/pgflibrarypgfplots.surfshading.pgfsys-pdftex.def))) (/usr/share/texlive/texmf-dist/tex/generic/pgfplots/util/pgfplotscolormap.code.tex (/usr/share/texlive/texmf-dist/tex/generic/pgfplots/util/pgfplotscolor.code.tex)) (/usr/share/texlive/texmf-dist/tex/generic/pgfplots/pgfplotsstackedplots.code.tex) (/usr/share/texlive/texmf-dist/tex/generic/pgfplots/pgfplotsplothandlers.code.tex (/usr/share/texlive/texmf-dist/tex/generic/pgfplots/pgfplotsmeshplothandler.code.tex (/usr/share/texlive/texmf-dist/tex/generic/pgfplots/pgfplotsmeshplotimage.code.tex))) (/usr/share/texlive/texmf-dist/tex/generic/pgfplots/pgfplots.scaling.code.tex) (/usr/share/texlive/texmf-dist/tex/generic/pgfplots/pgfplotscoordprocessing.code.tex) (/usr/share/texlive/texmf-dist/tex/generic/pgfplots/pgfplots.errorbars.code.tex)
(/usr/share/texlive/texmf-dist/tex/generic/pgfplots/pgfplots.markers.code.tex) (/usr/share/texlive/texmf-dist/tex/generic/pgfplots/pgfplotsticks.code.tex) (/usr/share/texlive/texmf-dist/tex/generic/pgfplots/pgfplots.paths.code.tex) (/usr/share/texlive/texmf-dist/tex/generic/pgf/frontendlayer/tikz/libraries/tikzlibrarydecorations.code.tex (/usr/share/texlive/texmf-dist/tex/generic/pgf/modules/pgfmoduledecorations.code.tex
\pgfdecoratedcompleteddistance=\dimen258
\pgfdecoratedremainingdistance=\dimen259
\pgfdecoratedinputsegmentcompleteddistance=\dimen260
\pgfdecoratedinputsegmentremainingdistance=\dimen261
\pgf@decorate@distancetomove=\dimen262
\pgf@decorate@repeatstate=\count290
\pgfdecorationsegmentamplitude=\dimen263
\pgfdecorationsegmentlength=\dimen264
)
\tikz@lib@dec@box=\box62
) (/usr/share/texlive/texmf-dist/tex/generic/pgf/frontendlayer/tikz/libraries/tikzlibrarydecorations.pathmorphing.code.tex (/usr/share/texlive/texmf-dist/tex/generic/pgf/libraries/decorations/pgflibrarydecorations.pathmorphing.code.tex)) (/usr/share/texlive/texmf-dist/tex/generic/pgf/frontendlayer/tikz/libraries/tikzlibrarydecorations.pathreplacing.code.tex (/usr/share/texlive/texmf-dist/tex/generic/pgf/libraries/decorations/pgflibrarydecorations.pathreplacing.code.tex)) (/usr/share/texlive/texmf-dist/tex/generic/pgfplots/libs/tikzlibrarypgfplots.contourlua.code.tex)
\pgfplots@numplots=\count291
\pgfplots@xmin@reg=\dimen265
\pgfplots@xmax@reg=\dimen266
\pgfplots@ymin@reg=\dimen267
\pgfplots@ymax@reg=\dimen268
\pgfplots@zmin@reg=\dimen269
\pgfplots@zmax@reg=\dimen270
) (/usr/share/texlive/texmf-dist/tex/generic/pgf/frontendlayer/tikz/libraries/tikzlibraryplotmarks.code.tex
File: tikzlibraryplotmarks.code.tex 2023-01-15 v3.1.10 (3.1.10)
 (/usr/share/texlive/texmf-dist/tex/generic/pgf/libraries/pgflibraryplotmarks.code.tex
File: pgflibraryplotmarks.code.tex 2023-01-15 v3.1.10 (3.1.10)
))) (/usr/share/texlive/texmf-dist/tex/latex/tcolorbox/tcolorbox.sty
Package: tcolorbox 2024/01/10 version 6.2.0 text color boxes
 (/usr/share/texlive/texmf-dist/tex/latex/tools/verbatim.sty
Package: verbatim 2023-11-06 v1.5v LaTeX2e package for verbatim enhancements
\every@verbatim=\toks38
\verbatim@line=\toks39
\verbatim@in@stream=\read3
) (/usr/share/texlive/texmf-dist/tex/latex/environ/environ.sty
Package: environ 2014/05/04 v0.3 A new way to define environments
 (/usr/share/texlive/texmf-dist/tex/latex/trimspaces/trimspaces.sty
Package: trimspaces 2009/09/17 v1.1 Trim spaces around a token list
)
\@envbody=\toks40
) (/usr/share/texlive/texmf-dist/tex/latex/etoolbox/etoolbox.sty
Package: etoolbox 2020/10/05 v2.5k e-TeX tools for LaTeX (JAW)
\etb@tempcnta=\count292
)
\tcb@titlebox=\box63
\tcb@upperbox=\box64
\tcb@lowerbox=\box65
\tcb@phantombox=\box66
\c@tcbbreakpart=\count293
\c@tcblayer=\count294
\c@tcolorbox@number=\count295
\l__tcobox_tmpa_box=\box67
\l__tcobox_tmpa_dim=\dimen271
\tcb@temp=\box68
\tcb@temp=\box69
\tcb@temp=\box70
\tcb@temp=\box71
) (/usr/share/texlive/texmf-dist/tex/latex/listings/listings.sty
\lst@mode=\count296
\lst@gtempboxa=\box72
\lst@token=\toks41
\lst@length=\count297
\lst@currlwidth=\dimen272
\lst@column=\count298
\lst@pos=\count299
\lst@lostspace=\dimen273
\lst@width=\dimen274
\lst@newlines=\count300
\lst@lineno=\count301
\lst@maxwidth=\dimen275
 (/usr/share/texlive/texmf-dist/tex/latex/listings/lstmisc.sty
File: lstmisc.sty 2023/02/27 1.9 (Carsten Heinz)
\c@lstnumber=\count302
\lst@skipnumbers=\count303
\lst@framebox=\box73
) (/usr/share/texlive/texmf-dist/tex/latex/listings/listings.cfg
File: listings.cfg 2023/02/27 1.9 listings configuration
))
Package: listings 2023/02/27 1.9 (Carsten Heinz)
 (/usr/share/texlive/texmf-dist/tex/latex/amsmath/amsmath.sty
Package: amsmath 2023/05/13 v2.17o AMS math features
\@mathmargin=\skip50

For additional information on amsmath, use the `?' option.
(/usr/share/texlive/texmf-dist/tex/latex/amsmath/amstext.sty
Package: amstext 2021/08/26 v2.01 AMS text
 (/usr/share/texlive/texmf-dist/tex/latex/amsmath/amsgen.sty
File: amsgen.sty 1999/11/30 v2.0 generic functions
\@emptytoks=\toks42
\ex@=\dimen276
)) (/usr/share/texlive/texmf-dist/tex/latex/amsmath/amsbsy.sty
Package: amsbsy 1999/11/29 v1.2d Bold Symbols
\pmbraise@=\dimen277
) (/usr/share/texlive/texmf-dist/tex/latex/amsmath/amsopn.sty
Package: amsopn 2022/04/08 v2.04 operator names
)
\inf@bad=\count304
LaTeX Info: Redefining \frac on input line 234.
\uproot@=\count305
\leftroot@=\count306
LaTeX Info: Redefining \overline on input line 399.
LaTeX Info: Redefining \colon on input line 410.
\classnum@=\count307
\DOTSCASE@=\count308
LaTeX Info: Redefining \ldots on input line 496.
LaTeX Info: Redefining \dots on input line 499.
LaTeX Info: Redefining \cdots on input line 620.
\Mathstrutbox@=\box74
\strutbox@=\box75
LaTeX Info: Redefining \big on input line 722.
LaTeX Info: Redefining \Big on input line 723.
LaTeX Info: Redefining \bigg on input line 724.
LaTeX Info: Redefining \Bigg on input line 725.
\big@size=\dimen278
LaTeX Font Info:    Redeclaring font encoding OML on input line 743.
LaTeX Font Info:    Redeclaring font encoding OMS on input line 744.
\macc@depth=\count309
LaTeX Info: Redefining \bmod on input line 905.
LaTeX Info: Redefining \pmod on input line 910.
LaTeX Info: Redefining \smash on input line 940.
LaTeX Info: Redefining \relbar on input line 970.
LaTeX Info: Redefining \Relbar on input line 971.
\c@MaxMatrixCols=\count310
\dotsspace@=\muskip16
\c@parentequation=\count311
\dspbrk@lvl=\count312
\tag@help=\toks43
\row@=\count313
\column@=\count314
\maxfields@=\count315
\andhelp@=\toks44
\eqnshift@=\dimen279
\alignsep@=\dimen280
\tagshift@=\dimen281
\tagwidth@=\dimen282
\totwidth@=\dimen283
\lineht@=\dimen284
\@envbody=\toks45
\multlinegap=\skip51
\multlinetaggap=\skip52
\mathdisplay@stack=\toks46
LaTeX Info: Redefining \[ on input line 2953.
LaTeX Info: Redefining \] on input line 2954.
) (/usr/share/texlive/texmf-dist/tex/latex/tcolorbox/tcbskins.code.tex
Library (tcolorbox): 'tcbskins.code.tex' version '6.2.0'
(/usr/share/texlive/texmf-dist/tex/latex/tikzfill/tikzfill.image.sty
Package: tikzfill.image 2023/08/08 v1.0.1 Image filling library for TikZ
 (/usr/share/texlive/texmf-dist/tex/latex/tikzfill/tikzfill-common.sty
Package: tikzfill-common 2023/08/08 v1.0.1 Auxiliary code for tikzfill
) (/usr/share/texlive/texmf-dist/tex/latex/tikzfill/tikzlibraryfill.image.code.tex
File: tikzlibraryfill.image.code.tex 2023/08/08 v1.0.1 Image filling library
\l__tikzfill_img_box=\box76
)) (/usr/share/texlive/texmf-dist/tex/latex/tcolorbox/tcbskinsjigsaw.code.tex
Library (tcolorbox): 'tcbskinsjigsaw.code.tex' version '6.2.0'
)) (/usr/share/texlive/texmf-dist/tex/latex/tcolorbox/tcbbreakable.code.tex
Library (tcolorbox): 'tcbbreakable.code.tex' version '6.2.0'
(/usr/share/texlive/texmf-dist/tex/latex/pdfcol/pdfcol.sty
Package: pdfcol 2022-09-21 v1.7 Handle new color stacks for pdfTeX (HO)
 (/usr/share/texlive/texmf-dist/tex/generic/ltxcmds/ltxcmds.sty
Package: ltxcmds 2023-12-04 v1.26 LaTeX kernel commands for general use (HO)
) (/usr/share/texlive/texmf-dist/tex/generic/infwarerr/infwarerr.sty
Package: infwarerr 2019/12/03 v1.5 Providing info/warning/error messages (HO)
))
Package pdfcol Info: New color stack `tcb@breakable' = 1 on input line 23.
\tcb@testbox=\box77
\tcb@totalupperbox=\box78
\tcb@totallowerbox=\box79
) (/usr/share/texlive/texmf-dist/tex/latex/tcolorbox/tcbtheorems.code.tex
Library (tcolorbox): 'tcbtheorems.code.tex' version '6.2.0'
) (/usr/share/texlive/texmf-dist/tex/latex/l3backend/l3backend-pdftex.def
File: l3backend-pdftex.def 2024-01-04 L3 backend support: PDF output (pdfTeX)
\l__color_backend_stack_int=\count316
\l__pdf_internal_box=\box80
) (./SE.aux (./Chapters/Introduction.aux) (./Chapters/SoftWareCrisis.aux) (./Chapters/LifeCycle.aux) (./Chapters/Needs Analysis.aux) (./Chapters/UML.aux) (./Chapters/Conception.aux))
\openout1 = `SE.aux'.

LaTeX Font Info:    Checking defaults for OML/cmm/m/it on input line 56.
LaTeX Font Info:    ... okay on input line 56.
LaTeX Font Info:    Checking defaults for OMS/cmsy/m/n on input line 56.
LaTeX Font Info:    ... okay on input line 56.
LaTeX Font Info:    Checking defaults for OT1/cmr/m/n on input line 56.
LaTeX Font Info:    ... okay on input line 56.
LaTeX Font Info:    Checking defaults for T1/cmr/m/n on input line 56.
LaTeX Font Info:    ... okay on input line 56.
LaTeX Font Info:    Checking defaults for TS1/cmr/m/n on input line 56.
LaTeX Font Info:    ... okay on input line 56.
LaTeX Font Info:    Checking defaults for OMX/cmex/m/n on input line 56.
LaTeX Font Info:    ... okay on input line 56.
LaTeX Font Info:    Checking defaults for U/cmr/m/n on input line 56.
LaTeX Font Info:    ... okay on input line 56.

*geometry* driver: auto-detecting
*geometry* detected driver: pdftex
*geometry* verbose mode - [ preamble ] result:
* driver: pdftex
* paper: custom
* layout: <same size as paper>
* layoutoffset:(h,v)=(0.0pt,0.0pt)
* modes: 
* h-part:(L,W,R)=(42.67912pt, 625.96065pt, 42.67912pt)
* v-part:(T,H,B)=(56.9055pt, 569.05513pt, 56.9055pt)
* \paperwidth=711.3189pt
* \paperheight=682.86613pt
* \textwidth=625.96065pt
* \textheight=569.05513pt
* \oddsidemargin=-29.59087pt
* \evensidemargin=-29.59087pt
* \topmargin=-52.36449pt
* \headheight=12.0pt
* \headsep=25.0pt
* \topskip=10.0pt
* \footskip=30.0pt
* \marginparwidth=65.0pt
* \marginparsep=11.0pt
* \columnsep=10.0pt
* \skip\footins=9.0pt plus 4.0pt minus 2.0pt
* \hoffset=0.0pt
* \voffset=0.0pt
* \mag=1000
* \@twocolumnfalse
* \@twosidefalse
* \@mparswitchfalse
* \@reversemarginfalse
* (1in=72.27pt=25.4mm, 1cm=28.453pt)

(/usr/share/texlive/texmf-dist/tex/context/base/mkii/supp-pdf.mkii
[Loading MPS to PDF converter (version 2006.09.02).]
\scratchcounter=\count317
\scratchdimen=\dimen285
\scratchbox=\box81
\nofMPsegments=\count318
\nofMParguments=\count319
\everyMPshowfont=\toks47
\MPscratchCnt=\count320
\MPscratchDim=\dimen286
\MPnumerator=\count321
\makeMPintoPDFobject=\count322
\everyMPtoPDFconversion=\toks48
) (/usr/share/texlive/texmf-dist/tex/latex/epstopdf-pkg/epstopdf-base.sty
Package: epstopdf-base 2020-01-24 v2.11 Base part for package epstopdf
Package epstopdf-base Info: Redefining graphics rule for `.eps' on input line 485.
 (/usr/share/texlive/texmf-dist/tex/latex/latexconfig/epstopdf-sys.cfg
File: epstopdf-sys.cfg 2010/07/13 v1.3 Configuration of (r)epstopdf for TeX Live
))

Package pgfplots Warning: running in backwards compatibility mode (unsuitable tick labels; missing features). Consider writing \pgfplotsset{compat=1.18} into your preamble.
 on input line 56.

\c@lstlisting=\count323
\openout2 = `Chapters/Introduction.aux'.

(./Chapters/Introduction.tex
Underfull \hbox (badness 10000) in paragraph at lines 8--12

 []

) [1


{/var/lib/texmf/fonts/map/pdftex/updmap/pdftex.map}]
\openout2 = `Chapters/SoftWareCrisis.aux'.

 (./Chapters/SoftWareCrisis.tex [2



{/usr/share/texmf/fonts/enc/dvips/cm-super/cm-super-ts1.enc}] [3]) [4]
\openout2 = `Chapters/LifeCycle.aux'.

 (./Chapters/LifeCycle.tex [5



]
Underfull \hbox (badness 10000) in paragraph at lines 123--124

 []


Underfull \hbox (badness 10000) in paragraph at lines 125--127

 []


Underfull \hbox (badness 10000) in paragraph at lines 128--129

 []

[6] [7] [8]
Underfull \hbox (badness 10000) in paragraph at lines 239--242

 []

[9] [10] [11] [12]
Overfull \hbox (0.3997pt too wide) in paragraph at lines 423--424
 [] 
 []

[13]) [14]
\openout2 = `"Chapters/Needs Analysis.aux"'.

 (./Chapters/Needs Analysis.tex
Underfull \hbox (badness 10000) in paragraph at lines 8--10

 []


Underfull \hbox (badness 10000) in paragraph at lines 11--12

 []


Underfull \hbox (badness 10000) in paragraph at lines 34--36

 []

[15



] [16]) [17]
\openout2 = `Chapters/UML.aux'.

 (./Chapters/UML.tex
Overfull \hbox (14.62607pt too wide) in paragraph at lines 129--130
 [] 
 []

[18



] [19] [20]
Underfull \hbox (badness 10000) in paragraph at lines 406--408

 []

[21]
LaTeX Font Info:    Trying to load font information for OML+cmr on input line 511.
 (/usr/share/texlive/texmf-dist/tex/latex/base/omlcmr.fd
File: omlcmr.fd 2023/04/13 v2.5m Standard LaTeX font definitions
)
LaTeX Font Info:    Font shape `OML/cmr/m/n' in size <10> not available
(Font)              Font shape `OML/cmm/m/it' tried instead on input line 511.
 [22] [23]

pdfTeX warning: pdflatex (file ./Chapters/Diagram/OOP/EX1/ex1.drawio.pdf): PDF inclusion: found PDF version <1.7>, but at most version <1.5> allowed
<Chapters/Diagram/OOP/EX1/ex1.drawio.pdf, id=88, 418.4433pt x 73.2336pt>
File: Chapters/Diagram/OOP/EX1/ex1.drawio.pdf Graphic file (type pdf)
<use Chapters/Diagram/OOP/EX1/ex1.drawio.pdf>
Package pdftex.def Info: Chapters/Diagram/OOP/EX1/ex1.drawio.pdf  used on input line 622.
(pdftex.def)             Requested size: 625.96065pt x 109.55284pt.
(/usr/share/texlive/texmf-dist/tex/latex/listings/lstlang1.sty
File: lstlang1.sty 2023/02/27 1.9 listings language file
) (./Chapters/JAVA/EX1/Vehicle.java) [24 <./Chapters/Diagram/OOP/EX1/ex1.drawio.pdf>] (./Chapters/JAVA/EX1/VehicleType.java) (./Chapters/JAVA/EX1/Drivable.java) [25]

pdfTeX warning: pdflatex (file ./Chapters/Diagram/OOP/EX2/ex2.a.drawio.pdf): PDF inclusion: found PDF version <1.7>, but at most version <1.5> allowed
<Chapters/Diagram/OOP/EX2/ex2.a.drawio.pdf, id=116, 413.62529pt x 148.6353pt>
File: Chapters/Diagram/OOP/EX2/ex2.a.drawio.pdf Graphic file (type pdf)
<use Chapters/Diagram/OOP/EX2/ex2.a.drawio.pdf>
Package pdftex.def Info: Chapters/Diagram/OOP/EX2/ex2.a.drawio.pdf  used on input line 691.
(pdftex.def)             Requested size: 406.87059pt x 146.21725pt.
[26 <./Chapters/Diagram/OOP/EX2/ex2.a.drawio.pdf>] (./Chapters/JAVA/EX2/A/Employee.java)

pdfTeX warning: pdflatex (file ./Chapters/Diagram/OOP/EX2/ex2.b.drawio.pdf): PDF inclusion: found PDF version <1.7>, but at most version <1.5> allowed
<Chapters/Diagram/OOP/EX2/ex2.b.drawio.pdf, id=133, 605.36081pt x 91.27644pt>
File: Chapters/Diagram/OOP/EX2/ex2.b.drawio.pdf Graphic file (type pdf)
<use Chapters/Diagram/OOP/EX2/ex2.b.drawio.pdf>
Package pdftex.def Info: Chapters/Diagram/OOP/EX2/ex2.b.drawio.pdf  used on input line 702.
(pdftex.def)             Requested size: 625.96065pt x 94.38904pt.
(./Chapters/JAVA/EX2/B/Person.java) [27 <./Chapters/Diagram/OOP/EX2/ex2.b.drawio.pdf>] (./Chapters/JAVA/EX2/B/Address.java)

pdfTeX warning: pdflatex (file ./Chapters/Diagram/OOP/EX2/ex2.c.drawio.pdf): PDF inclusion: found PDF version <1.7>, but at most version <1.5> allowed
<Chapters/Diagram/OOP/EX2/ex2.c.drawio.pdf, id=148, 572.128pt x 120.44052pt>
File: Chapters/Diagram/OOP/EX2/ex2.c.drawio.pdf Graphic file (type pdf)
<use Chapters/Diagram/OOP/EX2/ex2.c.drawio.pdf>
Package pdftex.def Info: Chapters/Diagram/OOP/EX2/ex2.c.drawio.pdf  used on input line 716.
(pdftex.def)             Requested size: 625.96065pt x 131.77191pt.
(./Chapters/JAVA/EX2/C/Teacher.java) [28 <./Chapters/Diagram/OOP/EX2/ex2.c.drawio.pdf>] (./Chapters/JAVA/EX2/C/Article.java)

pdfTeX warning: pdflatex (file ./Chapters/Diagram/OOP/EX2/ex2.d.drawio.pdf): PDF inclusion: found PDF version <1.7>, but at most version <1.5> allowed
<Chapters/Diagram/OOP/EX2/ex2.d.drawio.pdf, id=163, 606.32823pt x 217.74895pt>
File: Chapters/Diagram/OOP/EX2/ex2.d.drawio.pdf Graphic file (type pdf)
<use Chapters/Diagram/OOP/EX2/ex2.d.drawio.pdf>
Package pdftex.def Info: Chapters/Diagram/OOP/EX2/ex2.d.drawio.pdf  used on input line 735.
(pdftex.def)             Requested size: 625.96065pt x 224.80222pt.
[29] (./Chapters/JAVA/EX2/D/Person.java) [30 <./Chapters/Diagram/OOP/EX2/ex2.d.drawio.pdf>] (./Chapters/JAVA/EX2/D/Organization.java) [31] (./Chapters/JAVA/EX2/D/WorkFor.java)

pdfTeX warning: pdflatex (file ./Chapters/Diagram/OOP/EX2/ex2.e.drawio.pdf): PDF inclusion: found PDF version <1.7>, but at most version <1.5> allowed
<Chapters/Diagram/OOP/EX2/ex2.e.drawio.pdf, id=186, 446.62859pt x 336.29637pt>
File: Chapters/Diagram/OOP/EX2/ex2.e.drawio.pdf Graphic file (type pdf)
<use Chapters/Diagram/OOP/EX2/ex2.e.drawio.pdf>
Package pdftex.def Info: Chapters/Diagram/OOP/EX2/ex2.e.drawio.pdf  used on input line 753.
(pdftex.def)             Requested size: 438.17053pt x 329.9274pt.
[32] (./Chapters/JAVA/EX2/E/Course.java) [33 <./Chapters/Diagram/OOP/EX2/ex2.e.drawio.pdf>] (./Chapters/JAVA/EX2/E/Instructor.java) (./Chapters/JAVA/EX2/E/Student.java) (./Chapters/JAVA/EX2/E/Enrollment.java) [34]

pdfTeX warning: pdflatex (file ./Chapters/Diagram/OOP/EX3/ex3.a.drawio.pdf): PDF inclusion: found PDF version <1.7>, but at most version <1.5> allowed
<Chapters/Diagram/OOP/EX3/ex3.a.drawio.pdf, id=210, 305.22029pt x 41.1939pt>
File: Chapters/Diagram/OOP/EX3/ex3.a.drawio.pdf Graphic file (type pdf)
<use Chapters/Diagram/OOP/EX3/ex3.a.drawio.pdf>
Package pdftex.def Info: Chapters/Diagram/OOP/EX3/ex3.a.drawio.pdf  used on input line 805.
(pdftex.def)             Requested size: 625.96065pt x 84.49072pt.
(./Chapters/JAVA/EX3/A/Printer.java) [35 <./Chapters/Diagram/OOP/EX3/ex3.a.drawio.pdf>] (./Chapters/JAVA/EX3/A/Document.java)

pdfTeX warning: pdflatex (file ./Chapters/Diagram/OOP/EX3/ex3.b.drawio.pdf): PDF inclusion: found PDF version <1.7>, but at most version <1.5> allowed
<Chapters/Diagram/OOP/EX3/ex3.b.drawio.pdf, id=227, 319.1925pt x 66.2475pt>
File: Chapters/Diagram/OOP/EX3/ex3.b.drawio.pdf Graphic file (type pdf)
<use Chapters/Diagram/OOP/EX3/ex3.b.drawio.pdf>
Package pdftex.def Info: Chapters/Diagram/OOP/EX3/ex3.b.drawio.pdf  used on input line 817.
(pdftex.def)             Requested size: 625.96065pt x 129.91798pt.
(./Chapters/JAVA/EX3/B/Email.java) (./Chapters/JAVA/EX3/B/EmailService.java)

pdfTeX warning: pdflatex (file ./Chapters/Diagram/OOP/EX3/ex3.c.drawio.pdf): PDF inclusion: found PDF version <1.7>, but at most version <1.5> allowed
<Chapters/Diagram/OOP/EX3/ex3.c.drawio.pdf, id=228, 435.54718pt x 66.2475pt>
File: Chapters/Diagram/OOP/EX3/ex3.c.drawio.pdf Graphic file (type pdf)
<use Chapters/Diagram/OOP/EX3/ex3.c.drawio.pdf>
Package pdftex.def Info: Chapters/Diagram/OOP/EX3/ex3.c.drawio.pdf  used on input line 828.
(pdftex.def)             Requested size: 625.96065pt x 95.2194pt.
[36 <./Chapters/Diagram/OOP/EX3/ex3.b.drawio.pdf>] (./Chapters/JAVA/EX3/C/Report.java) (./Chapters/JAVA/EX3/C/ReportGenerator.java)

pdfTeX warning: pdflatex (file ./Chapters/Diagram/OOP/EX4/ex4.drawio.pdf): PDF inclusion: found PDF version <1.7>, but at most version <1.5> allowed
<Chapters/Diagram/OOP/EX4/ex4.drawio.pdf, id=245, 334.3692pt x 197.7789pt>
File: Chapters/Diagram/OOP/EX4/ex4.drawio.pdf Graphic file (type pdf)
<use Chapters/Diagram/OOP/EX4/ex4.drawio.pdf>
Package pdftex.def Info: Chapters/Diagram/OOP/EX4/ex4.drawio.pdf  used on input line 854.
(pdftex.def)             Requested size: 375.5802pt x 222.16875pt.
[37 <./Chapters/Diagram/OOP/EX3/ex3.c.drawio.pdf>] (./Chapters/JAVA/EX4/Animal.java) (./Chapters/JAVA/EX4/Cat.java) [38 <./Chapters/Diagram/OOP/EX4/ex4.drawio.pdf>] (./Chapters/JAVA/EX4/Dog.java)

pdfTeX warning: pdflatex (file ./Chapters/Diagram/OOP/EX5/ex5.drawio.pdf): PDF inclusion: found PDF version <1.7>, but at most version <1.5> allowed
<Chapters/Diagram/OOP/EX5/ex5.drawio.pdf, id=284, 485.89528pt x 83.3514pt>
File: Chapters/Diagram/OOP/EX5/ex5.drawio.pdf Graphic file (type pdf)
<use Chapters/Diagram/OOP/EX5/ex5.drawio.pdf>
Package pdftex.def Info: Chapters/Diagram/OOP/EX5/ex5.drawio.pdf  used on input line 878.
(pdftex.def)             Requested size: 563.36075pt x 96.64314pt.
(./Chapters/JAVA/EX5/Teacher.java) [39 <./Chapters/Diagram/OOP/EX5/ex5.drawio.pdf>] (./Chapters/JAVA/EX5/Department.java)

pdfTeX warning: pdflatex (file ./Chapters/Diagram/OOP/EX6/ex6.drawio.pdf): PDF inclusion: found PDF version <1.7>, but at most version <1.5> allowed
<Chapters/Diagram/OOP/EX6/ex6.drawio.pdf, id=301, 598.13385pt x 223.78093pt>
File: Chapters/Diagram/OOP/EX6/ex6.drawio.pdf Graphic file (type pdf)
<use Chapters/Diagram/OOP/EX6/ex6.drawio.pdf>
Package pdftex.def Info: Chapters/Diagram/OOP/EX6/ex6.drawio.pdf  used on input line 899.
(pdftex.def)             Requested size: 563.36075pt x 210.77066pt.
[40] (./Chapters/JAVA/EX6/Version.java) (./Chapters/JAVA/EX6/fileExtension.java) [41 <./Chapters/Diagram/OOP/EX6/ex6.drawio.pdf>] (./Chapters/JAVA/EX6/Document.java)

pdfTeX warning: pdflatex (file ./Chapters/Diagram/OOP/Sum/Enum/enum.drawio.pdf): PDF inclusion: found PDF version <1.7>, but at most version <1.5> allowed
<Chapters/Diagram/OOP/Sum/Enum/enum.drawio.pdf, id=324, 222.8325pt x 67.2111pt>
File: Chapters/Diagram/OOP/Sum/Enum/enum.drawio.pdf Graphic file (type pdf)
<use Chapters/Diagram/OOP/Sum/Enum/enum.drawio.pdf>
Package pdftex.def Info: Chapters/Diagram/OOP/Sum/Enum/enum.drawio.pdf  used on input line 916.
(pdftex.def)             Requested size: 375.5802pt x 113.29231pt.
[42]

pdfTeX warning: pdflatex (file ./Chapters/Diagram/OOP/Sum/Inter/inte.drawio.pdf): PDF inclusion: found PDF version <1.7>, but at most version <1.5> allowed
<Chapters/Diagram/OOP/Sum/Inter/inte.drawio.pdf, id=328, 341.34772pt x 89.3701pt>
File: Chapters/Diagram/OOP/Sum/Inter/inte.drawio.pdf Graphic file (type pdf)
<use Chapters/Diagram/OOP/Sum/Inter/inte.drawio.pdf>
Package pdftex.def Info: Chapters/Diagram/OOP/Sum/Inter/inte.drawio.pdf  used on input line 921.
(pdftex.def)             Requested size: 500.77042pt x 131.10927pt.


pdfTeX warning: pdflatex (file ./Chapters/Diagram/OOP/Sum/reflexiveAssoc/selfassoc.drawio.pdf): PDF inclusion: found PDF version <1.7>, but at most version <1.5> allowed
<Chapters/Diagram/OOP/Sum/reflexiveAssoc/selfassoc.drawio.pdf, id=329, 138.50803pt x 81.40334pt>
File: Chapters/Diagram/OOP/Sum/reflexiveAssoc/selfassoc.drawio.pdf Graphic file (type pdf)
<use Chapters/Diagram/OOP/Sum/reflexiveAssoc/selfassoc.drawio.pdf>
Package pdftex.def Info: Chapters/Diagram/OOP/Sum/reflexiveAssoc/selfassoc.drawio.pdf  used on input line 926.
(pdftex.def)             Requested size: 250.38043pt x 147.16058pt.


pdfTeX warning: pdflatex (file ./Chapters/Diagram/OOP/Sum/SAssoc/simpleassoc.drawio.pdf): PDF inclusion: found PDF version <1.7>, but at most version <1.5> allowed
<Chapters/Diagram/OOP/Sum/SAssoc/simpleassoc.drawio.pdf, id=330, 327.12132pt x 66.23802pt>
File: Chapters/Diagram/OOP/Sum/SAssoc/simpleassoc.drawio.pdf Graphic file (type pdf)
<use Chapters/Diagram/OOP/Sum/SAssoc/simpleassoc.drawio.pdf>
Package pdftex.def Info: Chapters/Diagram/OOP/Sum/SAssoc/simpleassoc.drawio.pdf  used on input line 932.
(pdftex.def)             Requested size: 469.47047pt x 95.06932pt.
[43 <./Chapters/Diagram/OOP/Sum/Enum/enum.drawio.pdf> <./Chapters/Diagram/OOP/Sum/Inter/inte.drawio.pdf> <./Chapters/Diagram/OOP/Sum/reflexiveAssoc/selfassoc.drawio.pdf>]

pdfTeX warning: pdflatex (file ./Chapters/Diagram/OOP/Sum/NaryAssoc/naryassoc.drawio.pdf): PDF inclusion: found PDF version <1.7>, but at most version <1.5> allowed
<Chapters/Diagram/OOP/Sum/NaryAssoc/naryassoc.drawio.pdf, id=382, 298.21333pt x 210.77802pt>
File: Chapters/Diagram/OOP/Sum/NaryAssoc/naryassoc.drawio.pdf Graphic file (type pdf)
<use Chapters/Diagram/OOP/Sum/NaryAssoc/naryassoc.drawio.pdf>
Package pdftex.def Info: Chapters/Diagram/OOP/Sum/NaryAssoc/naryassoc.drawio.pdf  used on input line 938.
(pdftex.def)             Requested size: 406.87059pt x 287.59987pt.


pdfTeX warning: pdflatex (file ./Chapters/Diagram/OOP/Sum/Class Association/classassoc.drawio.pdf): PDF inclusion: found PDF version <1.7>, but at most version <1.5> allowed
<Chapters/Diagram/OOP/Sum/Class Association/classassoc.drawio.pdf, id=383, 391.453pt x 113.44115pt>
File: Chapters/Diagram/OOP/Sum/Class Association/classassoc.drawio.pdf Graphic file (type pdf)
<use Chapters/Diagram/OOP/Sum/Class Association/classassoc.drawio.pdf>
Package pdftex.def Info: Chapters/Diagram/OOP/Sum/Class Association/classassoc.drawio.pdf  used on input line 944.
(pdftex.def)             Requested size: 469.47047pt x 136.05424pt.
[44 <./Chapters/Diagram/OOP/Sum/SAssoc/simpleassoc.drawio.pdf> <./Chapters/Diagram/OOP/Sum/NaryAssoc/naryassoc.drawio.pdf>]

pdfTeX warning: pdflatex (file ./Chapters/Diagram/OOP/Sum/Depend/depend.drawio.pdf): PDF inclusion: found PDF version <1.7>, but at most version <1.5> allowed
<Chapters/Diagram/OOP/Sum/Depend/depend.drawio.pdf, id=409, 327.12132pt x 66.23802pt>
File: Chapters/Diagram/OOP/Sum/Depend/depend.drawio.pdf Graphic file (type pdf)
<use Chapters/Diagram/OOP/Sum/Depend/depend.drawio.pdf>
Package pdftex.def Info: Chapters/Diagram/OOP/Sum/Depend/depend.drawio.pdf  used on input line 950.
(pdftex.def)             Requested size: 469.47047pt x 95.06932pt.


pdfTeX warning: pdflatex (file ./Chapters/Diagram/OOP/Sum/Inhe/inherit.drawio.pdf): PDF inclusion: found PDF version <1.7>, but at most version <1.5> allowed
<Chapters/Diagram/OOP/Sum/Inhe/inherit.drawio.pdf, id=410, 327.12132pt x 66.23802pt>
File: Chapters/Diagram/OOP/Sum/Inhe/inherit.drawio.pdf Graphic file (type pdf)
<use Chapters/Diagram/OOP/Sum/Inhe/inherit.drawio.pdf>
Package pdftex.def Info: Chapters/Diagram/OOP/Sum/Inhe/inherit.drawio.pdf  used on input line 956.
(pdftex.def)             Requested size: 469.47047pt x 95.06932pt.


pdfTeX warning: pdflatex (file ./Chapters/Diagram/OOP/Sum/Aggrega/aggrega.drawio.pdf): PDF inclusion: found PDF version <1.7>, but at most version <1.5> allowed
<Chapters/Diagram/OOP/Sum/Aggrega/aggrega.drawio.pdf, id=411, 345.18883pt x 66.23802pt>
File: Chapters/Diagram/OOP/Sum/Aggrega/aggrega.drawio.pdf Graphic file (type pdf)
<use Chapters/Diagram/OOP/Sum/Aggrega/aggrega.drawio.pdf>
Package pdftex.def Info: Chapters/Diagram/OOP/Sum/Aggrega/aggrega.drawio.pdf  used on input line 962.
(pdftex.def)             Requested size: 469.47047pt x 90.08551pt.


pdfTeX warning: pdflatex (file ./Chapters/Diagram/OOP/Sum/Composition/composition.drawio.pdf): PDF inclusion: found PDF version <1.7>, but at most version <1.5> allowed
<Chapters/Diagram/OOP/Sum/Composition/composition.drawio.pdf, id=412, 345.18883pt x 66.23802pt>
File: Chapters/Diagram/OOP/Sum/Composition/composition.drawio.pdf Graphic file (type pdf)
<use Chapters/Diagram/OOP/Sum/Composition/composition.drawio.pdf>
Package pdftex.def Info: Chapters/Diagram/OOP/Sum/Composition/composition.drawio.pdf  used on input line 968.
(pdftex.def)             Requested size: 469.47047pt x 90.08551pt.
[45 <./Chapters/Diagram/OOP/Sum/Class Association/classassoc.drawio.pdf> <./Chapters/Diagram/OOP/Sum/Depend/depend.drawio.pdf> <./Chapters/Diagram/OOP/Sum/Inhe/inherit.drawio.pdf> <./Chapters/Diagram/OOP/Sum/Aggrega/aggrega.drawio.pdf>]) [46 <./Chapters/Diagram/OOP/Sum/Composition/composition.drawio.pdf>]
\openout2 = `Chapters/Conception.aux'.

 (./Chapters/Conception.tex [47



] [48] [49]

pdfTeX warning: pdflatex (file ./Chapters/Diagram/DFD/dfd2.drawio.pdf): PDF inclusion: found PDF version <1.7>, but at most version <1.5> allowed
<Chapters/Diagram/DFD/dfd2.drawio.pdf, id=484, 515.04419pt x 154.6578pt>
File: Chapters/Diagram/DFD/dfd2.drawio.pdf Graphic file (type pdf)
<use Chapters/Diagram/DFD/dfd2.drawio.pdf>
Package pdftex.def Info: Chapters/Diagram/DFD/dfd2.drawio.pdf  used on input line 231.
(pdftex.def)             Requested size: 563.36075pt x 169.18013pt.
[50]

pdfTeX warning: pdflatex (file ./Chapters/Diagram/SD/smb.drawio.pdf): PDF inclusion: found PDF version <1.7>, but at most version <1.5> allowed
<Chapters/Diagram/SD/smb.drawio.pdf, id=488, 385.44pt x 174.6525pt>
File: Chapters/Diagram/SD/smb.drawio.pdf Graphic file (type pdf)
<use Chapters/Diagram/SD/smb.drawio.pdf>
Package pdftex.def Info: Chapters/Diagram/SD/smb.drawio.pdf  used on input line 253.
(pdftex.def)             Requested size: 563.36075pt x 255.27301pt.
[51 <./Chapters/Diagram/DFD/dfd2.drawio.pdf>]

pdfTeX warning: pdflatex (file ./Chapters/Diagram/SD/sd1.drawio.pdf): PDF inclusion: found PDF version <1.7>, but at most version <1.5> allowed
<Chapters/Diagram/SD/sd1.drawio.pdf, id=501, 470.7186pt x 290.0436pt>
File: Chapters/Diagram/SD/sd1.drawio.pdf Graphic file (type pdf)
<use Chapters/Diagram/SD/sd1.drawio.pdf>
Package pdftex.def Info: Chapters/Diagram/SD/sd1.drawio.pdf  used on input line 277.
(pdftex.def)             Requested size: 532.07036pt x 327.86493pt.
[52 <./Chapters/Diagram/SD/smb.drawio.pdf>]

pdfTeX warning: pdflatex (file ./Chapters/Diagram/SD/sd2.drawio.pdf): PDF inclusion: found PDF version <1.7>, but at most version <1.5> allowed
<Chapters/Diagram/SD/sd2.drawio.pdf, id=520, 558.16531pt x 139.4811pt>
File: Chapters/Diagram/SD/sd2.drawio.pdf Graphic file (type pdf)
<use Chapters/Diagram/SD/sd2.drawio.pdf>
Package pdftex.def Info: Chapters/Diagram/SD/sd2.drawio.pdf  used on input line 287.
(pdftex.def)             Requested size: 532.07036pt x 132.96811pt.


pdfTeX warning: pdflatex (file ./Chapters/Diagram/SD/sd3.drawio.pdf): PDF inclusion: found PDF version <1.7>, but at most version <1.5> allowed
<Chapters/Diagram/SD/sd3.drawio.pdf, id=521, 515.04419pt x 246.9225pt>
File: Chapters/Diagram/SD/sd3.drawio.pdf Graphic file (type pdf)
<use Chapters/Diagram/SD/sd3.drawio.pdf>
Package pdftex.def Info: Chapters/Diagram/SD/sd3.drawio.pdf  used on input line 294.
(pdftex.def)             Requested size: 500.77042pt x 240.08344pt.
[53 <./Chapters/Diagram/SD/sd1.drawio.pdf> <./Chapters/Diagram/SD/sd2.drawio.pdf>]

pdfTeX warning: pdflatex (file ./Chapters/Diagram/SQD/sym.drawio.pdf): PDF inclusion: found PDF version <1.7>, but at most version <1.5> allowed
<Chapters/Diagram/SQD/sym.drawio.pdf, id=543, 385.44pt x 435.54718pt>
File: Chapters/Diagram/SQD/sym.drawio.pdf Graphic file (type pdf)
<use Chapters/Diagram/SQD/sym.drawio.pdf>
Package pdftex.def Info: Chapters/Diagram/SQD/sym.drawio.pdf  used on input line 309.
(pdftex.def)             Requested size: 500.77042pt x 565.8723pt.
[54 <./Chapters/Diagram/SD/sd3.drawio.pdf>]
Overfull \vbox (19.0087pt too high) has occurred while \output is active []

 [55 <./Chapters/Diagram/SQD/sym.drawio.pdf>]

pdfTeX warning: pdflatex (file ./Chapters/Diagram/SQD/sqd.drawio.pdf): PDF inclusion: found PDF version <1.7>, but at most version <1.5> allowed
<Chapters/Diagram/SQD/sqd.drawio.pdf, id=574, 517.935pt x 266.91718pt>
File: Chapters/Diagram/SQD/sqd.drawio.pdf Graphic file (type pdf)
<use Chapters/Diagram/SQD/sqd.drawio.pdf>
Package pdftex.def Info: Chapters/Diagram/SQD/sqd.drawio.pdf  used on input line 317.
(pdftex.def)             Requested size: 594.66069pt x 306.49213pt.


pdfTeX warning: pdflatex (file ./Chapters/Diagram/ST/sym.drawio.pdf): PDF inclusion: found PDF version <1.7>, but at most version <1.5> allowed
<Chapters/Diagram/ST/sym.drawio.pdf, id=575, 385.44pt x 262.0992pt>
File: Chapters/Diagram/ST/sym.drawio.pdf Graphic file (type pdf)
<use Chapters/Diagram/ST/sym.drawio.pdf>
Package pdftex.def Info: Chapters/Diagram/ST/sym.drawio.pdf  used on input line 331.
(pdftex.def)             Requested size: 500.77042pt x 340.52493pt.
[56 <./Chapters/Diagram/SQD/sqd.drawio.pdf>]

pdfTeX warning: pdflatex (file ./Chapters/Diagram/ST/state.drawio.pdf): PDF inclusion: found PDF version <1.7>, but at most version <1.5> allowed
<Chapters/Diagram/ST/state.drawio.pdf, id=588, 369.29968pt x 162.6075pt>
File: Chapters/Diagram/ST/state.drawio.pdf Graphic file (type pdf)
<use Chapters/Diagram/ST/state.drawio.pdf>
Package pdftex.def Info: Chapters/Diagram/ST/state.drawio.pdf  used on input line 343.
(pdftex.def)             Requested size: 594.66069pt x 261.86948pt.
[57 <./Chapters/Diagram/ST/sym.drawio.pdf>]

pdfTeX warning: pdflatex (file ./Chapters/Diagram/AC/sym.drawio.pdf): PDF inclusion: found PDF version <1.7>, but at most version <1.5> allowed
<Chapters/Diagram/AC/sym.drawio.pdf, id=611, 353.99152pt x 586.22314pt>
File: Chapters/Diagram/AC/sym.drawio.pdf Graphic file (type pdf)
<use Chapters/Diagram/AC/sym.drawio.pdf>
Package pdftex.def Info: Chapters/Diagram/AC/sym.drawio.pdf  used on input line 357.
(pdftex.def)             Requested size: 447.58188pt x 512.17471pt.
[58 <./Chapters/Diagram/ST/state.drawio.pdf>]

pdfTeX warning: pdflatex (file ./Chapters/Diagram/AC/ac1.drawio.pdf): PDF inclusion: found PDF version <1.7>, but at most version <1.5> allowed
<Chapters/Diagram/AC/ac1.drawio.pdf, id=624, 190.60912pt x 274.73741pt>
File: Chapters/Diagram/AC/ac1.drawio.pdf Graphic file (type pdf)
<use Chapters/Diagram/AC/ac1.drawio.pdf>
Package pdftex.def Info: Chapters/Diagram/AC/ac1.drawio.pdf  used on input line 366.
(pdftex.def)             Requested size: 344.30602pt x 341.4548pt.
[59 <./Chapters/Diagram/AC/sym.drawio.pdf>]

pdfTeX warning: pdflatex (file ./Chapters/Diagram/AC/ac2.drawio.pdf): PDF inclusion: found PDF version <1.7>, but at most version <1.5> allowed
<Chapters/Diagram/AC/ac2.drawio.pdf, id=645, 449.76028pt x 264.02641pt>
File: Chapters/Diagram/AC/ac2.drawio.pdf Graphic file (type pdf)
<use Chapters/Diagram/AC/ac2.drawio.pdf>
Package pdftex.def Info: Chapters/Diagram/AC/ac2.drawio.pdf  used on input line 370.
(pdftex.def)             Requested size: 594.66676pt x 369.91644pt.
[60 <./Chapters/Diagram/AC/ac1.drawio.pdf>] [61 <./Chapters/Diagram/AC/ac2.drawio.pdf>] [62] [63]

pdfTeX warning: pdflatex (file ./Chapters/DesignPattern/Singleton/single.drawio.pdf): PDF inclusion: found PDF version <1.7>, but at most version <1.5> allowed
<Chapters/DesignPattern/Singleton/single.drawio.pdf, id=680, 155.6214pt x 90.3375pt>
File: Chapters/DesignPattern/Singleton/single.drawio.pdf Graphic file (type pdf)
<use Chapters/DesignPattern/Singleton/single.drawio.pdf>
Package pdftex.def Info: Chapters/DesignPattern/Singleton/single.drawio.pdf  used on input line 478.
(pdftex.def)             Requested size: 375.64557pt x 199.19244pt.
(./Chapters/DesignPattern/Singleton/S1/Singleton.java) (./Chapters/DesignPattern/Singleton/S1/Main.java [64 <./Chapters/DesignPattern/Singleton/single.drawio.pdf>])

pdfTeX warning: pdflatex (file ./Chapters/DesignPattern/Singleton/single2.drawio.pdf): PDF inclusion: found PDF version <1.7>, but at most version <1.5> allowed
<Chapters/DesignPattern/Singleton/single2.drawio.pdf, id=697, 135.13786pt x 110.46771pt>
File: Chapters/DesignPattern/Singleton/single2.drawio.pdf Graphic file (type pdf)
<use Chapters/DesignPattern/Singleton/single2.drawio.pdf>
Package pdftex.def Info: Chapters/DesignPattern/Singleton/single2.drawio.pdf  used on input line 502.
(pdftex.def)             Requested size: 250.40321pt x 170.73941pt.
(./Chapters/DesignPattern/Singleton/S2/Main.java) (./Chapters/DesignPattern/Singleton/S2/dataBaseManager.java [65 <./Chapters/DesignPattern/Singleton/single2.drawio.pdf>]) [66]

pdfTeX warning: pdflatex (file ./Chapters/DesignPattern/Composite/comp1.drawio.pdf): PDF inclusion: found PDF version <1.7>, but at most version <1.5> allowed
<Chapters/DesignPattern/Composite/comp1.drawio.pdf, id=719, 288.17664pt x 137.46356pt>
File: Chapters/DesignPattern/Composite/comp1.drawio.pdf Graphic file (type pdf)
<use Chapters/DesignPattern/Composite/comp1.drawio.pdf>
Package pdftex.def Info: Chapters/DesignPattern/Composite/comp1.drawio.pdf  used on input line 527.
(pdftex.def)             Requested size: 344.30197pt x 199.18698pt.
(./Chapters/DesignPattern/Composite/C1/Element.java [67 <./Chapters/DesignPattern/Composite/comp1.drawio.pdf>]) (./Chapters/DesignPattern/Composite/C1/Leaf.java) (./Chapters/DesignPattern/Composite/C1/Composite.java) [68] (./Chapters/DesignPattern/Composite/C1/Main.java)

pdfTeX warning: pdflatex (file ./Chapters/DesignPattern/Composite/tree.drawio.pdf): PDF inclusion: found PDF version <1.7>, but at most version <1.5> allowed
<Chapters/DesignPattern/Composite/tree.drawio.pdf, id=742, 361.9673pt x 193.21585pt>
File: Chapters/DesignPattern/Composite/tree.drawio.pdf Graphic file (type pdf)
<use Chapters/DesignPattern/Composite/tree.drawio.pdf>
Package pdftex.def Info: Chapters/DesignPattern/Composite/tree.drawio.pdf  used on input line 577.
(pdftex.def)             Requested size: 344.30331pt x 227.6301pt.
[69]

pdfTeX warning: pdflatex (file ./Chapters/DesignPattern/Composite/comp2.drawio.pdf): PDF inclusion: found PDF version <1.7>, but at most version <1.5> allowed
<Chapters/DesignPattern/Composite/comp2.drawio.pdf, id=746, 285.66566pt x 206.16867pt>
File: Chapters/DesignPattern/Composite/comp2.drawio.pdf Graphic file (type pdf)
<use Chapters/DesignPattern/Composite/comp2.drawio.pdf>
Package pdftex.def Info: Chapters/DesignPattern/Composite/comp2.drawio.pdf  used on input line 585.
(pdftex.def)             Requested size: 344.2878pt x 227.62932pt.
[70 <./Chapters/DesignPattern/Composite/tree.drawio.pdf> <./Chapters/DesignPattern/Composite/comp2.drawio.pdf>] (./Chapters/DesignPattern/Composite/C2/GeoForm.java) (./Chapters/DesignPattern/Composite/C2/simpleForm.java) (./Chapters/DesignPattern/Composite/C2/formType.java) [71] (./Chapters/DesignPattern/Composite/C2/complexForm.java) [72] (./Chapters/DesignPattern/Composite/C2/Main.java)

pdfTeX warning: pdflatex (file ./Chapters/DesignPattern/Observer/obs1.drawio.pdf): PDF inclusion: found PDF version <1.7>, but at most version <1.5> allowed
<Chapters/DesignPattern/Observer/obs1.drawio.pdf, id=778, 277.15544pt x 164.41425pt>
File: Chapters/DesignPattern/Observer/obs1.drawio.pdf Graphic file (type pdf)
<use Chapters/DesignPattern/Observer/obs1.drawio.pdf>
Package pdftex.def Info: Chapters/DesignPattern/Observer/obs1.drawio.pdf  used on input line 616.
(pdftex.def)             Requested size: 344.31622pt x 199.18016pt.
[73] [74 <./Chapters/DesignPattern/Observer/obs1.drawio.pdf>] (./Chapters/DesignPattern/Observer/O1/Observer.java) (./Chapters/DesignPattern/Observer/O1/Subject.java) (./Chapters/DesignPattern/Observer/O1/concretObserver.java) [75] (./Chapters/DesignPattern/Observer/O1/concretSubject.java) (./Chapters/DesignPattern/Observer/O1/Main.java) [76]

pdfTeX warning: pdflatex (file ./Chapters/DesignPattern/Observer/obs2.drawio.pdf): PDF inclusion: found PDF version <1.7>, but at most version <1.5> allowed
<Chapters/DesignPattern/Observer/obs2.drawio.pdf, id=807, 274.41522pt x 162.8484pt>
File: Chapters/DesignPattern/Observer/obs2.drawio.pdf Graphic file (type pdf)
<use Chapters/DesignPattern/Observer/obs2.drawio.pdf>
Package pdftex.def Info: Chapters/DesignPattern/Observer/obs2.drawio.pdf  used on input line 666.
(pdftex.def)             Requested size: 344.28691pt x 227.62341pt.
[77 <./Chapters/DesignPattern/Observer/obs2.drawio.pdf>] (./Chapters/DesignPattern/Observer/O2/Student.java) (./Chapters/DesignPattern/Observer/O2/Teacher.java) (./Chapters/DesignPattern/Observer/O2/concretStudent.java) [78] (./Chapters/DesignPattern/Observer/O2/concretTeacher.java) (./Chapters/DesignPattern/Observer/O2/Main.java) [79]) [80] (./SE.aux (./Chapters/Introduction.aux) (./Chapters/SoftWareCrisis.aux) (./Chapters/LifeCycle.aux) (./Chapters/Needs Analysis.aux) (./Chapters/UML.aux) (./Chapters/Conception.aux))
 ***********
LaTeX2e <2023-11-01> patch level 1
L3 programming layer <2024-01-22>
 ***********
 ) 
Here is how much of TeX's memory you used:
 32201 strings out of 474222
 823675 string characters out of 5748732
 2043975 words of memory out of 5000000
 53835 multiletter control sequences out of 15000+600000
 563992 words of font info for 58 fonts, out of 8000000 for 9000
 1141 hyphenation exceptions out of 8191
 99i,17n,107p,725b,2169s stack positions out of 10000i,1000n,20000p,200000b,200000s
</usr/share/texlive/texmf-dist/fonts/type1/public/amsfonts/cm/cmbx10.pfb></usr/share/texlive/texmf-dist/fonts/type1/public/amsfonts/cm/cmbx12.pfb></usr/share/texlive/texmf-dist/fonts/type1/public/amsfonts/cm/cmmi10.pfb></usr/share/texlive/texmf-dist/fonts/type1/public/amsfonts/cm/cmmi7.pfb></usr/share/texlive/texmf-dist/fonts/type1/public/amsfonts/cm/cmr10.pfb></usr/share/texlive/texmf-dist/fonts/type1/public/amsfonts/cm/cmr5.pfb></usr/share/texlive/texmf-dist/fonts/type1/public/amsfonts/cm/cmr7.pfb></usr/share/texlive/texmf-dist/fonts/type1/public/amsfonts/cm/cmsy10.pfb></usr/share/texlive/texmf-dist/fonts/type1/public/amsfonts/cm/cmtt10.pfb></usr/share/texlive/texmf-dist/fonts/type1/public/amsfonts/cm/cmtt8.pfb></usr/share/texmf/fonts/type1/public/cm-super/sfrm1000.pfb>
Output written on SE.pdf (80 pages, 1525183 bytes).
PDF statistics:
 888 PDF objects out of 1000 (max. 8388607)
 572 compressed objects within 6 object streams
 0 named destinations out of 1000 (max. 500000)
 218 words of extra memory for PDF output out of 10000 (max. 10000000)

