This is pdfTeX, Version 3.141592653-2.6-1.40.25 (TeX Live 2023/Debian) (preloaded format=pdflatex 2024.11.12)  13 NOV 2025 12:12
entering extended mode
 \write18 enabled.
 file:line:error style messages enabled.
 %&-line parsing enabled.
**RES_TP1.tex
(./RES_TP1.tex
LaTeX2e <2023-11-01> patch level 1
L3 programming layer <2024-01-22>
(/usr/share/texlive/texmf-dist/tex/latex/base/article.cls
Document Class: article 2023/05/17 v1.4n Standard LaTeX document class
(/usr/share/texlive/texmf-dist/tex/latex/base/size10.clo
File: size10.clo 2023/05/17 v1.4n Standard LaTeX file (size option)
)
\c@part=\count187
\c@section=\count188
\c@subsection=\count189
\c@subsubsection=\count190
\c@paragraph=\count191
\c@subparagraph=\count192
\c@figure=\count193
\c@table=\count194
\abovecaptionskip=\skip48
\belowcaptionskip=\skip49
\bibindent=\dimen140
) (/usr/share/texlive/texmf-dist/tex/latex/geometry/geometry.sty
Package: geometry 2020/01/02 v5.9 Page Geometry
 (/usr/share/texlive/texmf-dist/tex/latex/graphics/keyval.sty
Package: keyval 2022/05/29 v1.15 key=value parser (DPC)
\KV@toks@=\toks17
) (/usr/share/texlive/texmf-dist/tex/generic/iftex/ifvtex.sty
Package: ifvtex 2019/10/25 v1.7 ifvtex legacy package. Use iftex instead.
 (/usr/share/texlive/texmf-dist/tex/generic/iftex/iftex.sty
Package: iftex 2022/02/03 v1.0f TeX engine tests
))
\Gm@cnth=\count195
\Gm@cntv=\count196
\c@Gm@tempcnt=\count197
\Gm@bindingoffset=\dimen141
\Gm@wd@mp=\dimen142
\Gm@odd@mp=\dimen143
\Gm@even@mp=\dimen144
\Gm@layoutwidth=\dimen145
\Gm@layoutheight=\dimen146
\Gm@layouthoffset=\dimen147
\Gm@layoutvoffset=\dimen148
\Gm@dimlist=\toks18
)
\c@commentCount=\count198
\c@filePrg=\count199
\c@inputPrg=\count266
 (/usr/share/texlive/texmf-dist/tex/latex/xcolor/xcolor.sty
Package: xcolor 2023/11/15 v3.01 LaTeX color extensions (UK)
 (/usr/share/texlive/texmf-dist/tex/latex/graphics-cfg/color.cfg
File: color.cfg 2016/01/02 v1.6 sample color configuration
)
Package xcolor Info: Driver file: pdftex.def on input line 274.
 (/usr/share/texlive/texmf-dist/tex/latex/graphics-def/pdftex.def
File: pdftex.def 2022/09/22 v1.2b Graphics/color driver for pdftex
) (/usr/share/texlive/texmf-dist/tex/latex/graphics/mathcolor.ltx)
Package xcolor Info: Model `cmy' substituted by `cmy0' on input line 1350.
Package xcolor Info: Model `hsb' substituted by `rgb' on input line 1354.
Package xcolor Info: Model `RGB' extended on input line 1366.
Package xcolor Info: Model `HTML' substituted by `rgb' on input line 1368.
Package xcolor Info: Model `Hsb' substituted by `hsb' on input line 1369.
Package xcolor Info: Model `tHsb' substituted by `hsb' on input line 1370.
Package xcolor Info: Model `HSB' substituted by `hsb' on input line 1371.
Package xcolor Info: Model `Gray' substituted by `gray' on input line 1372.
Package xcolor Info: Model `wave' substituted by `hsb' on input line 1373.
) (/usr/share/texlive/texmf-dist/tex/latex/graphics/dvipsnam.def
File: dvipsnam.def 2016/06/17 v3.0m Driver-dependent file (DPC,SPQR)
) (/usr/share/texlive/texmf-dist/tex/latex/minted/minted.sty
Package: minted 2023/12/18 v2.9 Yet another Pygments shim for LaTeX
 (/usr/share/texlive/texmf-dist/tex/latex/kvoptions/kvoptions.sty
Package: kvoptions 2022-06-15 v3.15 Key value format for package options (HO)
 (/usr/share/texlive/texmf-dist/tex/generic/ltxcmds/ltxcmds.sty
Package: ltxcmds 2023-12-04 v1.26 LaTeX kernel commands for general use (HO)
) (/usr/share/texlive/texmf-dist/tex/latex/kvsetkeys/kvsetkeys.sty
Package: kvsetkeys 2022-10-05 v1.19 Key value parser (HO)
)) (/usr/share/texlive/texmf-dist/tex/latex/fvextra/fvextra.sty
Package: fvextra 2023/11/28 v1.6.1 fvextra - extensions and patches for fancyvrb
 (/usr/share/texlive/texmf-dist/tex/latex/etoolbox/etoolbox.sty
Package: etoolbox 2020/10/05 v2.5k e-TeX tools for LaTeX (JAW)
\etb@tempcnta=\count267
) (/usr/share/texlive/texmf-dist/tex/latex/fancyvrb/fancyvrb.sty
Package: fancyvrb 2024/01/20 4.5c verbatim text (tvz,hv)
\FV@CodeLineNo=\count268
\FV@InFile=\read2
\FV@TabBox=\box51
\c@FancyVerbLine=\count269
\FV@StepNumber=\count270
\FV@OutFile=\write3
) (/usr/share/texlive/texmf-dist/tex/latex/upquote/upquote.sty
Package: upquote 2012/04/19 v1.3 upright-quote and grave-accent glyphs in verbatim
) (/usr/share/texlive/texmf-dist/tex/latex/lineno/lineno.sty
Package: lineno 2023/05/20 line numbers on paragraphs v5.3
\linenopenalty=\count271
\output=\toks19
\linenoprevgraf=\count272
\linenumbersep=\dimen149
\linenumberwidth=\dimen150
\c@linenumber=\count273
\c@pagewiselinenumber=\count274
\c@LN@truepage=\count275
\c@internallinenumber=\count276
\c@internallinenumbers=\count277
\quotelinenumbersep=\dimen151
\bframerule=\dimen152
\bframesep=\dimen153
\bframebox=\box52
LaTeX Info: Redefining \\ on input line 3180.
)
\c@FancyVerbWriteLine=\count278
\c@FancyVerbBufferIndex=\count279
\c@FancyVerbBufferLength=\count280
\c@FancyVerbBufferLine=\count281
\c@FV@oldbufferlength=\count282
\c@FV@TrueTabGroupLevel=\count283
\c@FV@TrueTabCounter=\count284
\FV@TabBox@Group=\box53
\FV@TmpLength=\skip50
\c@FV@HighlightLinesStart=\count285
\c@FV@HighlightLinesStop=\count286
\FV@LoopCount=\count287
\FV@NCharsBox=\box54
\FV@BreakIndent=\dimen154
\FV@BreakIndentNChars=\count288
\FV@BreakSymbolSepLeft=\dimen155
\FV@BreakSymbolSepLeftNChars=\count289
\FV@BreakSymbolSepRight=\dimen156
\FV@BreakSymbolSepRightNChars=\count290
\FV@BreakSymbolIndentLeft=\dimen157
\FV@BreakSymbolIndentLeftNChars=\count291
\FV@BreakSymbolIndentRight=\dimen158
\FV@BreakSymbolIndentRightNChars=\count292
\c@FancyVerbLineBreakLast=\count293
\FV@LineBox=\box55
\FV@LineIndentBox=\box56
\c@FV@BreakBufferDepth=\count294
\FV@LineWidth=\dimen159
) (/usr/share/texlive/texmf-dist/tex/latex/base/ifthen.sty
Package: ifthen 2022/04/13 v1.1d Standard LaTeX ifthen package (DPC)
) (/usr/share/texlive/texmf-dist/tex/latex/tools/shellesc.sty
Package: shellesc 2023/07/08 v1.0d unified shell escape interface for LaTeX
Package shellesc Info: Unrestricted shell escape enabled on input line 75.
) (/usr/share/texlive/texmf-dist/tex/latex/ifplatform/ifplatform.sty
Package: ifplatform 2017/10/13 v0.4a Testing for the operating system
 (/usr/share/texlive/texmf-dist/tex/generic/pdftexcmds/pdftexcmds.sty
Package: pdftexcmds 2020-06-27 v0.33 Utility functions of pdfTeX for LuaTeX (HO)
 (/usr/share/texlive/texmf-dist/tex/generic/infwarerr/infwarerr.sty
Package: infwarerr 2019/12/03 v1.5 Providing info/warning/error messages (HO)
)
Package pdftexcmds Info: \pdf@primitive is available.
Package pdftexcmds Info: \pdf@ifprimitive is available.
Package pdftexcmds Info: \pdfdraftmode found.
) (/usr/share/texlive/texmf-dist/tex/generic/catchfile/catchfile.sty
Package: catchfile 2019/12/09 v1.8 Catch the contents of a file (HO)
 (/usr/share/texlive/texmf-dist/tex/generic/etexcmds/etexcmds.sty
Package: etexcmds 2019/12/15 v1.7 Avoid name clashes with e-TeX commands (HO)
)) (/usr/share/texlive/texmf-dist/tex/generic/iftex/ifluatex.sty
Package: ifluatex 2019/10/25 v1.5 ifluatex legacy package. Use iftex instead.
)
runsystem(uname -s > "RES_TP1.w18")...executed.

 (./RES_TP1.w18)
runsystem(rm -- "RES_TP1.w18")...executed.

) (/usr/share/texlive/texmf-dist/tex/generic/xstring/xstring.sty (/usr/share/texlive/texmf-dist/tex/generic/xstring/xstring.tex
\xs_counta=\count295
\xs_countb=\count296
)
Package: xstring 2023/08/22 v1.86 String manipulations (CT)
) (/usr/share/texlive/texmf-dist/tex/latex/framed/framed.sty
Package: framed 2011/10/22 v 0.96: framed or shaded text with page breaks
\OuterFrameSep=\skip51
\fb@frw=\dimen160
\fb@frh=\dimen161
\FrameRule=\dimen162
\FrameSep=\dimen163
) (/usr/share/texlive/texmf-dist/tex/latex/float/float.sty
Package: float 2001/11/08 v1.3d Float enhancements (AL)
\c@float@type=\count297
\float@exts=\toks20
\float@box=\box57
\@float@everytoks=\toks21
\@floatcapt=\box58
)
\minted@appexistsfile=\read3
\minted@bgbox=\box59
\minted@code=\write4
\c@minted@FancyVerbLineTemp=\count298
\c@minted@pygmentizecounter=\count299
\@float@every@listing=\toks22
\c@listing=\count300
)
runsystem(mkdir -p _minted-RES_TP1)...executed.


(/usr/share/texlive/texmf-dist/tex/latex/tcolorbox/tcolorbox.sty
Package: tcolorbox 2024/01/10 version 6.2.0 text color boxes
 (/usr/share/texlive/texmf-dist/tex/latex/pgf/basiclayer/pgf.sty (/usr/share/texlive/texmf-dist/tex/latex/pgf/utilities/pgfrcs.sty (/usr/share/texlive/texmf-dist/tex/generic/pgf/utilities/pgfutil-common.tex
\pgfutil@everybye=\toks23
\pgfutil@tempdima=\dimen164
\pgfutil@tempdimb=\dimen165
) (/usr/share/texlive/texmf-dist/tex/generic/pgf/utilities/pgfutil-latex.def
\pgfutil@abb=\box60
) (/usr/share/texlive/texmf-dist/tex/generic/pgf/utilities/pgfrcs.code.tex (/usr/share/texlive/texmf-dist/tex/generic/pgf/pgf.revision.tex)
Package: pgfrcs 2023-01-15 v3.1.10 (3.1.10)
))
Package: pgf 2023-01-15 v3.1.10 (3.1.10)
 (/usr/share/texlive/texmf-dist/tex/latex/pgf/basiclayer/pgfcore.sty (/usr/share/texlive/texmf-dist/tex/latex/graphics/graphicx.sty
Package: graphicx 2021/09/16 v1.2d Enhanced LaTeX Graphics (DPC,SPQR)
 (/usr/share/texlive/texmf-dist/tex/latex/graphics/graphics.sty
Package: graphics 2022/03/10 v1.4e Standard LaTeX Graphics (DPC,SPQR)
 (/usr/share/texlive/texmf-dist/tex/latex/graphics/trig.sty
Package: trig 2021/08/11 v1.11 sin cos tan (DPC)
) (/usr/share/texlive/texmf-dist/tex/latex/graphics-cfg/graphics.cfg
File: graphics.cfg 2016/06/04 v1.11 sample graphics configuration
)
Package graphics Info: Driver file: pdftex.def on input line 107.
)
\Gin@req@height=\dimen166
\Gin@req@width=\dimen167
) (/usr/share/texlive/texmf-dist/tex/latex/pgf/systemlayer/pgfsys.sty (/usr/share/texlive/texmf-dist/tex/generic/pgf/systemlayer/pgfsys.code.tex
Package: pgfsys 2023-01-15 v3.1.10 (3.1.10)
 (/usr/share/texlive/texmf-dist/tex/generic/pgf/utilities/pgfkeys.code.tex
\pgfkeys@pathtoks=\toks24
\pgfkeys@temptoks=\toks25
 (/usr/share/texlive/texmf-dist/tex/generic/pgf/utilities/pgfkeyslibraryfiltered.code.tex
\pgfkeys@tmptoks=\toks26
))
\pgf@x=\dimen168
\pgf@y=\dimen169
\pgf@xa=\dimen170
\pgf@ya=\dimen171
\pgf@xb=\dimen172
\pgf@yb=\dimen173
\pgf@xc=\dimen174
\pgf@yc=\dimen175
\pgf@xd=\dimen176
\pgf@yd=\dimen177
\w@pgf@writea=\write5
\r@pgf@reada=\read4
\c@pgf@counta=\count301
\c@pgf@countb=\count302
\c@pgf@countc=\count303
\c@pgf@countd=\count304
\t@pgf@toka=\toks27
\t@pgf@tokb=\toks28
\t@pgf@tokc=\toks29
\pgf@sys@id@count=\count305
 (/usr/share/texlive/texmf-dist/tex/generic/pgf/systemlayer/pgf.cfg
File: pgf.cfg 2023-01-15 v3.1.10 (3.1.10)
)
Driver file for pgf: pgfsys-pdftex.def
 (/usr/share/texlive/texmf-dist/tex/generic/pgf/systemlayer/pgfsys-pdftex.def
File: pgfsys-pdftex.def 2023-01-15 v3.1.10 (3.1.10)
 (/usr/share/texlive/texmf-dist/tex/generic/pgf/systemlayer/pgfsys-common-pdf.def
File: pgfsys-common-pdf.def 2023-01-15 v3.1.10 (3.1.10)
))) (/usr/share/texlive/texmf-dist/tex/generic/pgf/systemlayer/pgfsyssoftpath.code.tex
File: pgfsyssoftpath.code.tex 2023-01-15 v3.1.10 (3.1.10)
\pgfsyssoftpath@smallbuffer@items=\count306
\pgfsyssoftpath@bigbuffer@items=\count307
) (/usr/share/texlive/texmf-dist/tex/generic/pgf/systemlayer/pgfsysprotocol.code.tex
File: pgfsysprotocol.code.tex 2023-01-15 v3.1.10 (3.1.10)
)) (/usr/share/texlive/texmf-dist/tex/generic/pgf/basiclayer/pgfcore.code.tex
Package: pgfcore 2023-01-15 v3.1.10 (3.1.10)
 (/usr/share/texlive/texmf-dist/tex/generic/pgf/math/pgfmath.code.tex (/usr/share/texlive/texmf-dist/tex/generic/pgf/math/pgfmathutil.code.tex) (/usr/share/texlive/texmf-dist/tex/generic/pgf/math/pgfmathparser.code.tex
\pgfmath@dimen=\dimen178
\pgfmath@count=\count308
\pgfmath@box=\box61
\pgfmath@toks=\toks30
\pgfmath@stack@operand=\toks31
\pgfmath@stack@operation=\toks32
) (/usr/share/texlive/texmf-dist/tex/generic/pgf/math/pgfmathfunctions.code.tex) (/usr/share/texlive/texmf-dist/tex/generic/pgf/math/pgfmathfunctions.basic.code.tex)
(/usr/share/texlive/texmf-dist/tex/generic/pgf/math/pgfmathfunctions.trigonometric.code.tex) (/usr/share/texlive/texmf-dist/tex/generic/pgf/math/pgfmathfunctions.random.code.tex) (/usr/share/texlive/texmf-dist/tex/generic/pgf/math/pgfmathfunctions.comparison.code.tex) (/usr/share/texlive/texmf-dist/tex/generic/pgf/math/pgfmathfunctions.base.code.tex) (/usr/share/texlive/texmf-dist/tex/generic/pgf/math/pgfmathfunctions.round.code.tex) (/usr/share/texlive/texmf-dist/tex/generic/pgf/math/pgfmathfunctions.misc.code.tex) (/usr/share/texlive/texmf-dist/tex/generic/pgf/math/pgfmathfunctions.integerarithmetics.code.tex) (/usr/share/texlive/texmf-dist/tex/generic/pgf/math/pgfmathcalc.code.tex) (/usr/share/texlive/texmf-dist/tex/generic/pgf/math/pgfmathfloat.code.tex
\c@pgfmathroundto@lastzeros=\count309
)) (/usr/share/texlive/texmf-dist/tex/generic/pgf/math/pgfint.code.tex) (/usr/share/texlive/texmf-dist/tex/generic/pgf/basiclayer/pgfcorepoints.code.tex
File: pgfcorepoints.code.tex 2023-01-15 v3.1.10 (3.1.10)
\pgf@picminx=\dimen179
\pgf@picmaxx=\dimen180
\pgf@picminy=\dimen181
\pgf@picmaxy=\dimen182
\pgf@pathminx=\dimen183
\pgf@pathmaxx=\dimen184
\pgf@pathminy=\dimen185
\pgf@pathmaxy=\dimen186
\pgf@xx=\dimen187
\pgf@xy=\dimen188
\pgf@yx=\dimen189
\pgf@yy=\dimen190
\pgf@zx=\dimen191
\pgf@zy=\dimen192
) (/usr/share/texlive/texmf-dist/tex/generic/pgf/basiclayer/pgfcorepathconstruct.code.tex
File: pgfcorepathconstruct.code.tex 2023-01-15 v3.1.10 (3.1.10)
\pgf@path@lastx=\dimen193
\pgf@path@lasty=\dimen194
) (/usr/share/texlive/texmf-dist/tex/generic/pgf/basiclayer/pgfcorepathusage.code.tex
File: pgfcorepathusage.code.tex 2023-01-15 v3.1.10 (3.1.10)
\pgf@shorten@end@additional=\dimen195
\pgf@shorten@start@additional=\dimen196
) (/usr/share/texlive/texmf-dist/tex/generic/pgf/basiclayer/pgfcorescopes.code.tex
File: pgfcorescopes.code.tex 2023-01-15 v3.1.10 (3.1.10)
\pgfpic=\box62
\pgf@hbox=\box63
\pgf@layerbox@main=\box64
\pgf@picture@serial@count=\count310
) (/usr/share/texlive/texmf-dist/tex/generic/pgf/basiclayer/pgfcoregraphicstate.code.tex
File: pgfcoregraphicstate.code.tex 2023-01-15 v3.1.10 (3.1.10)
\pgflinewidth=\dimen197
) (/usr/share/texlive/texmf-dist/tex/generic/pgf/basiclayer/pgfcoretransformations.code.tex
File: pgfcoretransformations.code.tex 2023-01-15 v3.1.10 (3.1.10)
\pgf@pt@x=\dimen198
\pgf@pt@y=\dimen199
\pgf@pt@temp=\dimen256
) (/usr/share/texlive/texmf-dist/tex/generic/pgf/basiclayer/pgfcorequick.code.tex
File: pgfcorequick.code.tex 2023-01-15 v3.1.10 (3.1.10)
) (/usr/share/texlive/texmf-dist/tex/generic/pgf/basiclayer/pgfcoreobjects.code.tex
File: pgfcoreobjects.code.tex 2023-01-15 v3.1.10 (3.1.10)
) (/usr/share/texlive/texmf-dist/tex/generic/pgf/basiclayer/pgfcorepathprocessing.code.tex
File: pgfcorepathprocessing.code.tex 2023-01-15 v3.1.10 (3.1.10)
) (/usr/share/texlive/texmf-dist/tex/generic/pgf/basiclayer/pgfcorearrows.code.tex
File: pgfcorearrows.code.tex 2023-01-15 v3.1.10 (3.1.10)
\pgfarrowsep=\dimen257
) (/usr/share/texlive/texmf-dist/tex/generic/pgf/basiclayer/pgfcoreshade.code.tex
File: pgfcoreshade.code.tex 2023-01-15 v3.1.10 (3.1.10)
\pgf@max=\dimen258
\pgf@sys@shading@range@num=\count311
\pgf@shadingcount=\count312
) (/usr/share/texlive/texmf-dist/tex/generic/pgf/basiclayer/pgfcoreimage.code.tex
File: pgfcoreimage.code.tex 2023-01-15 v3.1.10 (3.1.10)
) (/usr/share/texlive/texmf-dist/tex/generic/pgf/basiclayer/pgfcoreexternal.code.tex
File: pgfcoreexternal.code.tex 2023-01-15 v3.1.10 (3.1.10)
\pgfexternal@startupbox=\box65
)
(/usr/share/texlive/texmf-dist/tex/generic/pgf/basiclayer/pgfcorelayers.code.tex
File: pgfcorelayers.code.tex 2023-01-15 v3.1.10 (3.1.10)
) (/usr/share/texlive/texmf-dist/tex/generic/pgf/basiclayer/pgfcoretransparency.code.tex
File: pgfcoretransparency.code.tex 2023-01-15 v3.1.10 (3.1.10)
) (/usr/share/texlive/texmf-dist/tex/generic/pgf/basiclayer/pgfcorepatterns.code.tex
File: pgfcorepatterns.code.tex 2023-01-15 v3.1.10 (3.1.10)
) (/usr/share/texlive/texmf-dist/tex/generic/pgf/basiclayer/pgfcorerdf.code.tex
File: pgfcorerdf.code.tex 2023-01-15 v3.1.10 (3.1.10)
))) (/usr/share/texlive/texmf-dist/tex/generic/pgf/modules/pgfmoduleshapes.code.tex
File: pgfmoduleshapes.code.tex 2023-01-15 v3.1.10 (3.1.10)
\pgfnodeparttextbox=\box66
) (/usr/share/texlive/texmf-dist/tex/generic/pgf/modules/pgfmoduleplot.code.tex
File: pgfmoduleplot.code.tex 2023-01-15 v3.1.10 (3.1.10)
) (/usr/share/texlive/texmf-dist/tex/latex/pgf/compatibility/pgfcomp-version-0-65.sty
Package: pgfcomp-version-0-65 2023-01-15 v3.1.10 (3.1.10)
\pgf@nodesepstart=\dimen259
\pgf@nodesepend=\dimen260
) (/usr/share/texlive/texmf-dist/tex/latex/pgf/compatibility/pgfcomp-version-1-18.sty
Package: pgfcomp-version-1-18 2023-01-15 v3.1.10 (3.1.10)
)) (/usr/share/texlive/texmf-dist/tex/latex/tools/verbatim.sty
Package: verbatim 2023-11-06 v1.5v LaTeX2e package for verbatim enhancements
\every@verbatim=\toks33
\verbatim@line=\toks34
\verbatim@in@stream=\read5
) (/usr/share/texlive/texmf-dist/tex/latex/environ/environ.sty
Package: environ 2014/05/04 v0.3 A new way to define environments
 (/usr/share/texlive/texmf-dist/tex/latex/trimspaces/trimspaces.sty
Package: trimspaces 2009/09/17 v1.1 Trim spaces around a token list
)
\@envbody=\toks35
)
\tcb@titlebox=\box67
\tcb@upperbox=\box68
\tcb@lowerbox=\box69
\tcb@phantombox=\box70
\c@tcbbreakpart=\count313
\c@tcblayer=\count314
\c@tcolorbox@number=\count315
\l__tcobox_tmpa_box=\box71
\l__tcobox_tmpa_dim=\dimen261
\tcb@temp=\box72
\tcb@temp=\box73
\tcb@temp=\box74
\tcb@temp=\box75
 (/usr/share/texlive/texmf-dist/tex/latex/tcolorbox/tcbraster.code.tex
Library (tcolorbox): 'tcbraster.code.tex' version '6.2.0'
\c@tcbrastercolumn=\count316
\c@tcbrasterrow=\count317
\c@tcbrasternum=\count318
\c@tcbraster=\count319
) (/usr/share/texlive/texmf-dist/tex/latex/tcolorbox/tcbskins.code.tex
Library (tcolorbox): 'tcbskins.code.tex' version '6.2.0'
(/usr/share/texlive/texmf-dist/tex/latex/pgf/frontendlayer/tikz.sty (/usr/share/texlive/texmf-dist/tex/latex/pgf/utilities/pgffor.sty (/usr/share/texlive/texmf-dist/tex/latex/pgf/utilities/pgfkeys.sty (/usr/share/texlive/texmf-dist/tex/generic/pgf/utilities/pgfkeys.code.tex)) (/usr/share/texlive/texmf-dist/tex/latex/pgf/math/pgfmath.sty (/usr/share/texlive/texmf-dist/tex/generic/pgf/math/pgfmath.code.tex)) (/usr/share/texlive/texmf-dist/tex/generic/pgf/utilities/pgffor.code.tex
Package: pgffor 2023-01-15 v3.1.10 (3.1.10)
\pgffor@iter=\dimen262
\pgffor@skip=\dimen263
\pgffor@stack=\toks36
\pgffor@toks=\toks37
)) (/usr/share/texlive/texmf-dist/tex/generic/pgf/frontendlayer/tikz/tikz.code.tex
Package: tikz 2023-01-15 v3.1.10 (3.1.10)
 (/usr/share/texlive/texmf-dist/tex/generic/pgf/libraries/pgflibraryplothandlers.code.tex
File: pgflibraryplothandlers.code.tex 2023-01-15 v3.1.10 (3.1.10)
\pgf@plot@mark@count=\count320
\pgfplotmarksize=\dimen264
)
\tikz@lastx=\dimen265
\tikz@lasty=\dimen266
\tikz@lastxsaved=\dimen267
\tikz@lastysaved=\dimen268
\tikz@lastmovetox=\dimen269
\tikz@lastmovetoy=\dimen270
\tikzleveldistance=\dimen271
\tikzsiblingdistance=\dimen272
\tikz@figbox=\box76
\tikz@figbox@bg=\box77
\tikz@tempbox=\box78
\tikz@tempbox@bg=\box79
\tikztreelevel=\count321
\tikznumberofchildren=\count322
\tikznumberofcurrentchild=\count323
\tikz@fig@count=\count324
 (/usr/share/texlive/texmf-dist/tex/generic/pgf/modules/pgfmodulematrix.code.tex
File: pgfmodulematrix.code.tex 2023-01-15 v3.1.10 (3.1.10)
\pgfmatrixcurrentrow=\count325
\pgfmatrixcurrentcolumn=\count326
\pgf@matrix@numberofcolumns=\count327
)
\tikz@expandcount=\count328
 (/usr/share/texlive/texmf-dist/tex/generic/pgf/frontendlayer/tikz/libraries/tikzlibrarytopaths.code.tex
File: tikzlibrarytopaths.code.tex 2023-01-15 v3.1.10 (3.1.10)
))) (/usr/share/texlive/texmf-dist/tex/latex/tikzfill/tikzfill.image.sty
Package: tikzfill.image 2023/08/08 v1.0.1 Image filling library for TikZ
 (/usr/share/texlive/texmf-dist/tex/latex/tikzfill/tikzfill-common.sty
Package: tikzfill-common 2023/08/08 v1.0.1 Auxiliary code for tikzfill
) (/usr/share/texlive/texmf-dist/tex/latex/tikzfill/tikzlibraryfill.image.code.tex
File: tikzlibraryfill.image.code.tex 2023/08/08 v1.0.1 Image filling library
\l__tikzfill_img_box=\box80
)) (/usr/share/texlive/texmf-dist/tex/latex/tcolorbox/tcbskinsjigsaw.code.tex
Library (tcolorbox): 'tcbskinsjigsaw.code.tex' version '6.2.0'
)) (/usr/share/texlive/texmf-dist/tex/latex/tcolorbox/tcbbreakable.code.tex
Library (tcolorbox): 'tcbbreakable.code.tex' version '6.2.0'
(/usr/share/texlive/texmf-dist/tex/latex/pdfcol/pdfcol.sty
Package: pdfcol 2022-09-21 v1.7 Handle new color stacks for pdfTeX (HO)
)
Package pdfcol Info: New color stack `tcb@breakable' = 1 on input line 23.
\tcb@testbox=\box81
\tcb@totalupperbox=\box82
\tcb@totallowerbox=\box83
) (/usr/share/texlive/texmf-dist/tex/latex/tcolorbox/tcbhooks.code.tex
Library (tcolorbox): 'tcbhooks.code.tex' version '6.2.0'
) (/usr/share/texlive/texmf-dist/tex/latex/tcolorbox/tcbtheorems.code.tex
Library (tcolorbox): 'tcbtheorems.code.tex' version '6.2.0'
(/usr/share/texlive/texmf-dist/tex/latex/amsmath/amsmath.sty
Package: amsmath 2023/05/13 v2.17o AMS math features
\@mathmargin=\skip52

For additional information on amsmath, use the `?' option.
(/usr/share/texlive/texmf-dist/tex/latex/amsmath/amstext.sty
Package: amstext 2021/08/26 v2.01 AMS text
 (/usr/share/texlive/texmf-dist/tex/latex/amsmath/amsgen.sty
File: amsgen.sty 1999/11/30 v2.0 generic functions
\@emptytoks=\toks38
\ex@=\dimen273
)) (/usr/share/texlive/texmf-dist/tex/latex/amsmath/amsbsy.sty
Package: amsbsy 1999/11/29 v1.2d Bold Symbols
\pmbraise@=\dimen274
) (/usr/share/texlive/texmf-dist/tex/latex/amsmath/amsopn.sty
Package: amsopn 2022/04/08 v2.04 operator names
)
\inf@bad=\count329
LaTeX Info: Redefining \frac on input line 234.
\uproot@=\count330
\leftroot@=\count331
LaTeX Info: Redefining \overline on input line 399.
LaTeX Info: Redefining \colon on input line 410.
\classnum@=\count332
\DOTSCASE@=\count333
LaTeX Info: Redefining \ldots on input line 496.
LaTeX Info: Redefining \dots on input line 499.
LaTeX Info: Redefining \cdots on input line 620.
\Mathstrutbox@=\box84
\strutbox@=\box85
LaTeX Info: Redefining \big on input line 722.
LaTeX Info: Redefining \Big on input line 723.
LaTeX Info: Redefining \bigg on input line 724.
LaTeX Info: Redefining \Bigg on input line 725.
\big@size=\dimen275
LaTeX Font Info:    Redeclaring font encoding OML on input line 743.
LaTeX Font Info:    Redeclaring font encoding OMS on input line 744.
\macc@depth=\count334
LaTeX Info: Redefining \bmod on input line 905.
LaTeX Info: Redefining \pmod on input line 910.
LaTeX Info: Redefining \smash on input line 940.
LaTeX Info: Redefining \relbar on input line 970.
LaTeX Info: Redefining \Relbar on input line 971.
\c@MaxMatrixCols=\count335
\dotsspace@=\muskip16
\c@parentequation=\count336
\dspbrk@lvl=\count337
\tag@help=\toks39
\row@=\count338
\column@=\count339
\maxfields@=\count340
\andhelp@=\toks40
\eqnshift@=\dimen276
\alignsep@=\dimen277
\tagshift@=\dimen278
\tagwidth@=\dimen279
\totwidth@=\dimen280
\lineht@=\dimen281
\@envbody=\toks41
\multlinegap=\skip53
\multlinetaggap=\skip54
\mathdisplay@stack=\toks42
LaTeX Info: Redefining \[ on input line 2953.
LaTeX Info: Redefining \] on input line 2954.
)
\linenoamsmath@ams@eqpen=\count341
) (/usr/share/texlive/texmf-dist/tex/latex/tcolorbox/tcbfitting.code.tex
Library (tcolorbox): 'tcbfitting.code.tex' version '6.2.0'
\tcbfitdim=\dimen282
\tcb@lowerfitdim=\dimen283
\tcb@upperfitdim=\dimen284
\tcb@cur@hbadness=\count342
)) (/usr/share/texlive/texmf-dist/tex/latex/tcolorbox/tcblistings.code.tex
Library (tcolorbox): 'tcblistings.code.tex' version '6.2.0'
(/usr/share/texlive/texmf-dist/tex/latex/listings/listings.sty
\lst@mode=\count343
\lst@gtempboxa=\box86
\lst@token=\toks43
\lst@length=\count344
\lst@currlwidth=\dimen285
\lst@column=\count345
\lst@pos=\count346
\lst@lostspace=\dimen286
\lst@width=\dimen287
\lst@newlines=\count347
\lst@lineno=\count348
\lst@maxwidth=\dimen288
 (/usr/share/texlive/texmf-dist/tex/latex/listings/lstmisc.sty
File: lstmisc.sty 2023/02/27 1.9 (Carsten Heinz)
\c@lstnumber=\count349
\lst@skipnumbers=\count350
\lst@framebox=\box87
) (/usr/share/texlive/texmf-dist/tex/latex/listings/listings.cfg
File: listings.cfg 2023/02/27 1.9 listings configuration
))
Package: listings 2023/02/27 1.9 (Carsten Heinz)
 (/usr/share/texlive/texmf-dist/tex/latex/tcolorbox/tcblistingscore.code.tex
Library (tcolorbox): 'tcblistingscore.code.tex' version '6.2.0'
(/usr/share/texlive/texmf-dist/tex/latex/tcolorbox/tcbprocessing.code.tex
Library (tcolorbox): 'tcbprocessing.code.tex' version '6.2.0'
)
\c@tcblisting=\count351
)) (/usr/share/texlive/texmf-dist/tex/latex/tcolorbox/tcbminted.code.tex
Library (tcolorbox): 'tcbminted.code.tex' version '6.2.0'
) (/usr/share/texlive/texmf-dist/tex/latex/fontawesome/fontawesome.sty
Package: fontawesome 2016/05/15 v4.6.3.1 font awesome icons
 (/usr/share/texlive/texmf-dist/tex/generic/iftex/ifxetex.sty
Package: ifxetex 2019/10/25 v0.7 ifxetex legacy package. Use iftex instead.
) (/usr/share/texlive/texmf-dist/tex/latex/fontawesome/fontawesomesymbols-generic.tex) (/usr/share/texlive/texmf-dist/tex/latex/fontawesome/fontawesomesymbols-pdftex.tex)) (/usr/share/texlive/texmf-dist/tex/latex/tools/tabularx.sty
Package: tabularx 2023/07/08 v2.11c `tabularx' package (DPC)
 (/usr/share/texlive/texmf-dist/tex/latex/tools/array.sty
Package: array 2023/10/16 v2.5g Tabular extension package (FMi)
\col@sep=\dimen289
\ar@mcellbox=\box88
\extrarowheight=\dimen290
\NC@list=\toks44
\extratabsurround=\skip55
\backup@length=\skip56
\ar@cellbox=\box89
)
\TX@col@width=\dimen291
\TX@old@table=\dimen292
\TX@old@col=\dimen293
\TX@target=\dimen294
\TX@delta=\dimen295
\TX@cols=\count352
\TX@ftn=\toks45
) (/usr/share/texlive/texmf-dist/tex/latex/shipunov/boldline.sty
Package: boldline 2008/02/04 v0.2 Adjust line width in tables
) (/usr/share/texlive/texmf-dist/tex/latex/colortbl/colortbl.sty
Package: colortbl 2022/06/20 v1.0f Color table columns (DPC)
\everycr=\toks46
\minrowclearance=\skip57
\rownum=\count353
)

LaTeX Warning: Package "xcolor" has already been loaded: ignoring load-time
(LaTeX)        option "xcdraw".

(/usr/share/texlive/texmf-dist/tex/latex/multirow/multirow.sty
Package: multirow 2021/03/15 v2.8 Span multiple rows of a table
\multirow@colwidth=\skip58
\multirow@cntb=\count354
\multirow@dima=\skip59
\bigstrutjot=\dimen296
) (/usr/share/texlive/texmf-dist/tex/latex/booktabs/booktabs.sty
Package: booktabs 2020/01/12 v1.61803398 Publication quality tables
\heavyrulewidth=\dimen297
\lightrulewidth=\dimen298
\cmidrulewidth=\dimen299
\belowrulesep=\dimen300
\belowbottomsep=\dimen301
\aboverulesep=\dimen302
\abovetopsep=\dimen303
\cmidrulesep=\dimen304
\cmidrulekern=\dimen305
\defaultaddspace=\dimen306
\@cmidla=\count355
\@cmidlb=\count356
\@aboverulesep=\dimen307
\@belowrulesep=\dimen308
\@thisruleclass=\count357
\@lastruleclass=\count358
\@thisrulewidth=\dimen309
) (/usr/share/texlive/texmf-dist/tex/latex/makecell/makecell.sty
Package: makecell 2009/08/03 V0.1e Managing of Tab Column Heads and Cells
\rotheadsize=\dimen310
\c@nlinenum=\count359
\TeXr@lab=\toks47
) (/usr/share/texlive/texmf-dist/tex/latex/siunitx/siunitx.sty
Package: siunitx 2024-01-25 v3.3.10 A comprehensive (SI) units package
\l__siunitx_number_uncert_offset_int=\count360
\l__siunitx_number_exponent_fixed_int=\count361
\l__siunitx_number_min_decimal_int=\count362
\l__siunitx_number_min_integer_int=\count363
\l__siunitx_number_round_precision_int=\count364
\l__siunitx_number_lower_threshold_int=\count365
\l__siunitx_number_upper_threshold_int=\count366
\l__siunitx_number_group_first_int=\count367
\l__siunitx_number_group_size_int=\count368
\l__siunitx_number_group_minimum_int=\count369
\l__siunitx_angle_tmp_dim=\dimen311
\l__siunitx_angle_marker_box=\box90
\l__siunitx_angle_unit_box=\box91
\l__siunitx_compound_count_int=\count370
 (/usr/share/texlive/texmf-dist/tex/latex/translations/translations.sty
Package: translations 2022/02/05 v1.12 internationalization of LaTeX2e packages (CN)
)
\l__siunitx_table_tmp_box=\box92
\l__siunitx_table_tmp_dim=\dimen312
\l__siunitx_table_column_width_dim=\dimen313
\l__siunitx_table_integer_box=\box93
\l__siunitx_table_decimal_box=\box94
\l__siunitx_table_uncert_box=\box95
\l__siunitx_table_before_box=\box96
\l__siunitx_table_after_box=\box97
\l__siunitx_table_before_dim=\dimen314
\l__siunitx_table_carry_dim=\dimen315
\l__siunitx_unit_tmp_int=\count371
\l__siunitx_unit_position_int=\count372
\l__siunitx_unit_total_int=\count373
) (/usr/share/texlive/texmf-dist/tex/latex/tkz-tab/tkz-tab.sty
Package: tkz-tab 2020/04/29 v2.12c variations (ctan version)
 (/usr/share/texlive/texmf-dist/tex/latex/xkeyval/xkeyval.sty
Package: xkeyval 2022/06/16 v2.9 package option processing (HA)
 (/usr/share/texlive/texmf-dist/tex/generic/xkeyval/xkeyval.tex (/usr/share/texlive/texmf-dist/tex/generic/xkeyval/xkvutils.tex
\XKV@toks=\toks48
\XKV@tempa@toks=\toks49
)
\XKV@depth=\count374
File: xkeyval.tex 2014/12/03 v2.7a key=value parser (HA)
)) (/usr/share/texlive/texmf-dist/tex/generic/pgf/frontendlayer/tikz/libraries/tikzlibraryarrows.code.tex
File: tikzlibraryarrows.code.tex 2023-01-15 v3.1.10 (3.1.10)
 (/usr/share/texlive/texmf-dist/tex/generic/pgf/libraries/pgflibraryarrows.code.tex
File: pgflibraryarrows.code.tex 2023-01-15 v3.1.10 (3.1.10)
\arrowsize=\dimen316
)) (/usr/share/texlive/texmf-dist/tex/generic/pgf/frontendlayer/tikz/libraries/tikzlibrarypatterns.code.tex
File: tikzlibrarypatterns.code.tex 2023-01-15 v3.1.10 (3.1.10)
 (/usr/share/texlive/texmf-dist/tex/generic/pgf/libraries/pgflibrarypatterns.code.tex
File: pgflibrarypatterns.code.tex 2023-01-15 v3.1.10 (3.1.10)
))
\tkz@XF=\dimen317
\tkz@YF=\dimen318
\c@tkz@cnt@line=\count375
\c@tkz@cnt@lg=\count376
\c@tkz@cnt@cl=\count377
\c@tkz@cnt@pred=\count378
\c@tkz@cnt@temp=\count379
\c@tkz@cnt@arrow=\count380
\c@tkz@cnt@zone=\count381
\c@tkz@cnt@lgnext=\count382
\c@tkz@cnt@clnext=\count383
\c@tkz@cnt@pair=\count384
\c@tkz@cnt@impair=\count385
\c@tkz@cnt@aw=\count386
) (/usr/share/texlive/texmf-dist/tex/latex/amsfonts/amssymb.sty
Package: amssymb 2013/01/14 v3.01 AMS font symbols
 (/usr/share/texlive/texmf-dist/tex/latex/amsfonts/amsfonts.sty
Package: amsfonts 2013/01/14 v3.01 Basic AMSFonts support
\symAMSa=\mathgroup4
\symAMSb=\mathgroup5
LaTeX Font Info:    Redeclaring math symbol \hbar on input line 98.
LaTeX Font Info:    Overwriting math alphabet `\mathfrak' in version `bold'
(Font)                  U/euf/m/n --> U/euf/b/n on input line 106.
)) (/usr/share/texlive/texmf-dist/tex/latex/enumitem/enumitem.sty
Package: enumitem 2019/06/20 v3.9 Customized lists
\labelindent=\skip60
\enit@outerparindent=\dimen319
\enit@toks=\toks50
\enit@inbox=\box98
\enit@count@id=\count387
\enitdp@description=\count388
) (/usr/share/texlive/texmf-dist/tex/latex/caption/caption.sty
Package: caption 2023/08/05 v3.6o Customizing captions (AR)
 (/usr/share/texlive/texmf-dist/tex/latex/caption/caption3.sty
Package: caption3 2023/07/31 v2.4d caption3 kernel (AR)
\caption@tempdima=\dimen320
\captionmargin=\dimen321
\caption@leftmargin=\dimen322
\caption@rightmargin=\dimen323
\caption@width=\dimen324
\caption@indent=\dimen325
\caption@parindent=\dimen326
\caption@hangindent=\dimen327
Package caption Info: Standard document class detected.
)
\c@caption@flags=\count389
\c@continuedfloat=\count390
Package caption Info: float package is loaded.
Package caption Info: listings package is loaded.
)
runsystem(command -v pygmentize && touch RES_TP1.aex)...executed.

runsystem(rm RES_TP1.aex)...executed.

Package translations Info: No language package found. I am going to use `english' as default language. on input line 108.
 (/usr/share/texlive/texmf-dist/tex/latex/l3backend/l3backend-pdftex.def
File: l3backend-pdftex.def 2024-01-04 L3 backend support: PDF output (pdfTeX)
\l__color_backend_stack_int=\count391
\l__pdf_internal_box=\box99
) (./RES_TP1.aux)
\openout1 = `RES_TP1.aux'.

LaTeX Font Info:    Checking defaults for OML/cmm/m/it on input line 108.
LaTeX Font Info:    ... okay on input line 108.
LaTeX Font Info:    Checking defaults for OMS/cmsy/m/n on input line 108.
LaTeX Font Info:    ... okay on input line 108.
LaTeX Font Info:    Checking defaults for OT1/cmr/m/n on input line 108.
LaTeX Font Info:    ... okay on input line 108.
LaTeX Font Info:    Checking defaults for T1/cmr/m/n on input line 108.
LaTeX Font Info:    ... okay on input line 108.
LaTeX Font Info:    Checking defaults for TS1/cmr/m/n on input line 108.
LaTeX Font Info:    ... okay on input line 108.
LaTeX Font Info:    Checking defaults for OMX/cmex/m/n on input line 108.
LaTeX Font Info:    ... okay on input line 108.
LaTeX Font Info:    Checking defaults for U/cmr/m/n on input line 108.
LaTeX Font Info:    ... okay on input line 108.

*geometry* driver: auto-detecting
*geometry* detected driver: pdftex
*geometry* verbose mode - [ preamble ] result:
* driver: pdftex
* paper: a4paper
* layout: <same size as paper>
* layoutoffset:(h,v)=(0.0pt,0.0pt)
* modes: 
* h-part:(L,W,R)=(42.67912pt, 512.14963pt, 42.67912pt)
* v-part:(T,H,B)=(28.45274pt, 759.6886pt, 56.9055pt)
* \paperwidth=597.50787pt
* \paperheight=845.04684pt
* \textwidth=512.14963pt
* \textheight=759.6886pt
* \oddsidemargin=-29.59087pt
* \evensidemargin=-29.59087pt
* \topmargin=-80.81725pt
* \headheight=12.0pt
* \headsep=25.0pt
* \topskip=10.0pt
* \footskip=30.0pt
* \marginparwidth=65.0pt
* \marginparsep=11.0pt
* \columnsep=10.0pt
* \skip\footins=9.0pt plus 4.0pt minus 2.0pt
* \hoffset=0.0pt
* \voffset=0.0pt
* \mag=1000
* \@twocolumnfalse
* \@twosidefalse
* \@mparswitchfalse
* \@reversemarginfalse
* (1in=72.27pt=25.4mm, 1cm=28.453pt)

(/usr/share/texlive/texmf-dist/tex/context/base/mkii/supp-pdf.mkii
[Loading MPS to PDF converter (version 2006.09.02).]
\scratchcounter=\count392
\scratchdimen=\dimen328
\scratchbox=\box100
\nofMPsegments=\count393
\nofMParguments=\count394
\everyMPshowfont=\toks51
\MPscratchCnt=\count395
\MPscratchDim=\dimen329
\MPnumerator=\count396
\makeMPintoPDFobject=\count397
\everyMPtoPDFconversion=\toks52
) (/usr/share/texlive/texmf-dist/tex/latex/epstopdf-pkg/epstopdf-base.sty
Package: epstopdf-base 2020-01-24 v2.11 Base part for package epstopdf
Package epstopdf-base Info: Redefining graphics rule for `.eps' on input line 485.
 (/usr/share/texlive/texmf-dist/tex/latex/latexconfig/epstopdf-sys.cfg
File: epstopdf-sys.cfg 2010/07/13 v1.3 Configuration of (r)epstopdf for TeX Live
)) (/usr/share/texlive/texmf-dist/tex/latex/base/textcomp.sty
Package: textcomp 2020/02/02 v2.0n Standard LaTeX package
)
\c@lstlisting=\count398
 (/usr/share/texlive/texmf-dist/tex/latex/translations/translations-basic-dictionary-english.trsl
File: translations-basic-dictionary-english.trsl (english translation file `translations-basic-dictionary')
)
Package translations Info: loading dictionary `translations-basic-dictionary' for `english'. on input line 108.
Package caption Info: Begin \AtBeginDocument code.
Package caption Info: End \AtBeginDocument code.
LaTeX Font Info:    Trying to load font information for U+msa on input line 111.
 (/usr/share/texlive/texmf-dist/tex/latex/amsfonts/umsa.fd
File: umsa.fd 2013/01/14 v3.01 AMS symbols A
)
LaTeX Font Info:    Trying to load font information for U+msb on input line 111.
 (/usr/share/texlive/texmf-dist/tex/latex/amsfonts/umsb.fd
File: umsb.fd 2013/01/14 v3.01 AMS symbols B
)
<terminalDevices.png, id=4, 419.5675pt x 76.285pt>
File: terminalDevices.png Graphic file (type png)
<use terminalDevices.png>
Package pdftex.def Info: terminalDevices.png  used on input line 119.
(pdftex.def)             Requested size: 256.07481pt x 46.55937pt.
<networkDevices.png, id=6, 424.08438pt x 73.77562pt>
File: networkDevices.png Graphic file (type png)
<use networkDevices.png>
Package pdftex.def Info: networkDevices.png  used on input line 127.
(pdftex.def)             Requested size: 256.07481pt x 44.54938pt.
<routers.png, id=7, 1885.0425pt x 375.4025pt>
File: routers.png Graphic file (type png)
<use routers.png>
Package pdftex.def Info: routers.png  used on input line 133.
(pdftex.def)             Requested size: 256.07481pt x 50.99219pt.
<switches.png, id=8, 1882.03125pt x 398.48875pt>
File: switches.png Graphic file (type png)
<use switches.png>
Package pdftex.def Info: switches.png  used on input line 138.
(pdftex.def)             Requested size: 256.07481pt x 54.21928pt.
<cables.png, id=9, 424.58624pt x 59.72313pt>
File: cables.png Graphic file (type png)
<use cables.png>
Package pdftex.def Info: cables.png  used on input line 147.
(pdftex.def)             Requested size: 256.07481pt x 36.02187pt.
<droit.png, id=10, 423.5825pt x 64.74188pt>
File: droit.png Graphic file (type png)
<use droit.png>
Package pdftex.def Info: droit.png  used on input line 152.
(pdftex.def)             Requested size: 256.07481pt x 39.1408pt.
<state1.png, id=11, 391.96437pt x 207.77625pt>
File: state1.png Graphic file (type png)
<use state1.png>
Package pdftex.def Info: state1.png  used on input line 159.
(pdftex.def)             Requested size: 384.11221pt x 203.62566pt.
 [1

{/var/lib/texmf/fonts/map/pdftex/updmap/pdftex.map} <./terminalDevices.PNG> <./networkDevices.PNG> <./routers.png> <./switches.png> <./cables.PNG> <./droit.PNG> <./state1.PNG>]
<textTool.png, id=26, 410.53375pt x 133.49875pt>
File: textTool.png Graphic file (type png)
<use textTool.png>
Package pdftex.def Info: textTool.png  used on input line 169.
(pdftex.def)             Requested size: 256.07481pt x 83.2715pt.
<textTool2.png, id=27, 448.17438pt x 346.79562pt>
File: textTool2.png Graphic file (type png)
<use textTool2.png>
Package pdftex.def Info: textTool2.png  used on input line 174.
(pdftex.def)             Requested size: 256.07481pt x 198.15709pt.
<console.png, id=28, 425.08812pt x 73.77562pt>
File: console.png Graphic file (type png)
<use console.png>
Package pdftex.def Info: console.png  used on input line 195.
(pdftex.def)             Requested size: 256.07481pt x 44.44469pt.
<portConsole.png, id=29, 162.10562pt x 102.3825pt>
File: portConsole.png Graphic file (type png)
<use portConsole.png>
Package pdftex.def Info: portConsole.png  used on input line 200.
(pdftex.def)             Requested size: 153.64644pt x 97.04567pt.
<portrs232.png, id=30, 300.12125pt x 105.39375pt>
File: portrs232.png Graphic file (type png)
<use portrs232.png>
Package pdftex.def Info: portrs232.png  used on input line 205.
(pdftex.def)             Requested size: 153.64644pt x 53.95753pt.
 [2{/usr/share/texmf/fonts/enc/dvips/cm-super/cm-super-ts1.enc} <./textTool.PNG> <./textTool2.PNG> <./console.PNG> <./portConsole.PNG> <./portrs232.PNG>]
<clickPc.png, id=40, 953.5625pt x 508.39937pt>
File: clickPc.png Graphic file (type png)
<use clickPc.png>
Package pdftex.def Info: clickPc.png  used on input line 222.
(pdftex.def)             Requested size: 307.2929pt x 163.83923pt.
<deskTerminal.png, id=41, 961.5925pt x 514.42188pt>
File: deskTerminal.png Graphic file (type png)
<use deskTerminal.png>
Package pdftex.def Info: deskTerminal.png  used on input line 227.
(pdftex.def)             Requested size: 307.2929pt x 164.39072pt.
<clickTerminal.png, id=42, 955.06813pt x 214.30063pt>
File: clickTerminal.png Graphic file (type png)
<use clickTerminal.png>
Package pdftex.def Info: clickTerminal.png  used on input line 234.
(pdftex.def)             Requested size: 307.2929pt x 68.95036pt.
 [3 <./clickPc.PNG> <./deskTerminal.PNG> <./clickTerminal.PNG>]
<no.png, id=49, 946.53625pt x 437.635pt>
File: no.png Graphic file (type png)
<use no.png>
Package pdftex.def Info: no.png  used on input line 243.
(pdftex.def)             Requested size: 358.50317pt x 165.75545pt.
<admin.png, id=50, 429.10312pt x 37.13875pt>
File: admin.png Graphic file (type png)
<use admin.png>
Package pdftex.def Info: admin.png  used on input line 271.
(pdftex.def)             Requested size: 307.2929pt x 26.5965pt.
<configt.png, id=51, 310.15875pt x 31.61812pt>
File: configt.png Graphic file (type png)
<use configt.png>
Package pdftex.def Info: configt.png  used on input line 276.
(pdftex.def)             Requested size: 307.2929pt x 31.32565pt.
<hostname.png, id=52, 332.74312pt x 19.57312pt>
File: hostname.png Graphic file (type png)
<use hostname.png>
Package pdftex.def Info: hostname.png  used on input line 293.
(pdftex.def)             Requested size: 307.2929pt x 18.07706pt.
 [4 <./no.PNG> <./admin.PNG> <./configt.PNG> <./hostname.PNG>]
<password.png, id=61, 187.19937pt x 21.58063pt>
File: password.png Graphic file (type png)
<use password.png>
Package pdftex.def Info: password.png  used on input line 312.
(pdftex.def)             Requested size: 307.2929pt x 35.42699pt.
<enterpass.png, id=62, 292.59312pt x 87.82813pt>
File: enterpass.png Graphic file (type png)
<use enterpass.png>
Package pdftex.def Info: enterpass.png  used on input line 319.
(pdftex.def)             Requested size: 307.2929pt x 92.24904pt.
<nomInterface.png, id=63, 304.13625pt x 166.6225pt>
File: nomInterface.png Graphic file (type png)
<use nomInterface.png>
Package pdftex.def Info: nomInterface.png  used on input line 359.
(pdftex.def)             Requested size: 307.2929pt x 168.35603pt.
 [5 <./password.PNG> <./enterPass.PNG>]
<delTool.png, id=69, 233.37187pt x 88.33pt>
File: delTool.png Graphic file (type png)
<use delTool.png>
Package pdftex.def Info: delTool.png  used on input line 377.
(pdftex.def)             Requested size: 256.07481pt x 96.93416pt.
<clickRouter.png, id=70, 960.08687pt x 490.33188pt>
File: clickRouter.png Graphic file (type png)
<use clickRouter.png>
Package pdftex.def Info: clickRouter.png  used on input line 383.
(pdftex.def)             Requested size: 307.2929pt x 156.93933pt.
<cli.png, id=71, 961.5925pt x 491.8375pt>
File: cli.png Graphic file (type png)
<use cli.png>
Package pdftex.def Info: cli.png  used on input line 389.
(pdftex.def)             Requested size: 307.2929pt x 157.17357pt.
 [6 <./nomInterface.PNG> <./delTool.PNG> <./clickRouter.PNG> <./cli.PNG>]
<interfaceRouter1.png, id=79, 134.00063pt x 21.58063pt>
File: interfaceRouter1.png Graphic file (type png)
<use interfaceRouter1.png>
Package pdftex.def Info: interfaceRouter1.png  used on input line 397.
(pdftex.def)             Requested size: 307.2929pt x 49.48912pt.
<confRoutSwitch.png, id=80, 1883.035pt x 326.21875pt>
File: confRoutSwitch.png Graphic file (type png)
<use confRoutSwitch.png>
Package pdftex.def Info: confRoutSwitch.png  used on input line 403.
(pdftex.def)             Requested size: 307.2929pt x 53.23639pt.
<verify1.png, id=81, 594.72188pt x 164.11313pt>
File: verify1.png Graphic file (type png)
<use verify1.png>
Package pdftex.def Info: verify1.png  used on input line 421.
(pdftex.def)             Requested size: 307.2929pt x 84.7959pt.
<verify2.png, id=82, 962.59625pt x 491.33563pt>
File: verify2.png Graphic file (type png)
<use verify2.png>
Package pdftex.def Info: verify2.png  used on input line 427.
(pdftex.def)             Requested size: 307.2929pt x 156.84825pt.
 [7 <./interfaceRouter1.PNG> <./confRoutSwitch.png> <./verify1.PNG> <./verify2.PNG>]
<deskIPCONF.png, id=90, 961.5925pt x 514.42188pt>
File: deskIPCONF.png Graphic file (type png)
<use deskIPCONF.png>
Package pdftex.def Info: deskIPCONF.png  used on input line 445.
(pdftex.def)             Requested size: 307.2929pt x 164.39072pt.
<configPCMeth1.png, id=91, 963.6pt x 429.605pt>
File: configPCMeth1.png Graphic file (type png)
<use configPCMeth1.png>
Package pdftex.def Info: configPCMeth1.png  used on input line 451.
(pdftex.def)             Requested size: 307.2929pt x 136.99786pt.
<configPCMeth2.png, id=92, 963.09813pt x 487.8225pt>
File: configPCMeth2.png Graphic file (type png)
<use configPCMeth2.png>
Package pdftex.def Info: configPCMeth2.png  used on input line 457.
(pdftex.def)             Requested size: 307.2929pt x 155.64488pt.
 [8 <./deskIPCONF.PNG> <./configPCMeth1.PNG> <./configPCMeth2.PNG>]
<configPC1.png, id=99, 963.6pt x 432.61626pt>
File: configPC1.png Graphic file (type png)
<use configPC1.png>
Package pdftex.def Info: configPC1.png  used on input line 467.
(pdftex.def)             Requested size: 307.2929pt x 137.95815pt.
<configPC2.png, id=100, 958.07938pt x 440.64626pt>
File: configPC2.png Graphic file (type png)
<use configPC2.png>
Package pdftex.def Info: configPC2.png  used on input line 473.
(pdftex.def)             Requested size: 307.2929pt x 141.33241pt.
<verifypc1.png, id=101, 554.07pt x 182.18062pt>
File: verifypc1.png Graphic file (type png)
<use verifypc1.png>
Package pdftex.def Info: verifypc1.png  used on input line 482.
(pdftex.def)             Requested size: 307.2929pt x 101.03915pt.
<verifypc2.png, id=102, 601.74812pt x 156.08313pt>
File: verifypc2.png Graphic file (type png)
<use verifypc2.png>
Package pdftex.def Info: verifypc2.png  used on input line 488.
(pdftex.def)             Requested size: 307.2929pt x 79.7085pt.
 [9 <./configPC1.PNG> <./configPC2.PNG> <./verifyPC1.PNG> <./verifyPC2.PNG>]
<testConfPC1.png, id=110, 648.4225pt x 398.48875pt>
File: testConfPC1.png Graphic file (type png)
<use testConfPC1.png>
Package pdftex.def Info: testConfPC1.png  used on input line 505.
(pdftex.def)             Requested size: 307.2929pt x 188.84633pt.
 [10 <./testConfPC1.PNG>]
<testPingPC1.png, id=115, 963.6pt x 487.8225pt>
File: testPingPC1.png Graphic file (type png)
<use testPingPC1.png>
Package pdftex.def Info: testPingPC1.png  used on input line 522.
(pdftex.def)             Requested size: 307.2929pt x 155.563pt.
<testPingRouter.png, id=116, 428.60126pt x 255.95625pt>
File: testPingRouter.png Graphic file (type png)
<use testPingRouter.png>
Package pdftex.def Info: testPingRouter.png  used on input line 528.
(pdftex.def)             Requested size: 307.2929pt x 183.51114pt.
 [11 <./testPingPC1.PNG> <./testPingRouter.PNG>]
<copy1.png, id=122, 387.4475pt x 243.91125pt>
File: copy1.png Graphic file (type png)
<use copy1.png>
Package pdftex.def Info: copy1.png  used on input line 536.
(pdftex.def)             Requested size: 307.2929pt x 193.45445pt.
<state2.png, id=123, 558.085pt x 224.84pt>
File: state2.png Graphic file (type png)
<use state2.png>
Package pdftex.def Info: state2.png  used on input line 542.
(pdftex.def)             Requested size: 307.2929pt x 123.80304pt.
<confPC3.png, id=124, 963.6pt x 439.14063pt>
File: confPC3.png Graphic file (type png)
<use confPC3.png>
Package pdftex.def Info: confPC3.png  used on input line 558.
(pdftex.def)             Requested size: 307.2929pt x 140.03871pt.
<confPC4.png, id=125, 963.6pt x 444.66125pt>
File: confPC4.png Graphic file (type png)
<use confPC4.png>
Package pdftex.def Info: confPC4.png  used on input line 564.
(pdftex.def)             Requested size: 307.2929pt x 141.7992pt.
 [12 <./copy1.PNG> <./state2.PNG> <./confPC3.PNG>]
<IntrefaceCheck.png, id=132, 507.8975pt x 208.78pt>
File: IntrefaceCheck.png Graphic file (type png)
<use IntrefaceCheck.png>
Package pdftex.def Info: IntrefaceCheck.png  used on input line 571.
(pdftex.def)             Requested size: 307.2929pt x 126.32024pt.
<confRoutInt2.png, id=133, 507.8975pt x 153.07187pt>
File: confRoutInt2.png Graphic file (type png)
<use confRoutInt2.png>
Package pdftex.def Info: confRoutInt2.png  used on input line 577.
(pdftex.def)             Requested size: 307.2929pt x 92.6146pt.
<pingTool.png, id=134, 572.1375pt x 75.28125pt>
File: pingTool.png Graphic file (type png)
<use pingTool.png>
Package pdftex.def Info: pingTool.png  used on input line 588.
(pdftex.def)             Requested size: 307.2929pt x 40.433pt.
<goodPing.png, id=135, 545.53813pt x 57.21375pt>
File: goodPing.png Graphic file (type png)
<use goodPing.png>
Package pdftex.def Info: goodPing.png  used on input line 594.
(pdftex.def)             Requested size: 307.2929pt x 32.22716pt.
<failedPing.png, id=136, 534.99875pt x 74.77937pt>
File: failedPing.png Graphic file (type png)
<use failedPing.png>
Package pdftex.def Info: failedPing.png  used on input line 601.
(pdftex.def)             Requested size: 307.2929pt x 42.9533pt.
 [13 <./confPC4.PNG> <./intrefaceCheck.PNG> <./confRoutInt2.PNG> <./pingTool.PNG> <./goodPing.PNG> <./failedPing.PNG>]
<gatePC1.png, id=147, 961.5925pt x 439.6425pt>
File: gatePC1.png Graphic file (type png)
<use gatePC1.png>
Package pdftex.def Info: gatePC1.png  used on input line 618.
(pdftex.def)             Requested size: 307.2929pt x 140.49393pt.
<gatePC2.png, id=148, 963.6pt x 431.11063pt>
File: gatePC2.png Graphic file (type png)
<use gatePC2.png>
Package pdftex.def Info: gatePC2.png  used on input line 624.
(pdftex.def)             Requested size: 307.2929pt x 137.478pt.
<gatePC3.png, id=149, 963.6pt x 426.09187pt>
File: gatePC3.png Graphic file (type png)
<use gatePC3.png>
Package pdftex.def Info: gatePC3.png  used on input line 630.
(pdftex.def)             Requested size: 307.2929pt x 135.87756pt.
<gatePC4.png, id=150, 963.6pt x 435.12563pt>
File: gatePC4.png Graphic file (type png)
<use gatePC4.png>
Package pdftex.def Info: gatePC4.png  used on input line 636.
(pdftex.def)             Requested size: 307.2929pt x 138.75836pt.
 [14 <./gatePC1.PNG> <./gatePC2.PNG> <./gatePC3.PNG> <./gatePC4.PNG>]
<goodPing2e.png, id=158, 540.51938pt x 48.18pt>
File: goodPing2e.png Graphic file (type png)
<use goodPing2e.png>
Package pdftex.def Info: goodPing2e.png  used on input line 645.
(pdftex.def)             Requested size: 307.2929pt x 27.39156pt.
<state3.png, id=159, 495.8525pt x 265.49188pt>
File: state3.png Graphic file (type png)
<use state3.png>
Package pdftex.def Info: state3.png  used on input line 654.
(pdftex.def)             Requested size: 307.2929pt x 164.5344pt.
<confiPC5.png, id=160, 963.09813pt x 421.07312pt>
File: confiPC5.png Graphic file (type png)
<use confiPC5.png>
Package pdftex.def Info: confiPC5.png  used on input line 662.
(pdftex.def)             Requested size: 307.2929pt x 134.3478pt.
<confiPC6.png, id=161, 960.08687pt x 433.62pt>
File: confiPC6.png Graphic file (type png)
<use confiPC6.png>
Package pdftex.def Info: confiPC6.png  used on input line 668.
(pdftex.def)             Requested size: 307.2929pt x 138.78769pt.
<confRout2.png, id=162, 963.6pt x 370.38374pt>
File: confRout2.png Graphic file (type png)
<use confRout2.png>
Package pdftex.def Info: confRout2.png  used on input line 674.
(pdftex.def)             Requested size: 307.2929pt x 118.11264pt.
<crossCable.png, id=163, 1883.035pt x 365.365pt>
File: crossCable.png Graphic file (type png)
<use crossCable.png>
Package pdftex.def Info: crossCable.png  used on input line 682.
(pdftex.def)             Requested size: 307.2929pt x 59.62477pt.
 [15 <./goodPing2e.PNG> <./state3.PNG> <./confiPC5.PNG> <./confiPC6.PNG> <./confRout2.PNG>]
<state4.png, id=172, 573.64313pt x 307.64937pt>
File: state4.png Graphic file (type png)
<use state4.png>
Package pdftex.def Info: state4.png  used on input line 688.
(pdftex.def)             Requested size: 307.2929pt x 164.80437pt.
<confRouteRoute1.png, id=173, 956.57375pt x 489.83pt>
File: confRouteRoute1.png Graphic file (type png)
<use confRouteRoute1.png>
Package pdftex.def Info: confRouteRoute1.png  used on input line 695.
(pdftex.def)             Requested size: 307.2929pt x 157.3542pt.
<confRoutRout2.png, id=174, 959.08313pt x 490.33188pt>
File: confRoutRout2.png Graphic file (type png)
<use confRoutRout2.png>
Package pdftex.def Info: confRoutRout2.png  used on input line 701.
(pdftex.def)             Requested size: 307.2929pt x 157.10393pt.
 [16 <./crossCable.png> <./state4.PNG> <./confRouteRoute1.PNG> <./confRoutRout2.PNG>]
<p1.png, id=181, 442.15187pt x 62.73438pt>
File: p1.png Graphic file (type png)
<use p1.png>
Package pdftex.def Info: p1.png  used on input line 710.
(pdftex.def)             Requested size: 307.2929pt x 43.60168pt.

Underfull \hbox (badness 10000) in paragraph at lines 725--726
[]\OT1/cmr/m/n/10 pour ajouter on route static on doit etre au niveau 3 et on utilise :
 []

<tableRoute1.png, id=182, 952.05687pt x 242.9075pt>
File: tableRoute1.png Graphic file (type png)
<use tableRoute1.png>
Package pdftex.def Info: tableRoute1.png  used on input line 734.
(pdftex.def)             Requested size: 307.2929pt x 78.40285pt.
<staticRoute1.png, id=183, 523.9575pt x 255.95625pt>
File: staticRoute1.png Graphic file (type png)
<use staticRoute1.png>
Package pdftex.def Info: staticRoute1.png  used on input line 740.
(pdftex.def)             Requested size: 307.2929pt x 150.11848pt.
[17 <./p1.PNG> <./tableRoute1.PNG> <./staticRoute1.PNG>]
<routeerror.png, id=190, 963.6pt x 369.38pt>
File: routeerror.png Graphic file (type png)
<use routeerror.png>
Package pdftex.def Info: routeerror.png  used on input line 749.
(pdftex.def)             Requested size: 307.2929pt x 117.79256pt.
<table2.png, id=191, 423.08063pt x 170.6375pt>
File: table2.png Graphic file (type png)
<use table2.png>
Package pdftex.def Info: table2.png  used on input line 767.
(pdftex.def)             Requested size: 307.2929pt x 123.94203pt.
<confroute22.png, id=192, 446.16687pt x 250.9375pt>
File: confroute22.png Graphic file (type png)
<use confroute22.png>
Package pdftex.def Info: confroute22.png  used on input line 773.
(pdftex.def)             Requested size: 307.2929pt x 172.83307pt.
<goodpingend.png, id=193, 551.56062pt x 71.76813pt>
File: goodpingend.png Graphic file (type png)
<use goodpingend.png>
Package pdftex.def Info: goodpingend.png  used on input line 780.
(pdftex.def)             Requested size: 307.2929pt x 39.98618pt.
 [18 <./routeerror.PNG> <./table2.PNG> <./confroute22.PNG> <./goodpingend.PNG>] (./RES_TP1.aux)
 ***********
LaTeX2e <2023-11-01> patch level 1
L3 programming layer <2024-01-22>
 ***********
 ) 
Here is how much of TeX's memory you used:
 32446 strings out of 474222
 714609 string characters out of 5748732
 1941975 words of memory out of 5000000
 54236 multiletter control sequences out of 15000+600000
 563932 words of font info for 58 fonts, out of 8000000 for 9000
 1141 hyphenation exceptions out of 8191
 101i,7n,117p,444b,999s stack positions out of 10000i,1000n,20000p,200000b,200000s
</usr/share/texlive/texmf-dist/fonts/type1/public/amsfonts/cm/cmbsy10.pfb></usr/share/texlive/texmf-dist/fonts/type1/public/amsfonts/cm/cmbx10.pfb></usr/share/texlive/texmf-dist/fonts/type1/public/amsfonts/cm/cmbx12.pfb></usr/share/texlive/texmf-dist/fonts/type1/public/amsfonts/cm/cmr10.pfb></usr/share/texlive/texmf-dist/fonts/type1/public/amsfonts/cm/cmtt10.pfb></usr/share/texmf/fonts/type1/public/cm-super/sfrm1000.pfb>
Output written on RES_TP1.pdf (18 pages, 2659454 bytes).
PDF statistics:
 229 PDF objects out of 1000 (max. 8388607)
 64 compressed objects within 1 object stream
 0 named destinations out of 1000 (max. 500000)
 353 words of extra memory for PDF output out of 10000 (max. 10000000)

