This is pdfTeX, Version 3.141592653-2.6-1.40.25 (TeX Live 2023/Debian) (preloaded format=pdflatex 2024.11.12)  19 JAN 2025 10:42
entering extended mode
 restricted \write18 enabled.
 file:line:error style messages enabled.
 %&-line parsing enabled.
**db.tex
(./db.tex
LaTeX2e <2023-11-01> patch level 1
L3 programming layer <2024-01-22>
(/usr/share/texlive/texmf-dist/tex/latex/base/article.cls
Document Class: article 2023/05/17 v1.4n Standard LaTeX document class
(/usr/share/texlive/texmf-dist/tex/latex/base/size10.clo
File: size10.clo 2023/05/17 v1.4n Standard LaTeX file (size option)
)
\c@part=\count187
\c@section=\count188
\c@subsection=\count189
\c@subsubsection=\count190
\c@paragraph=\count191
\c@subparagraph=\count192
\c@figure=\count193
\c@table=\count194
\abovecaptionskip=\skip48
\belowcaptionskip=\skip49
\bibindent=\dimen140
) (/usr/share/texlive/texmf-dist/tex/latex/geometry/geometry.sty
Package: geometry 2020/01/02 v5.9 Page Geometry
 (/usr/share/texlive/texmf-dist/tex/latex/graphics/keyval.sty
Package: keyval 2022/05/29 v1.15 key=value parser (DPC)
\KV@toks@=\toks17
) (/usr/share/texlive/texmf-dist/tex/generic/iftex/ifvtex.sty
Package: ifvtex 2019/10/25 v1.7 ifvtex legacy package. Use iftex instead.
 (/usr/share/texlive/texmf-dist/tex/generic/iftex/iftex.sty
Package: iftex 2022/02/03 v1.0f TeX engine tests
))
\Gm@cnth=\count195
\Gm@cntv=\count196
\c@Gm@tempcnt=\count197
\Gm@bindingoffset=\dimen141
\Gm@wd@mp=\dimen142
\Gm@odd@mp=\dimen143
\Gm@even@mp=\dimen144
\Gm@layoutwidth=\dimen145
\Gm@layoutheight=\dimen146
\Gm@layouthoffset=\dimen147
\Gm@layoutvoffset=\dimen148
\Gm@dimlist=\toks18
) (/usr/share/texlive/texmf-dist/tex/latex/pgf/frontendlayer/tikz.sty (/usr/share/texlive/texmf-dist/tex/latex/pgf/basiclayer/pgf.sty (/usr/share/texlive/texmf-dist/tex/latex/pgf/utilities/pgfrcs.sty (/usr/share/texlive/texmf-dist/tex/generic/pgf/utilities/pgfutil-common.tex
\pgfutil@everybye=\toks19
\pgfutil@tempdima=\dimen149
\pgfutil@tempdimb=\dimen150
) (/usr/share/texlive/texmf-dist/tex/generic/pgf/utilities/pgfutil-latex.def
\pgfutil@abb=\box51
) (/usr/share/texlive/texmf-dist/tex/generic/pgf/utilities/pgfrcs.code.tex (/usr/share/texlive/texmf-dist/tex/generic/pgf/pgf.revision.tex)
Package: pgfrcs 2023-01-15 v3.1.10 (3.1.10)
))
Package: pgf 2023-01-15 v3.1.10 (3.1.10)
 (/usr/share/texlive/texmf-dist/tex/latex/pgf/basiclayer/pgfcore.sty (/usr/share/texlive/texmf-dist/tex/latex/graphics/graphicx.sty
Package: graphicx 2021/09/16 v1.2d Enhanced LaTeX Graphics (DPC,SPQR)
 (/usr/share/texlive/texmf-dist/tex/latex/graphics/graphics.sty
Package: graphics 2022/03/10 v1.4e Standard LaTeX Graphics (DPC,SPQR)
 (/usr/share/texlive/texmf-dist/tex/latex/graphics/trig.sty
Package: trig 2021/08/11 v1.11 sin cos tan (DPC)
) (/usr/share/texlive/texmf-dist/tex/latex/graphics-cfg/graphics.cfg
File: graphics.cfg 2016/06/04 v1.11 sample graphics configuration
)
Package graphics Info: Driver file: pdftex.def on input line 107.
 (/usr/share/texlive/texmf-dist/tex/latex/graphics-def/pdftex.def
File: pdftex.def 2022/09/22 v1.2b Graphics/color driver for pdftex
))
\Gin@req@height=\dimen151
\Gin@req@width=\dimen152
) (/usr/share/texlive/texmf-dist/tex/latex/pgf/systemlayer/pgfsys.sty (/usr/share/texlive/texmf-dist/tex/generic/pgf/systemlayer/pgfsys.code.tex
Package: pgfsys 2023-01-15 v3.1.10 (3.1.10)
 (/usr/share/texlive/texmf-dist/tex/generic/pgf/utilities/pgfkeys.code.tex
\pgfkeys@pathtoks=\toks20
\pgfkeys@temptoks=\toks21
 (/usr/share/texlive/texmf-dist/tex/generic/pgf/utilities/pgfkeyslibraryfiltered.code.tex
\pgfkeys@tmptoks=\toks22
))
\pgf@x=\dimen153
\pgf@y=\dimen154
\pgf@xa=\dimen155
\pgf@ya=\dimen156
\pgf@xb=\dimen157
\pgf@yb=\dimen158
\pgf@xc=\dimen159
\pgf@yc=\dimen160
\pgf@xd=\dimen161
\pgf@yd=\dimen162
\w@pgf@writea=\write3
\r@pgf@reada=\read2
\c@pgf@counta=\count198
\c@pgf@countb=\count199
\c@pgf@countc=\count266
\c@pgf@countd=\count267
\t@pgf@toka=\toks23
\t@pgf@tokb=\toks24
\t@pgf@tokc=\toks25
\pgf@sys@id@count=\count268
 (/usr/share/texlive/texmf-dist/tex/generic/pgf/systemlayer/pgf.cfg
File: pgf.cfg 2023-01-15 v3.1.10 (3.1.10)
)
Driver file for pgf: pgfsys-pdftex.def
 (/usr/share/texlive/texmf-dist/tex/generic/pgf/systemlayer/pgfsys-pdftex.def
File: pgfsys-pdftex.def 2023-01-15 v3.1.10 (3.1.10)
 (/usr/share/texlive/texmf-dist/tex/generic/pgf/systemlayer/pgfsys-common-pdf.def
File: pgfsys-common-pdf.def 2023-01-15 v3.1.10 (3.1.10)
))) (/usr/share/texlive/texmf-dist/tex/generic/pgf/systemlayer/pgfsyssoftpath.code.tex
File: pgfsyssoftpath.code.tex 2023-01-15 v3.1.10 (3.1.10)
\pgfsyssoftpath@smallbuffer@items=\count269
\pgfsyssoftpath@bigbuffer@items=\count270
) (/usr/share/texlive/texmf-dist/tex/generic/pgf/systemlayer/pgfsysprotocol.code.tex
File: pgfsysprotocol.code.tex 2023-01-15 v3.1.10 (3.1.10)
)) (/usr/share/texlive/texmf-dist/tex/latex/xcolor/xcolor.sty
Package: xcolor 2023/11/15 v3.01 LaTeX color extensions (UK)

(/usr/share/texlive/texmf-dist/tex/latex/graphics-cfg/color.cfg
File: color.cfg 2016/01/02 v1.6 sample color configuration
)
Package xcolor Info: Driver file: pdftex.def on input line 274.
 (/usr/share/texlive/texmf-dist/tex/latex/graphics/mathcolor.ltx)
Package xcolor Info: Model `cmy' substituted by `cmy0' on input line 1350.
Package xcolor Info: Model `hsb' substituted by `rgb' on input line 1354.
Package xcolor Info: Model `RGB' extended on input line 1366.
Package xcolor Info: Model `HTML' substituted by `rgb' on input line 1368.
Package xcolor Info: Model `Hsb' substituted by `hsb' on input line 1369.
Package xcolor Info: Model `tHsb' substituted by `hsb' on input line 1370.
Package xcolor Info: Model `HSB' substituted by `hsb' on input line 1371.
Package xcolor Info: Model `Gray' substituted by `gray' on input line 1372.
Package xcolor Info: Model `wave' substituted by `hsb' on input line 1373.
) (/usr/share/texlive/texmf-dist/tex/generic/pgf/basiclayer/pgfcore.code.tex
Package: pgfcore 2023-01-15 v3.1.10 (3.1.10)
 (/usr/share/texlive/texmf-dist/tex/generic/pgf/math/pgfmath.code.tex (/usr/share/texlive/texmf-dist/tex/generic/pgf/math/pgfmathutil.code.tex) (/usr/share/texlive/texmf-dist/tex/generic/pgf/math/pgfmathparser.code.tex
\pgfmath@dimen=\dimen163
\pgfmath@count=\count271
\pgfmath@box=\box52
\pgfmath@toks=\toks26
\pgfmath@stack@operand=\toks27
\pgfmath@stack@operation=\toks28
) (/usr/share/texlive/texmf-dist/tex/generic/pgf/math/pgfmathfunctions.code.tex) (/usr/share/texlive/texmf-dist/tex/generic/pgf/math/pgfmathfunctions.basic.code.tex) (/usr/share/texlive/texmf-dist/tex/generic/pgf/math/pgfmathfunctions.trigonometric.code.tex) (/usr/share/texlive/texmf-dist/tex/generic/pgf/math/pgfmathfunctions.random.code.tex) (/usr/share/texlive/texmf-dist/tex/generic/pgf/math/pgfmathfunctions.comparison.code.tex) (/usr/share/texlive/texmf-dist/tex/generic/pgf/math/pgfmathfunctions.base.code.tex) (/usr/share/texlive/texmf-dist/tex/generic/pgf/math/pgfmathfunctions.round.code.tex) (/usr/share/texlive/texmf-dist/tex/generic/pgf/math/pgfmathfunctions.misc.code.tex) (/usr/share/texlive/texmf-dist/tex/generic/pgf/math/pgfmathfunctions.integerarithmetics.code.tex) (/usr/share/texlive/texmf-dist/tex/generic/pgf/math/pgfmathcalc.code.tex) (/usr/share/texlive/texmf-dist/tex/generic/pgf/math/pgfmathfloat.code.tex
\c@pgfmathroundto@lastzeros=\count272
)) (/usr/share/texlive/texmf-dist/tex/generic/pgf/math/pgfint.code.tex) (/usr/share/texlive/texmf-dist/tex/generic/pgf/basiclayer/pgfcorepoints.code.tex
File: pgfcorepoints.code.tex 2023-01-15 v3.1.10 (3.1.10)
\pgf@picminx=\dimen164
\pgf@picmaxx=\dimen165
\pgf@picminy=\dimen166
\pgf@picmaxy=\dimen167
\pgf@pathminx=\dimen168
\pgf@pathmaxx=\dimen169
\pgf@pathminy=\dimen170
\pgf@pathmaxy=\dimen171
\pgf@xx=\dimen172
\pgf@xy=\dimen173
\pgf@yx=\dimen174
\pgf@yy=\dimen175
\pgf@zx=\dimen176
\pgf@zy=\dimen177
) (/usr/share/texlive/texmf-dist/tex/generic/pgf/basiclayer/pgfcorepathconstruct.code.tex
File: pgfcorepathconstruct.code.tex 2023-01-15 v3.1.10 (3.1.10)
\pgf@path@lastx=\dimen178
\pgf@path@lasty=\dimen179
) (/usr/share/texlive/texmf-dist/tex/generic/pgf/basiclayer/pgfcorepathusage.code.tex
File: pgfcorepathusage.code.tex 2023-01-15 v3.1.10 (3.1.10)
\pgf@shorten@end@additional=\dimen180
\pgf@shorten@start@additional=\dimen181
) (/usr/share/texlive/texmf-dist/tex/generic/pgf/basiclayer/pgfcorescopes.code.tex
File: pgfcorescopes.code.tex 2023-01-15 v3.1.10 (3.1.10)
\pgfpic=\box53
\pgf@hbox=\box54
\pgf@layerbox@main=\box55
\pgf@picture@serial@count=\count273
) (/usr/share/texlive/texmf-dist/tex/generic/pgf/basiclayer/pgfcoregraphicstate.code.tex
File: pgfcoregraphicstate.code.tex 2023-01-15 v3.1.10 (3.1.10)
\pgflinewidth=\dimen182
) (/usr/share/texlive/texmf-dist/tex/generic/pgf/basiclayer/pgfcoretransformations.code.tex
File: pgfcoretransformations.code.tex 2023-01-15 v3.1.10 (3.1.10)
\pgf@pt@x=\dimen183
\pgf@pt@y=\dimen184
\pgf@pt@temp=\dimen185
)
(/usr/share/texlive/texmf-dist/tex/generic/pgf/basiclayer/pgfcorequick.code.tex
File: pgfcorequick.code.tex 2023-01-15 v3.1.10 (3.1.10)
) (/usr/share/texlive/texmf-dist/tex/generic/pgf/basiclayer/pgfcoreobjects.code.tex
File: pgfcoreobjects.code.tex 2023-01-15 v3.1.10 (3.1.10)
) (/usr/share/texlive/texmf-dist/tex/generic/pgf/basiclayer/pgfcorepathprocessing.code.tex
File: pgfcorepathprocessing.code.tex 2023-01-15 v3.1.10 (3.1.10)
) (/usr/share/texlive/texmf-dist/tex/generic/pgf/basiclayer/pgfcorearrows.code.tex
File: pgfcorearrows.code.tex 2023-01-15 v3.1.10 (3.1.10)
\pgfarrowsep=\dimen186
) (/usr/share/texlive/texmf-dist/tex/generic/pgf/basiclayer/pgfcoreshade.code.tex
File: pgfcoreshade.code.tex 2023-01-15 v3.1.10 (3.1.10)
\pgf@max=\dimen187
\pgf@sys@shading@range@num=\count274
\pgf@shadingcount=\count275
) (/usr/share/texlive/texmf-dist/tex/generic/pgf/basiclayer/pgfcoreimage.code.tex
File: pgfcoreimage.code.tex 2023-01-15 v3.1.10 (3.1.10)
) (/usr/share/texlive/texmf-dist/tex/generic/pgf/basiclayer/pgfcoreexternal.code.tex
File: pgfcoreexternal.code.tex 2023-01-15 v3.1.10 (3.1.10)
\pgfexternal@startupbox=\box56
) (/usr/share/texlive/texmf-dist/tex/generic/pgf/basiclayer/pgfcorelayers.code.tex
File: pgfcorelayers.code.tex 2023-01-15 v3.1.10 (3.1.10)
) (/usr/share/texlive/texmf-dist/tex/generic/pgf/basiclayer/pgfcoretransparency.code.tex
File: pgfcoretransparency.code.tex 2023-01-15 v3.1.10 (3.1.10)
) (/usr/share/texlive/texmf-dist/tex/generic/pgf/basiclayer/pgfcorepatterns.code.tex
File: pgfcorepatterns.code.tex 2023-01-15 v3.1.10 (3.1.10)
) (/usr/share/texlive/texmf-dist/tex/generic/pgf/basiclayer/pgfcorerdf.code.tex
File: pgfcorerdf.code.tex 2023-01-15 v3.1.10 (3.1.10)
))) (/usr/share/texlive/texmf-dist/tex/generic/pgf/modules/pgfmoduleshapes.code.tex
File: pgfmoduleshapes.code.tex 2023-01-15 v3.1.10 (3.1.10)
\pgfnodeparttextbox=\box57
) (/usr/share/texlive/texmf-dist/tex/generic/pgf/modules/pgfmoduleplot.code.tex
File: pgfmoduleplot.code.tex 2023-01-15 v3.1.10 (3.1.10)
) (/usr/share/texlive/texmf-dist/tex/latex/pgf/compatibility/pgfcomp-version-0-65.sty
Package: pgfcomp-version-0-65 2023-01-15 v3.1.10 (3.1.10)
\pgf@nodesepstart=\dimen188
\pgf@nodesepend=\dimen189
) (/usr/share/texlive/texmf-dist/tex/latex/pgf/compatibility/pgfcomp-version-1-18.sty
Package: pgfcomp-version-1-18 2023-01-15 v3.1.10 (3.1.10)
)) (/usr/share/texlive/texmf-dist/tex/latex/pgf/utilities/pgffor.sty (/usr/share/texlive/texmf-dist/tex/latex/pgf/utilities/pgfkeys.sty (/usr/share/texlive/texmf-dist/tex/generic/pgf/utilities/pgfkeys.code.tex)) (/usr/share/texlive/texmf-dist/tex/latex/pgf/math/pgfmath.sty (/usr/share/texlive/texmf-dist/tex/generic/pgf/math/pgfmath.code.tex)) (/usr/share/texlive/texmf-dist/tex/generic/pgf/utilities/pgffor.code.tex
Package: pgffor 2023-01-15 v3.1.10 (3.1.10)
\pgffor@iter=\dimen190
\pgffor@skip=\dimen191
\pgffor@stack=\toks29
\pgffor@toks=\toks30
)) (/usr/share/texlive/texmf-dist/tex/generic/pgf/frontendlayer/tikz/tikz.code.tex
Package: tikz 2023-01-15 v3.1.10 (3.1.10)
 (/usr/share/texlive/texmf-dist/tex/generic/pgf/libraries/pgflibraryplothandlers.code.tex
File: pgflibraryplothandlers.code.tex 2023-01-15 v3.1.10 (3.1.10)
\pgf@plot@mark@count=\count276
\pgfplotmarksize=\dimen192
)
\tikz@lastx=\dimen193
\tikz@lasty=\dimen194
\tikz@lastxsaved=\dimen195
\tikz@lastysaved=\dimen196
\tikz@lastmovetox=\dimen197
\tikz@lastmovetoy=\dimen198
\tikzleveldistance=\dimen199
\tikzsiblingdistance=\dimen256
\tikz@figbox=\box58
\tikz@figbox@bg=\box59
\tikz@tempbox=\box60
\tikz@tempbox@bg=\box61
\tikztreelevel=\count277
\tikznumberofchildren=\count278
\tikznumberofcurrentchild=\count279
\tikz@fig@count=\count280
 (/usr/share/texlive/texmf-dist/tex/generic/pgf/modules/pgfmodulematrix.code.tex
File: pgfmodulematrix.code.tex 2023-01-15 v3.1.10 (3.1.10)
\pgfmatrixcurrentrow=\count281
\pgfmatrixcurrentcolumn=\count282
\pgf@matrix@numberofcolumns=\count283
)
\tikz@expandcount=\count284

(/usr/share/texlive/texmf-dist/tex/generic/pgf/frontendlayer/tikz/libraries/tikzlibrarytopaths.code.tex
File: tikzlibrarytopaths.code.tex 2023-01-15 v3.1.10 (3.1.10)
))) (/usr/share/texlive/texmf-dist/tex/latex/tcolorbox/tcolorbox.sty
Package: tcolorbox 2024/01/10 version 6.2.0 text color boxes
 (/usr/share/texlive/texmf-dist/tex/latex/tools/verbatim.sty
Package: verbatim 2023-11-06 v1.5v LaTeX2e package for verbatim enhancements
\every@verbatim=\toks31
\verbatim@line=\toks32
\verbatim@in@stream=\read3
) (/usr/share/texlive/texmf-dist/tex/latex/environ/environ.sty
Package: environ 2014/05/04 v0.3 A new way to define environments
 (/usr/share/texlive/texmf-dist/tex/latex/trimspaces/trimspaces.sty
Package: trimspaces 2009/09/17 v1.1 Trim spaces around a token list
)
\@envbody=\toks33
) (/usr/share/texlive/texmf-dist/tex/latex/etoolbox/etoolbox.sty
Package: etoolbox 2020/10/05 v2.5k e-TeX tools for LaTeX (JAW)
\etb@tempcnta=\count285
)
\tcb@titlebox=\box62
\tcb@upperbox=\box63
\tcb@lowerbox=\box64
\tcb@phantombox=\box65
\c@tcbbreakpart=\count286
\c@tcblayer=\count287
\c@tcolorbox@number=\count288
\l__tcobox_tmpa_box=\box66
\l__tcobox_tmpa_dim=\dimen257
\tcb@temp=\box67
\tcb@temp=\box68
\tcb@temp=\box69
\tcb@temp=\box70
) (/usr/share/texlive/texmf-dist/tex/latex/amsmath/amsmath.sty
Package: amsmath 2023/05/13 v2.17o AMS math features
\@mathmargin=\skip50

For additional information on amsmath, use the `?' option.
(/usr/share/texlive/texmf-dist/tex/latex/amsmath/amstext.sty
Package: amstext 2021/08/26 v2.01 AMS text
 (/usr/share/texlive/texmf-dist/tex/latex/amsmath/amsgen.sty
File: amsgen.sty 1999/11/30 v2.0 generic functions
\@emptytoks=\toks34
\ex@=\dimen258
)) (/usr/share/texlive/texmf-dist/tex/latex/amsmath/amsbsy.sty
Package: amsbsy 1999/11/29 v1.2d Bold Symbols
\pmbraise@=\dimen259
) (/usr/share/texlive/texmf-dist/tex/latex/amsmath/amsopn.sty
Package: amsopn 2022/04/08 v2.04 operator names
)
\inf@bad=\count289
LaTeX Info: Redefining \frac on input line 234.
\uproot@=\count290
\leftroot@=\count291
LaTeX Info: Redefining \overline on input line 399.
LaTeX Info: Redefining \colon on input line 410.
\classnum@=\count292
\DOTSCASE@=\count293
LaTeX Info: Redefining \ldots on input line 496.
LaTeX Info: Redefining \dots on input line 499.
LaTeX Info: Redefining \cdots on input line 620.
\Mathstrutbox@=\box71
\strutbox@=\box72
LaTeX Info: Redefining \big on input line 722.
LaTeX Info: Redefining \Big on input line 723.
LaTeX Info: Redefining \bigg on input line 724.
LaTeX Info: Redefining \Bigg on input line 725.
\big@size=\dimen260
LaTeX Font Info:    Redeclaring font encoding OML on input line 743.
LaTeX Font Info:    Redeclaring font encoding OMS on input line 744.
\macc@depth=\count294
LaTeX Info: Redefining \bmod on input line 905.
LaTeX Info: Redefining \pmod on input line 910.
LaTeX Info: Redefining \smash on input line 940.
LaTeX Info: Redefining \relbar on input line 970.
LaTeX Info: Redefining \Relbar on input line 971.
\c@MaxMatrixCols=\count295
\dotsspace@=\muskip16
\c@parentequation=\count296
\dspbrk@lvl=\count297
\tag@help=\toks35
\row@=\count298
\column@=\count299
\maxfields@=\count300
\andhelp@=\toks36
\eqnshift@=\dimen261
\alignsep@=\dimen262
\tagshift@=\dimen263
\tagwidth@=\dimen264
\totwidth@=\dimen265
\lineht@=\dimen266
\@envbody=\toks37
\multlinegap=\skip51
\multlinetaggap=\skip52
\mathdisplay@stack=\toks38
LaTeX Info: Redefining \[ on input line 2953.
LaTeX Info: Redefining \] on input line 2954.
) (/usr/share/texlive/texmf-dist/tex/latex/colortbl/colortbl.sty
Package: colortbl 2022/06/20 v1.0f Color table columns (DPC)
 (/usr/share/texlive/texmf-dist/tex/latex/tools/array.sty
Package: array 2023/10/16 v2.5g Tabular extension package (FMi)
\col@sep=\dimen267
\ar@mcellbox=\box73
\extrarowheight=\dimen268
\NC@list=\toks39
\extratabsurround=\skip53
\backup@length=\skip54
\ar@cellbox=\box74
)
\everycr=\toks40
\minrowclearance=\skip55
\rownum=\count301
)

LaTeX Warning: Package "xcolor" has already been loaded: ignoring load-time
(LaTeX)        option "xcdraw".

(/usr/share/texlive/texmf-dist/tex/latex/listings/listings.sty
\lst@mode=\count302
\lst@gtempboxa=\box75
\lst@token=\toks41
\lst@length=\count303
\lst@currlwidth=\dimen269
\lst@column=\count304
\lst@pos=\count305
\lst@lostspace=\dimen270
\lst@width=\dimen271
\lst@newlines=\count306
\lst@lineno=\count307
\lst@maxwidth=\dimen272
 (/usr/share/texlive/texmf-dist/tex/latex/listings/lstmisc.sty
File: lstmisc.sty 2023/02/27 1.9 (Carsten Heinz)
\c@lstnumber=\count308
\lst@skipnumbers=\count309
\lst@framebox=\box76
) (/usr/share/texlive/texmf-dist/tex/latex/listings/listings.cfg
File: listings.cfg 2023/02/27 1.9 listings configuration
))
Package: listings 2023/02/27 1.9 (Carsten Heinz)
 (/usr/share/texlive/texmf-dist/tex/latex/multirow/multirow.sty
Package: multirow 2021/03/15 v2.8 Span multiple rows of a table
\multirow@colwidth=\skip56
\multirow@cntb=\count310
\multirow@dima=\skip57
\bigstrutjot=\dimen273
) (/usr/share/texlive/texmf-dist/tex/latex/booktabs/booktabs.sty
Package: booktabs 2020/01/12 v1.61803398 Publication quality tables
\heavyrulewidth=\dimen274
\lightrulewidth=\dimen275
\cmidrulewidth=\dimen276
\belowrulesep=\dimen277
\belowbottomsep=\dimen278
\aboverulesep=\dimen279
\abovetopsep=\dimen280
\cmidrulesep=\dimen281
\cmidrulekern=\dimen282
\defaultaddspace=\dimen283
\@cmidla=\count311
\@cmidlb=\count312
\@aboverulesep=\dimen284
\@belowrulesep=\dimen285
\@thisruleclass=\count313
\@lastruleclass=\count314
\@thisrulewidth=\dimen286
) (/usr/share/texlive/texmf-dist/tex/latex/makecell/makecell.sty
Package: makecell 2009/08/03 V0.1e Managing of Tab Column Heads and Cells
\rotheadsize=\dimen287
\c@nlinenum=\count315
\TeXr@lab=\toks42
) (/usr/share/texlive/texmf-dist/tex/latex/listings/lstlang1.sty
File: lstlang1.sty 2023/02/27 1.9 listings language file
) (/usr/share/texlive/texmf-dist/tex/latex/tcolorbox/tcbskins.code.tex
Library (tcolorbox): 'tcbskins.code.tex' version '6.2.0'
(/usr/share/texlive/texmf-dist/tex/latex/tikzfill/tikzfill.image.sty
Package: tikzfill.image 2023/08/08 v1.0.1 Image filling library for TikZ
 (/usr/share/texlive/texmf-dist/tex/latex/tikzfill/tikzfill-common.sty
Package: tikzfill-common 2023/08/08 v1.0.1 Auxiliary code for tikzfill
) (/usr/share/texlive/texmf-dist/tex/latex/tikzfill/tikzlibraryfill.image.code.tex
File: tikzlibraryfill.image.code.tex 2023/08/08 v1.0.1 Image filling library
\l__tikzfill_img_box=\box77
)) (/usr/share/texlive/texmf-dist/tex/latex/tcolorbox/tcbskinsjigsaw.code.tex
Library (tcolorbox): 'tcbskinsjigsaw.code.tex' version '6.2.0'
)) (/usr/share/texlive/texmf-dist/tex/latex/tcolorbox/tcbbreakable.code.tex
Library (tcolorbox): 'tcbbreakable.code.tex' version '6.2.0'
(/usr/share/texlive/texmf-dist/tex/latex/pdfcol/pdfcol.sty
Package: pdfcol 2022-09-21 v1.7 Handle new color stacks for pdfTeX (HO)
 (/usr/share/texlive/texmf-dist/tex/generic/ltxcmds/ltxcmds.sty
Package: ltxcmds 2023-12-04 v1.26 LaTeX kernel commands for general use (HO)
) (/usr/share/texlive/texmf-dist/tex/generic/infwarerr/infwarerr.sty
Package: infwarerr 2019/12/03 v1.5 Providing info/warning/error messages (HO)
))
Package pdfcol Info: New color stack `tcb@breakable' = 1 on input line 23.
\tcb@testbox=\box78
\tcb@totalupperbox=\box79
\tcb@totallowerbox=\box80
) (/usr/share/texlive/texmf-dist/tex/latex/tcolorbox/tcbtheorems.code.tex
Library (tcolorbox): 'tcbtheorems.code.tex' version '6.2.0'
) (/usr/share/texlive/texmf-dist/tex/latex/l3backend/l3backend-pdftex.def
File: l3backend-pdftex.def 2024-01-04 L3 backend support: PDF output (pdfTeX)
\l__color_backend_stack_int=\count316
\l__pdf_internal_box=\box81
) (./db.aux)
\openout1 = `db.aux'.

LaTeX Font Info:    Checking defaults for OML/cmm/m/it on input line 50.
LaTeX Font Info:    ... okay on input line 50.
LaTeX Font Info:    Checking defaults for OMS/cmsy/m/n on input line 50.
LaTeX Font Info:    ... okay on input line 50.
LaTeX Font Info:    Checking defaults for OT1/cmr/m/n on input line 50.
LaTeX Font Info:    ... okay on input line 50.
LaTeX Font Info:    Checking defaults for T1/cmr/m/n on input line 50.
LaTeX Font Info:    ... okay on input line 50.
LaTeX Font Info:    Checking defaults for TS1/cmr/m/n on input line 50.
LaTeX Font Info:    ... okay on input line 50.
LaTeX Font Info:    Checking defaults for OMX/cmex/m/n on input line 50.
LaTeX Font Info:    ... okay on input line 50.
LaTeX Font Info:    Checking defaults for U/cmr/m/n on input line 50.
LaTeX Font Info:    ... okay on input line 50.

*geometry* driver: auto-detecting
*geometry* detected driver: pdftex
*geometry* verbose mode - [ preamble ] result:
* driver: pdftex
* paper: custom
* layout: <same size as paper>
* layoutoffset:(h,v)=(0.0pt,0.0pt)
* modes: 
* h-part:(L,W,R)=(42.67912pt, 625.96065pt, 42.67912pt)
* v-part:(T,H,B)=(28.45274pt, 640.18703pt, 56.9055pt)
* \paperwidth=711.3189pt
* \paperheight=725.54527pt
* \textwidth=625.96065pt
* \textheight=640.18703pt
* \oddsidemargin=-29.59087pt
* \evensidemargin=-29.59087pt
* \topmargin=-80.81725pt
* \headheight=12.0pt
* \headsep=25.0pt
* \topskip=10.0pt
* \footskip=30.0pt
* \marginparwidth=65.0pt
* \marginparsep=11.0pt
* \columnsep=10.0pt
* \skip\footins=9.0pt plus 4.0pt minus 2.0pt
* \hoffset=0.0pt
* \voffset=0.0pt
* \mag=1000
* \@twocolumnfalse
* \@twosidefalse
* \@mparswitchfalse
* \@reversemarginfalse
* (1in=72.27pt=25.4mm, 1cm=28.453pt)

(/usr/share/texlive/texmf-dist/tex/context/base/mkii/supp-pdf.mkii
[Loading MPS to PDF converter (version 2006.09.02).]
\scratchcounter=\count317
\scratchdimen=\dimen288
\scratchbox=\box82
\nofMPsegments=\count318
\nofMParguments=\count319
\everyMPshowfont=\toks43
\MPscratchCnt=\count320
\MPscratchDim=\dimen289
\MPnumerator=\count321
\makeMPintoPDFobject=\count322
\everyMPtoPDFconversion=\toks44
) (/usr/share/texlive/texmf-dist/tex/latex/epstopdf-pkg/epstopdf-base.sty
Package: epstopdf-base 2020-01-24 v2.11 Base part for package epstopdf
Package epstopdf-base Info: Redefining graphics rule for `.eps' on input line 485.
 (/usr/share/texlive/texmf-dist/tex/latex/latexconfig/epstopdf-sys.cfg
File: epstopdf-sys.cfg 2010/07/13 v1.3 Configuration of (r)epstopdf for TeX Live
))
\c@lstlisting=\count323
 (./Chapters/DataType.tex [1

{/var/lib/texmf/fonts/map/pdftex/updmap/pdftex.map}{/usr/share/texmf/fonts/enc/dvips/cm-super/cm-super-ts1.enc}] [2] [3]
Overfull \hbox (4.61446pt too wide) in paragraph at lines 173--200
 [] 
 []

[4]) (./Chapters/Classification.tex [5]
Overfull \hbox (7.51288pt too wide) in paragraph at lines 113--114
 [] 
 []

) (./Chapters/DDL.tex [6] (./SQL/syntax/DDL/create.sql
LaTeX Font Info:    Font shape `OT1/cmtt/bx/n' in size <9> not available
(Font)              Font shape `OT1/cmtt/m/n' tried instead on input line 1.
) [7] (./SQL/syntax/DDL/inline.sql) [8] (./SQL/syntax/DDL/outline.sql)
LaTeX Font Info:    Trying to load font information for OML+cmr on input line 90.
 (/usr/share/texlive/texmf-dist/tex/latex/base/omlcmr.fd
File: omlcmr.fd 2023/04/13 v2.5m Standard LaTeX font definitions
)
LaTeX Font Info:    Font shape `OML/cmr/m/n' in size <10> not available
(Font)              Font shape `OML/cmm/m/it' tried instead on input line 90.
 [9] (./SQL/syntax/DDL/drop.sql) (./SQL/syntax/DDL/rename.sql) (./SQL/syntax/DDL/colModification.sql) (./SQL/syntax/DDL/constraints.sql [10]) (./SQL/syntax/DDL/truncate.sql) (./SQL/syntax/DDL/desc.sql) [11]
LaTeX Font Info:    Trying to load font information for OMS+cmr on input line 219.
 (/usr/share/texlive/texmf-dist/tex/latex/base/omscmr.fd
File: omscmr.fd 2023/04/13 v2.5m Standard LaTeX font definitions
)
LaTeX Font Info:    Font shape `OMS/cmr/m/n' in size <10> not available
(Font)              Font shape `OMS/cmsy/m/n' tried instead on input line 219.
 (./SQL/examples/DDL/ex1.1.sql [12]) (./SQL/examples/DDL/ex1.2.sql) [13] (./SQL/examples/DDL/ex1.3.sql) (./SQL/examples/DDL/ex1.4.sql) (./SQL/examples/DDL/ex2.sql) (./SQL/examples/DDL/ex3.sql) (./SQL/examples/DDL/ex4.sql) (./SQL/examples/DDL/ex5.sql) [14] (./SQL/examples/DDL/ex6.sql) (./SQL/examples/DDL/ex7.sql) (./SQL/examples/DDL/ex8.sql) (./SQL/examples/DDL/ex9.sql) (./SQL/examples/DDL/ex10.sql) (./SQL/examples/DDL/ex11.sql) (./SQL/examples/DDL/ex12.sql) [15] (./SQL/examples/DDL/ex13.sql)) (./Chapters/DRL.tex [16] (./SQL/syntax/DRL/select.sql) (./SQL/syntax/DRL/where.sql) [17] (./SQL/syntax/DRL/groupby.sql) [18] (./SQL/syntax/DRL/having.sql) (./SQL/syntax/DRL/orderby.sql) [19] [20] (./SQL/syntax/DRL/joins.sql) [21] [22] (./SQL/syntax/DRL/exists.sql) (./SQL/syntax/DRL/fetch.sql) [23]) (./Chapters/DML.tex [24] (./SQL/syntax/DML/insert.sql) (./SQL/syntax/DML/insertAll.sql) [25] (./SQL/examples/DML/insertOnce.sql) [26] (./SQL/examples/DML/insertAll.sql) [27] (./SQL/syntax/DML/update.sql) (./SQL/syntax/DML/delete.sql)) (./Chapters/PlSql.tex [28] [29] (./SQL/syntax/Pl_Sql/singleComment.sql) (./SQL/syntax/Pl_Sql/multiComment.sql) [30] (./SQL/syntax/Pl_Sql/print.sql) (./SQL/syntax/Pl_Sql/server.sql) (./SQL/syntax/Pl_Sql/varDeclaration.sql) (./SQL/syntax/Pl_Sql/type.sql) (./SQL/syntax/Pl_Sql/rowType.sql) [31] (./SQL/syntax/Pl_Sql/select.sql) [32] (./SQL/syntax/Pl_Sql/if.sql) (./SQL/syntax/Pl_Sql/case.sql) (./SQL/syntax/Pl_Sql/simpleLoop.sql) [33] (./SQL/syntax/Pl_Sql/whileLoop.sql) (./SQL/syntax/Pl_Sql/forLoop.sql)
(./SQL/syntax/Pl_Sql/raise_application.sql) [34] (./SQL/syntax/Pl_Sql/raise.sql) [35] (./SQL/syntax/Pl_Sql/exc.sql) [36] (./SQL/syntax/Pl_Sql/cursor.sql) [37] (./SQL/syntax/Pl_Sql/trigger.sql) [38] (./SQL/syntax/Pl_Sql/rowLevel.sql) (./SQL/syntax/Pl_Sql/tableLevel.sql) [39] (./SQL/syntax/Pl_Sql/event.sql) [40] [41] (./SQL/syntax/Pl_Sql/funcLocal.sql) [42] (./SQL/syntax/Pl_Sql/funcAlone.sql) (./SQL/syntax/Pl_Sql/funcCall.sql) (./SQL/syntax/Pl_Sql/exec.sql) [43] (./SQL/syntax/Pl_Sql/proLocal.sql) (./SQL/syntax/Pl_Sql/proAlone.sql) [44] (./SQL/syntax/Pl_Sql/proCall.sql) (./SQL/syntax/Pl_Sql/proExec.sql) [45] (./SQL/examples/PLSQL/EX1/ex1.1.sql) (./SQL/examples/PLSQL/EX1/ex1.2.sql) (./SQL/examples/PLSQL/EX1/ex1.3.sql) (./SQL/examples/PLSQL/EX1/ex1.4.sql) [46] (./SQL/examples/PLSQL/EX1/ex1.5.sql) (./SQL/examples/PLSQL/EX1/ex1.6.sql) (./SQL/examples/PLSQL/EX1/ex1.7.sql) [47] (./SQL/examples/PLSQL/EX1/ex2.sql)
<SQL/examples/PLSQL/EX1/PNG/ex2.png, id=166, 1778.645pt x 214.8025pt>
File: SQL/examples/PLSQL/EX1/PNG/ex2.png Graphic file (type png)
<use SQL/examples/PLSQL/EX1/PNG/ex2.png>
Package pdftex.def Info: SQL/examples/PLSQL/EX1/PNG/ex2.png  used on input line 592.
(pdftex.def)             Requested size: 625.96065pt x 75.59497pt.
 (./SQL/examples/PLSQL/EX1/ex3.sql) [48 <./SQL/examples/PLSQL/EX1/PNG/ex2.png>] (./SQL/examples/PLSQL/EX1/ex4.1.sql) (./SQL/examples/PLSQL/EX1/ex4.2.sql) [49]
<SQL/examples/PLSQL/EX1/PNG/ex4.png, id=174, 1832.8475pt x 446.66875pt>
File: SQL/examples/PLSQL/EX1/PNG/ex4.png Graphic file (type png)
<use SQL/examples/PLSQL/EX1/PNG/ex4.png>
Package pdftex.def Info: SQL/examples/PLSQL/EX1/PNG/ex4.png  used on input line 614.
(pdftex.def)             Requested size: 625.96065pt x 152.54692pt.
 (./SQL/examples/PLSQL/EX1/ex5.1.sql) [50 <./SQL/examples/PLSQL/EX1/PNG/ex4.png>] (./SQL/examples/PLSQL/EX1/ex5.2.sql)
<SQL/examples/PLSQL/EX1/PNG/ex5.png, id=178, 1669.23625pt x 293.095pt>
File: SQL/examples/PLSQL/EX1/PNG/ex5.png Graphic file (type png)
<use SQL/examples/PLSQL/EX1/PNG/ex5.png>
Package pdftex.def Info: SQL/examples/PLSQL/EX1/PNG/ex5.png  used on input line 633.
(pdftex.def)             Requested size: 625.96065pt x 109.91034pt.
 [51 <./SQL/examples/PLSQL/EX1/PNG/ex5.png>] (./SQL/examples/PLSQL/EX1/ex6.1.sql) (./SQL/examples/PLSQL/EX1/ex6.2.sql) [52]
<SQL/examples/PLSQL/EX1/PNG/ex6.png, id=186, 1730.465pt x 401.5pt>
File: SQL/examples/PLSQL/EX1/PNG/ex6.png Graphic file (type png)
<use SQL/examples/PLSQL/EX1/PNG/ex6.png>
Package pdftex.def Info: SQL/examples/PLSQL/EX1/PNG/ex6.png  used on input line 652.
(pdftex.def)             Requested size: 625.96065pt x 145.23216pt.
 (./SQL/examples/PLSQL/EX1/ex8.sql)
<SQL/examples/PLSQL/EX1/PNG/ex8.png, id=187, 1693.32625pt x 124.465pt>
File: SQL/examples/PLSQL/EX1/PNG/ex8.png Graphic file (type png)
<use SQL/examples/PLSQL/EX1/PNG/ex8.png>
Package pdftex.def Info: SQL/examples/PLSQL/EX1/PNG/ex8.png  used on input line 664.
(pdftex.def)             Requested size: 625.96065pt x 46.00954pt.
 [53 <./SQL/examples/PLSQL/EX1/PNG/ex6.png> <./SQL/examples/PLSQL/EX1/PNG/ex8.png>] (./SQL/examples/PLSQL/EX1/ex9.sql)
<SQL/examples/PLSQL/EX1/PNG/ex9.png, id=191, 1569.865pt x 744.7825pt>
File: SQL/examples/PLSQL/EX1/PNG/ex9.png Graphic file (type png)
<use SQL/examples/PLSQL/EX1/PNG/ex9.png>
Package pdftex.def Info: SQL/examples/PLSQL/EX1/PNG/ex9.png  used on input line 676.
(pdftex.def)             Requested size: 625.96065pt x 296.97583pt.
 [54 <./SQL/examples/PLSQL/EX1/PNG/ex9.png>] (./SQL/examples/PLSQL/EX1/ex10.sql) (./SQL/examples/PLSQL/EX1/ex11.1.sql)
<SQL/examples/PLSQL/EX1/PNG/ex11.1.png, id=195, 1700.3525pt x 491.8375pt>
File: SQL/examples/PLSQL/EX1/PNG/ex11.1.png Graphic file (type png)
<use SQL/examples/PLSQL/EX1/PNG/ex11.1.png>
Package pdftex.def Info: SQL/examples/PLSQL/EX1/PNG/ex11.1.png  used on input line 691.
(pdftex.def)             Requested size: 625.96065pt x 181.06143pt.
 [55 <./SQL/examples/PLSQL/EX1/PNG/ex11.1.png>] (./SQL/examples/PLSQL/EX1/ex11.2.sql)
<SQL/examples/PLSQL/EX1/PNG/ex11.2.png, id=200, 1841.88126pt x 822.07124pt>
File: SQL/examples/PLSQL/EX1/PNG/ex11.2.png Graphic file (type png)
<use SQL/examples/PLSQL/EX1/PNG/ex11.2.png>
Package pdftex.def Info: SQL/examples/PLSQL/EX1/PNG/ex11.2.png  used on input line 702.
(pdftex.def)             Requested size: 625.96065pt x 279.37508pt.
 [56 <./SQL/examples/PLSQL/EX1/PNG/ex11.2.png>] (./SQL/examples/PLSQL/EX1/ex11.3.1.sql) (./SQL/examples/PLSQL/EX1/ex11.3.2.sql) [57]
<SQL/examples/PLSQL/EX1/PNG/ex11.3.png, id=207, 1628.0825pt x 742.775pt>
File: SQL/examples/PLSQL/EX1/PNG/ex11.3.png Graphic file (type png)
<use SQL/examples/PLSQL/EX1/PNG/ex11.3.png>
Package pdftex.def Info: SQL/examples/PLSQL/EX1/PNG/ex11.3.png  used on input line 720.
(pdftex.def)             Requested size: 625.96065pt x 285.57823pt.
) (./Chapters/view.tex [58 <./SQL/examples/PLSQL/EX1/PNG/ex11.3.png>] (./SQL/syntax/Views/exterView.sql) [59] (./SQL/syntax/Views/matView.sql) (./SQL/syntax/Views/comView.sql))
(./Chapters/Admin.tex [60] (./SQL/syntax/Admin/createUser.sql) [61] (./SQL/examples/Admin/createUser.sql) (./SQL/syntax/Admin/dropUser.sql) (./SQL/examples/Admin/dropUser.sql) [62] (./SQL/syntax/Admin/grant.sql) (./SQL/examples/Admin/grant.sql
LaTeX Font Info:    Font shape `OT1/cmtt/bx/n' in size <7> not available
(Font)              Font shape `OT1/cmtt/m/n' tried instead on input line 1.
) (./SQL/syntax/Admin/revoke.sql) (./SQL/examples/Admin/revoke.sql
LaTeX Font Info:    Font shape `OT1/cmtt/bx/n' in size <8> not available
(Font)              Font shape `OT1/cmtt/m/n' tried instead on input line 1.
) [63] (./SQL/syntax/Admin/createRole.sql) (./SQL/examples/Admin/createRole.sql) (./SQL/syntax/Admin/dropRole.sql) (./SQL/examples/Admin/dropRole.sql) [64] (./SQL/syntax/Admin/grantRole.sql) (./SQL/examples/Admin/grantRole.sql) (./SQL/syntax/Admin/revokeRole.sql) (./SQL/examples/Admin/revokeRole.sql) [65] (./SQL/syntax/Admin/createProfile.sql) (./SQL/examples/Admin/createProfile.sql) (./SQL/syntax/Admin/dropProfile.sql) [66] (./SQL/examples/Admin/dropProfile.sql) (./SQL/syntax/Admin/profile.sql) (./SQL/examples/Admin/profile.sql) (./SQL/syntax/Admin/def.sql) (./SQL/examples/Admin/def.sql)) (./Chapters/tab.tex [67] [68] (./SQL/syntax/Tab/createPerm.sql) (./SQL/syntax/Tab/createTmp.sql) (./SQL/examples/Tab/perm.sql) (./SQL/examples/Tab/temp.sql) [69] (./SQL/syntax/Tab/drop.sql) (./SQL/examples/Tab/drop.sql) [70] (./SQL/syntax/Tab/state.sql) (./SQL/examples/Tab/state.sql) (./SQL/syntax/Tab/tab.sql) (./SQL/examples/Tab/tab.sql) [71] (./SQL/syntax/Tab/change.sql) (./SQL/examples/Tab/change.sql) [72] (./SQL/syntax/Tab/qouta.sql) (./SQL/examples/Tab/qouta.sql)) (./Chapters/dic.tex [73] [74] [75] [76]) [77] (./db.aux)
 ***********
LaTeX2e <2023-11-01> patch level 1
L3 programming layer <2024-01-22>
 ***********
 ) 
Here is how much of TeX's memory you used:
 21051 strings out of 474222
 442180 string characters out of 5748732
 2253975 words of memory out of 5000000
 42605 multiletter control sequences out of 15000+600000
 568179 words of font info for 73 fonts, out of 8000000 for 9000
 1141 hyphenation exceptions out of 8191
 102i,16n,107p,637b,1643s stack positions out of 10000i,1000n,20000p,200000b,200000s
</usr/share/texlive/texmf-dist/fonts/type1/public/amsfonts/cm/cmbx10.pfb></usr/share/texlive/texmf-dist/fonts/type1/public/amsfonts/cm/cmbx12.pfb></usr/share/texlive/texmf-dist/fonts/type1/public/amsfonts/cm/cmmi10.pfb></usr/share/texlive/texmf-dist/fonts/type1/public/amsfonts/cm/cmmi7.pfb></usr/share/texlive/texmf-dist/fonts/type1/public/amsfonts/cm/cmr10.pfb></usr/share/texlive/texmf-dist/fonts/type1/public/amsfonts/cm/cmr12.pfb></usr/share/texlive/texmf-dist/fonts/type1/public/amsfonts/cm/cmr5.pfb></usr/share/texlive/texmf-dist/fonts/type1/public/amsfonts/cm/cmr7.pfb></usr/share/texlive/texmf-dist/fonts/type1/public/amsfonts/cm/cmsy10.pfb></usr/share/texlive/texmf-dist/fonts/type1/public/amsfonts/cm/cmtt10.pfb></usr/share/texlive/texmf-dist/fonts/type1/public/amsfonts/cm/cmtt8.pfb></usr/share/texlive/texmf-dist/fonts/type1/public/amsfonts/cm/cmtt9.pfb></usr/share/texmf/fonts/type1/public/cm-super/sfrm1000.pfb>
Output written on db.pdf (77 pages, 560694 bytes).
PDF statistics:
 332 PDF objects out of 1000 (max. 8388607)
 215 compressed objects within 3 object streams
 0 named destinations out of 1000 (max. 500000)
 58 words of extra memory for PDF output out of 10000 (max. 10000000)

