This is pdfTeX, Version 3.141592653-2.6-1.40.25 (TeX Live 2023/Debian) (preloaded format=pdflatex 2024.11.12)  10 MAR 2025 07:42
entering extended mode
 restricted \write18 enabled.
 file:line:error style messages enabled.
 %&-line parsing enabled.
**Solution_lab1.tex
(./Solution_lab1.tex
LaTeX2e <2023-11-01> patch level 1
L3 programming layer <2024-01-22>
(/usr/share/texlive/texmf-dist/tex/latex/base/article.cls
Document Class: article 2023/05/17 v1.4n Standard LaTeX document class
(/usr/share/texlive/texmf-dist/tex/latex/base/size10.clo
File: size10.clo 2023/05/17 v1.4n Standard LaTeX file (size option)
)
\c@part=\count187
\c@section=\count188
\c@subsection=\count189
\c@subsubsection=\count190
\c@paragraph=\count191
\c@subparagraph=\count192
\c@figure=\count193
\c@table=\count194
\abovecaptionskip=\skip48
\belowcaptionskip=\skip49
\bibindent=\dimen140
) (/usr/share/texlive/texmf-dist/tex/latex/geometry/geometry.sty
Package: geometry 2020/01/02 v5.9 Page Geometry
 (/usr/share/texlive/texmf-dist/tex/latex/graphics/keyval.sty
Package: keyval 2022/05/29 v1.15 key=value parser (DPC)
\KV@toks@=\toks17
) (/usr/share/texlive/texmf-dist/tex/generic/iftex/ifvtex.sty
Package: ifvtex 2019/10/25 v1.7 ifvtex legacy package. Use iftex instead.
 (/usr/share/texlive/texmf-dist/tex/generic/iftex/iftex.sty
Package: iftex 2022/02/03 v1.0f TeX engine tests
))
\Gm@cnth=\count195
\Gm@cntv=\count196
\c@Gm@tempcnt=\count197
\Gm@bindingoffset=\dimen141
\Gm@wd@mp=\dimen142
\Gm@odd@mp=\dimen143
\Gm@even@mp=\dimen144
\Gm@layoutwidth=\dimen145
\Gm@layoutheight=\dimen146
\Gm@layouthoffset=\dimen147
\Gm@layoutvoffset=\dimen148
\Gm@dimlist=\toks18
) (/usr/share/texlive/texmf-dist/tex/latex/pgf/frontendlayer/tikz.sty (/usr/share/texlive/texmf-dist/tex/latex/pgf/basiclayer/pgf.sty (/usr/share/texlive/texmf-dist/tex/latex/pgf/utilities/pgfrcs.sty (/usr/share/texlive/texmf-dist/tex/generic/pgf/utilities/pgfutil-common.tex
\pgfutil@everybye=\toks19
\pgfutil@tempdima=\dimen149
\pgfutil@tempdimb=\dimen150
) (/usr/share/texlive/texmf-dist/tex/generic/pgf/utilities/pgfutil-latex.def
\pgfutil@abb=\box51
) (/usr/share/texlive/texmf-dist/tex/generic/pgf/utilities/pgfrcs.code.tex (/usr/share/texlive/texmf-dist/tex/generic/pgf/pgf.revision.tex)
Package: pgfrcs 2023-01-15 v3.1.10 (3.1.10)
))
Package: pgf 2023-01-15 v3.1.10 (3.1.10)
 (/usr/share/texlive/texmf-dist/tex/latex/pgf/basiclayer/pgfcore.sty (/usr/share/texlive/texmf-dist/tex/latex/graphics/graphicx.sty
Package: graphicx 2021/09/16 v1.2d Enhanced LaTeX Graphics (DPC,SPQR)
 (/usr/share/texlive/texmf-dist/tex/latex/graphics/graphics.sty
Package: graphics 2022/03/10 v1.4e Standard LaTeX Graphics (DPC,SPQR)
 (/usr/share/texlive/texmf-dist/tex/latex/graphics/trig.sty
Package: trig 2021/08/11 v1.11 sin cos tan (DPC)
) (/usr/share/texlive/texmf-dist/tex/latex/graphics-cfg/graphics.cfg
File: graphics.cfg 2016/06/04 v1.11 sample graphics configuration
)
Package graphics Info: Driver file: pdftex.def on input line 107.
 (/usr/share/texlive/texmf-dist/tex/latex/graphics-def/pdftex.def
File: pdftex.def 2022/09/22 v1.2b Graphics/color driver for pdftex
))
\Gin@req@height=\dimen151
\Gin@req@width=\dimen152
) (/usr/share/texlive/texmf-dist/tex/latex/pgf/systemlayer/pgfsys.sty (/usr/share/texlive/texmf-dist/tex/generic/pgf/systemlayer/pgfsys.code.tex
Package: pgfsys 2023-01-15 v3.1.10 (3.1.10)
 (/usr/share/texlive/texmf-dist/tex/generic/pgf/utilities/pgfkeys.code.tex
\pgfkeys@pathtoks=\toks20
\pgfkeys@temptoks=\toks21
 (/usr/share/texlive/texmf-dist/tex/generic/pgf/utilities/pgfkeyslibraryfiltered.code.tex
\pgfkeys@tmptoks=\toks22
))
\pgf@x=\dimen153
\pgf@y=\dimen154
\pgf@xa=\dimen155
\pgf@ya=\dimen156
\pgf@xb=\dimen157
\pgf@yb=\dimen158
\pgf@xc=\dimen159
\pgf@yc=\dimen160
\pgf@xd=\dimen161
\pgf@yd=\dimen162
\w@pgf@writea=\write3
\r@pgf@reada=\read2
\c@pgf@counta=\count198
\c@pgf@countb=\count199
\c@pgf@countc=\count266
\c@pgf@countd=\count267
\t@pgf@toka=\toks23
\t@pgf@tokb=\toks24
\t@pgf@tokc=\toks25
\pgf@sys@id@count=\count268
 (/usr/share/texlive/texmf-dist/tex/generic/pgf/systemlayer/pgf.cfg
File: pgf.cfg 2023-01-15 v3.1.10 (3.1.10)
)
Driver file for pgf: pgfsys-pdftex.def
 (/usr/share/texlive/texmf-dist/tex/generic/pgf/systemlayer/pgfsys-pdftex.def
File: pgfsys-pdftex.def 2023-01-15 v3.1.10 (3.1.10)
 (/usr/share/texlive/texmf-dist/tex/generic/pgf/systemlayer/pgfsys-common-pdf.def
File: pgfsys-common-pdf.def 2023-01-15 v3.1.10 (3.1.10)
))) (/usr/share/texlive/texmf-dist/tex/generic/pgf/systemlayer/pgfsyssoftpath.code.tex
File: pgfsyssoftpath.code.tex 2023-01-15 v3.1.10 (3.1.10)
\pgfsyssoftpath@smallbuffer@items=\count269
\pgfsyssoftpath@bigbuffer@items=\count270
) (/usr/share/texlive/texmf-dist/tex/generic/pgf/systemlayer/pgfsysprotocol.code.tex
File: pgfsysprotocol.code.tex 2023-01-15 v3.1.10 (3.1.10)
)) (/usr/share/texlive/texmf-dist/tex/latex/xcolor/xcolor.sty
Package: xcolor 2023/11/15 v3.01 LaTeX color extensions (UK)

(/usr/share/texlive/texmf-dist/tex/latex/graphics-cfg/color.cfg
File: color.cfg 2016/01/02 v1.6 sample color configuration
)
Package xcolor Info: Driver file: pdftex.def on input line 274.
 (/usr/share/texlive/texmf-dist/tex/latex/graphics/mathcolor.ltx)
Package xcolor Info: Model `cmy' substituted by `cmy0' on input line 1350.
Package xcolor Info: Model `hsb' substituted by `rgb' on input line 1354.
Package xcolor Info: Model `RGB' extended on input line 1366.
Package xcolor Info: Model `HTML' substituted by `rgb' on input line 1368.
Package xcolor Info: Model `Hsb' substituted by `hsb' on input line 1369.
Package xcolor Info: Model `tHsb' substituted by `hsb' on input line 1370.
Package xcolor Info: Model `HSB' substituted by `hsb' on input line 1371.
Package xcolor Info: Model `Gray' substituted by `gray' on input line 1372.
Package xcolor Info: Model `wave' substituted by `hsb' on input line 1373.
) (/usr/share/texlive/texmf-dist/tex/generic/pgf/basiclayer/pgfcore.code.tex
Package: pgfcore 2023-01-15 v3.1.10 (3.1.10)
 (/usr/share/texlive/texmf-dist/tex/generic/pgf/math/pgfmath.code.tex (/usr/share/texlive/texmf-dist/tex/generic/pgf/math/pgfmathutil.code.tex) (/usr/share/texlive/texmf-dist/tex/generic/pgf/math/pgfmathparser.code.tex
\pgfmath@dimen=\dimen163
\pgfmath@count=\count271
\pgfmath@box=\box52
\pgfmath@toks=\toks26
\pgfmath@stack@operand=\toks27
\pgfmath@stack@operation=\toks28
) (/usr/share/texlive/texmf-dist/tex/generic/pgf/math/pgfmathfunctions.code.tex) (/usr/share/texlive/texmf-dist/tex/generic/pgf/math/pgfmathfunctions.basic.code.tex) (/usr/share/texlive/texmf-dist/tex/generic/pgf/math/pgfmathfunctions.trigonometric.code.tex) (/usr/share/texlive/texmf-dist/tex/generic/pgf/math/pgfmathfunctions.random.code.tex) (/usr/share/texlive/texmf-dist/tex/generic/pgf/math/pgfmathfunctions.comparison.code.tex) (/usr/share/texlive/texmf-dist/tex/generic/pgf/math/pgfmathfunctions.base.code.tex) (/usr/share/texlive/texmf-dist/tex/generic/pgf/math/pgfmathfunctions.round.code.tex) (/usr/share/texlive/texmf-dist/tex/generic/pgf/math/pgfmathfunctions.misc.code.tex) (/usr/share/texlive/texmf-dist/tex/generic/pgf/math/pgfmathfunctions.integerarithmetics.code.tex) (/usr/share/texlive/texmf-dist/tex/generic/pgf/math/pgfmathcalc.code.tex) (/usr/share/texlive/texmf-dist/tex/generic/pgf/math/pgfmathfloat.code.tex
\c@pgfmathroundto@lastzeros=\count272
)) (/usr/share/texlive/texmf-dist/tex/generic/pgf/math/pgfint.code.tex) (/usr/share/texlive/texmf-dist/tex/generic/pgf/basiclayer/pgfcorepoints.code.tex
File: pgfcorepoints.code.tex 2023-01-15 v3.1.10 (3.1.10)
\pgf@picminx=\dimen164
\pgf@picmaxx=\dimen165
\pgf@picminy=\dimen166
\pgf@picmaxy=\dimen167
\pgf@pathminx=\dimen168
\pgf@pathmaxx=\dimen169
\pgf@pathminy=\dimen170
\pgf@pathmaxy=\dimen171
\pgf@xx=\dimen172
\pgf@xy=\dimen173
\pgf@yx=\dimen174
\pgf@yy=\dimen175
\pgf@zx=\dimen176
\pgf@zy=\dimen177
) (/usr/share/texlive/texmf-dist/tex/generic/pgf/basiclayer/pgfcorepathconstruct.code.tex
File: pgfcorepathconstruct.code.tex 2023-01-15 v3.1.10 (3.1.10)
\pgf@path@lastx=\dimen178
\pgf@path@lasty=\dimen179
) (/usr/share/texlive/texmf-dist/tex/generic/pgf/basiclayer/pgfcorepathusage.code.tex
File: pgfcorepathusage.code.tex 2023-01-15 v3.1.10 (3.1.10)
\pgf@shorten@end@additional=\dimen180
\pgf@shorten@start@additional=\dimen181
) (/usr/share/texlive/texmf-dist/tex/generic/pgf/basiclayer/pgfcorescopes.code.tex
File: pgfcorescopes.code.tex 2023-01-15 v3.1.10 (3.1.10)
\pgfpic=\box53
\pgf@hbox=\box54
\pgf@layerbox@main=\box55
\pgf@picture@serial@count=\count273
) (/usr/share/texlive/texmf-dist/tex/generic/pgf/basiclayer/pgfcoregraphicstate.code.tex
File: pgfcoregraphicstate.code.tex 2023-01-15 v3.1.10 (3.1.10)
\pgflinewidth=\dimen182
) (/usr/share/texlive/texmf-dist/tex/generic/pgf/basiclayer/pgfcoretransformations.code.tex
File: pgfcoretransformations.code.tex 2023-01-15 v3.1.10 (3.1.10)
\pgf@pt@x=\dimen183
\pgf@pt@y=\dimen184
\pgf@pt@temp=\dimen185
)
(/usr/share/texlive/texmf-dist/tex/generic/pgf/basiclayer/pgfcorequick.code.tex
File: pgfcorequick.code.tex 2023-01-15 v3.1.10 (3.1.10)
) (/usr/share/texlive/texmf-dist/tex/generic/pgf/basiclayer/pgfcoreobjects.code.tex
File: pgfcoreobjects.code.tex 2023-01-15 v3.1.10 (3.1.10)
) (/usr/share/texlive/texmf-dist/tex/generic/pgf/basiclayer/pgfcorepathprocessing.code.tex
File: pgfcorepathprocessing.code.tex 2023-01-15 v3.1.10 (3.1.10)
) (/usr/share/texlive/texmf-dist/tex/generic/pgf/basiclayer/pgfcorearrows.code.tex
File: pgfcorearrows.code.tex 2023-01-15 v3.1.10 (3.1.10)
\pgfarrowsep=\dimen186
) (/usr/share/texlive/texmf-dist/tex/generic/pgf/basiclayer/pgfcoreshade.code.tex
File: pgfcoreshade.code.tex 2023-01-15 v3.1.10 (3.1.10)
\pgf@max=\dimen187
\pgf@sys@shading@range@num=\count274
\pgf@shadingcount=\count275
) (/usr/share/texlive/texmf-dist/tex/generic/pgf/basiclayer/pgfcoreimage.code.tex
File: pgfcoreimage.code.tex 2023-01-15 v3.1.10 (3.1.10)
) (/usr/share/texlive/texmf-dist/tex/generic/pgf/basiclayer/pgfcoreexternal.code.tex
File: pgfcoreexternal.code.tex 2023-01-15 v3.1.10 (3.1.10)
\pgfexternal@startupbox=\box56
) (/usr/share/texlive/texmf-dist/tex/generic/pgf/basiclayer/pgfcorelayers.code.tex
File: pgfcorelayers.code.tex 2023-01-15 v3.1.10 (3.1.10)
) (/usr/share/texlive/texmf-dist/tex/generic/pgf/basiclayer/pgfcoretransparency.code.tex
File: pgfcoretransparency.code.tex 2023-01-15 v3.1.10 (3.1.10)
) (/usr/share/texlive/texmf-dist/tex/generic/pgf/basiclayer/pgfcorepatterns.code.tex
File: pgfcorepatterns.code.tex 2023-01-15 v3.1.10 (3.1.10)
) (/usr/share/texlive/texmf-dist/tex/generic/pgf/basiclayer/pgfcorerdf.code.tex
File: pgfcorerdf.code.tex 2023-01-15 v3.1.10 (3.1.10)
))) (/usr/share/texlive/texmf-dist/tex/generic/pgf/modules/pgfmoduleshapes.code.tex
File: pgfmoduleshapes.code.tex 2023-01-15 v3.1.10 (3.1.10)
\pgfnodeparttextbox=\box57
) (/usr/share/texlive/texmf-dist/tex/generic/pgf/modules/pgfmoduleplot.code.tex
File: pgfmoduleplot.code.tex 2023-01-15 v3.1.10 (3.1.10)
) (/usr/share/texlive/texmf-dist/tex/latex/pgf/compatibility/pgfcomp-version-0-65.sty
Package: pgfcomp-version-0-65 2023-01-15 v3.1.10 (3.1.10)
\pgf@nodesepstart=\dimen188
\pgf@nodesepend=\dimen189
) (/usr/share/texlive/texmf-dist/tex/latex/pgf/compatibility/pgfcomp-version-1-18.sty
Package: pgfcomp-version-1-18 2023-01-15 v3.1.10 (3.1.10)
)) (/usr/share/texlive/texmf-dist/tex/latex/pgf/utilities/pgffor.sty (/usr/share/texlive/texmf-dist/tex/latex/pgf/utilities/pgfkeys.sty (/usr/share/texlive/texmf-dist/tex/generic/pgf/utilities/pgfkeys.code.tex)) (/usr/share/texlive/texmf-dist/tex/latex/pgf/math/pgfmath.sty (/usr/share/texlive/texmf-dist/tex/generic/pgf/math/pgfmath.code.tex)) (/usr/share/texlive/texmf-dist/tex/generic/pgf/utilities/pgffor.code.tex
Package: pgffor 2023-01-15 v3.1.10 (3.1.10)
\pgffor@iter=\dimen190
\pgffor@skip=\dimen191
\pgffor@stack=\toks29
\pgffor@toks=\toks30
)) (/usr/share/texlive/texmf-dist/tex/generic/pgf/frontendlayer/tikz/tikz.code.tex
Package: tikz 2023-01-15 v3.1.10 (3.1.10)
 (/usr/share/texlive/texmf-dist/tex/generic/pgf/libraries/pgflibraryplothandlers.code.tex
File: pgflibraryplothandlers.code.tex 2023-01-15 v3.1.10 (3.1.10)
\pgf@plot@mark@count=\count276
\pgfplotmarksize=\dimen192
)
\tikz@lastx=\dimen193
\tikz@lasty=\dimen194
\tikz@lastxsaved=\dimen195
\tikz@lastysaved=\dimen196
\tikz@lastmovetox=\dimen197
\tikz@lastmovetoy=\dimen198
\tikzleveldistance=\dimen199
\tikzsiblingdistance=\dimen256
\tikz@figbox=\box58
\tikz@figbox@bg=\box59
\tikz@tempbox=\box60
\tikz@tempbox@bg=\box61
\tikztreelevel=\count277
\tikznumberofchildren=\count278
\tikznumberofcurrentchild=\count279
\tikz@fig@count=\count280
 (/usr/share/texlive/texmf-dist/tex/generic/pgf/modules/pgfmodulematrix.code.tex
File: pgfmodulematrix.code.tex 2023-01-15 v3.1.10 (3.1.10)
\pgfmatrixcurrentrow=\count281
\pgfmatrixcurrentcolumn=\count282
\pgf@matrix@numberofcolumns=\count283
)
\tikz@expandcount=\count284

(/usr/share/texlive/texmf-dist/tex/generic/pgf/frontendlayer/tikz/libraries/tikzlibrarytopaths.code.tex
File: tikzlibrarytopaths.code.tex 2023-01-15 v3.1.10 (3.1.10)
))) (/usr/share/texlive/texmf-dist/tex/latex/tcolorbox/tcolorbox.sty
Package: tcolorbox 2024/01/10 version 6.2.0 text color boxes
 (/usr/share/texlive/texmf-dist/tex/latex/tools/verbatim.sty
Package: verbatim 2023-11-06 v1.5v LaTeX2e package for verbatim enhancements
\every@verbatim=\toks31
\verbatim@line=\toks32
\verbatim@in@stream=\read3
) (/usr/share/texlive/texmf-dist/tex/latex/environ/environ.sty
Package: environ 2014/05/04 v0.3 A new way to define environments
 (/usr/share/texlive/texmf-dist/tex/latex/trimspaces/trimspaces.sty
Package: trimspaces 2009/09/17 v1.1 Trim spaces around a token list
)
\@envbody=\toks33
) (/usr/share/texlive/texmf-dist/tex/latex/etoolbox/etoolbox.sty
Package: etoolbox 2020/10/05 v2.5k e-TeX tools for LaTeX (JAW)
\etb@tempcnta=\count285
)
\tcb@titlebox=\box62
\tcb@upperbox=\box63
\tcb@lowerbox=\box64
\tcb@phantombox=\box65
\c@tcbbreakpart=\count286
\c@tcblayer=\count287
\c@tcolorbox@number=\count288
\l__tcobox_tmpa_box=\box66
\l__tcobox_tmpa_dim=\dimen257
\tcb@temp=\box67
\tcb@temp=\box68
\tcb@temp=\box69
\tcb@temp=\box70
) (/usr/share/texlive/texmf-dist/tex/latex/amsmath/amsmath.sty
Package: amsmath 2023/05/13 v2.17o AMS math features
\@mathmargin=\skip50

For additional information on amsmath, use the `?' option.
(/usr/share/texlive/texmf-dist/tex/latex/amsmath/amstext.sty
Package: amstext 2021/08/26 v2.01 AMS text
 (/usr/share/texlive/texmf-dist/tex/latex/amsmath/amsgen.sty
File: amsgen.sty 1999/11/30 v2.0 generic functions
\@emptytoks=\toks34
\ex@=\dimen258
)) (/usr/share/texlive/texmf-dist/tex/latex/amsmath/amsbsy.sty
Package: amsbsy 1999/11/29 v1.2d Bold Symbols
\pmbraise@=\dimen259
) (/usr/share/texlive/texmf-dist/tex/latex/amsmath/amsopn.sty
Package: amsopn 2022/04/08 v2.04 operator names
)
\inf@bad=\count289
LaTeX Info: Redefining \frac on input line 234.
\uproot@=\count290
\leftroot@=\count291
LaTeX Info: Redefining \overline on input line 399.
LaTeX Info: Redefining \colon on input line 410.
\classnum@=\count292
\DOTSCASE@=\count293
LaTeX Info: Redefining \ldots on input line 496.
LaTeX Info: Redefining \dots on input line 499.
LaTeX Info: Redefining \cdots on input line 620.
\Mathstrutbox@=\box71
\strutbox@=\box72
LaTeX Info: Redefining \big on input line 722.
LaTeX Info: Redefining \Big on input line 723.
LaTeX Info: Redefining \bigg on input line 724.
LaTeX Info: Redefining \Bigg on input line 725.
\big@size=\dimen260
LaTeX Font Info:    Redeclaring font encoding OML on input line 743.
LaTeX Font Info:    Redeclaring font encoding OMS on input line 744.
\macc@depth=\count294
LaTeX Info: Redefining \bmod on input line 905.
LaTeX Info: Redefining \pmod on input line 910.
LaTeX Info: Redefining \smash on input line 940.
LaTeX Info: Redefining \relbar on input line 970.
LaTeX Info: Redefining \Relbar on input line 971.
\c@MaxMatrixCols=\count295
\dotsspace@=\muskip16
\c@parentequation=\count296
\dspbrk@lvl=\count297
\tag@help=\toks35
\row@=\count298
\column@=\count299
\maxfields@=\count300
\andhelp@=\toks36
\eqnshift@=\dimen261
\alignsep@=\dimen262
\tagshift@=\dimen263
\tagwidth@=\dimen264
\totwidth@=\dimen265
\lineht@=\dimen266
\@envbody=\toks37
\multlinegap=\skip51
\multlinetaggap=\skip52
\mathdisplay@stack=\toks38
LaTeX Info: Redefining \[ on input line 2953.
LaTeX Info: Redefining \] on input line 2954.
) (/usr/share/texlive/texmf-dist/tex/latex/colortbl/colortbl.sty
Package: colortbl 2022/06/20 v1.0f Color table columns (DPC)
 (/usr/share/texlive/texmf-dist/tex/latex/tools/array.sty
Package: array 2023/10/16 v2.5g Tabular extension package (FMi)
\col@sep=\dimen267
\ar@mcellbox=\box73
\extrarowheight=\dimen268
\NC@list=\toks39
\extratabsurround=\skip53
\backup@length=\skip54
\ar@cellbox=\box74
)
\everycr=\toks40
\minrowclearance=\skip55
\rownum=\count301
)

LaTeX Warning: Package "xcolor" has already been loaded: ignoring load-time
(LaTeX)        option "xcdraw".

(/usr/share/texlive/texmf-dist/tex/latex/listings/listings.sty
\lst@mode=\count302
\lst@gtempboxa=\box75
\lst@token=\toks41
\lst@length=\count303
\lst@currlwidth=\dimen269
\lst@column=\count304
\lst@pos=\count305
\lst@lostspace=\dimen270
\lst@width=\dimen271
\lst@newlines=\count306
\lst@lineno=\count307
\lst@maxwidth=\dimen272
 (/usr/share/texlive/texmf-dist/tex/latex/listings/lstmisc.sty
File: lstmisc.sty 2023/02/27 1.9 (Carsten Heinz)
\c@lstnumber=\count308
\lst@skipnumbers=\count309
\lst@framebox=\box76
) (/usr/share/texlive/texmf-dist/tex/latex/listings/listings.cfg
File: listings.cfg 2023/02/27 1.9 listings configuration
))
Package: listings 2023/02/27 1.9 (Carsten Heinz)
 (/usr/share/texlive/texmf-dist/tex/latex/multirow/multirow.sty
Package: multirow 2021/03/15 v2.8 Span multiple rows of a table
\multirow@colwidth=\skip56
\multirow@cntb=\count310
\multirow@dima=\skip57
\bigstrutjot=\dimen273
) (/usr/share/texlive/texmf-dist/tex/latex/booktabs/booktabs.sty
Package: booktabs 2020/01/12 v1.61803398 Publication quality tables
\heavyrulewidth=\dimen274
\lightrulewidth=\dimen275
\cmidrulewidth=\dimen276
\belowrulesep=\dimen277
\belowbottomsep=\dimen278
\aboverulesep=\dimen279
\abovetopsep=\dimen280
\cmidrulesep=\dimen281
\cmidrulekern=\dimen282
\defaultaddspace=\dimen283
\@cmidla=\count311
\@cmidlb=\count312
\@aboverulesep=\dimen284
\@belowrulesep=\dimen285
\@thisruleclass=\count313
\@lastruleclass=\count314
\@thisrulewidth=\dimen286
) (/usr/share/texlive/texmf-dist/tex/latex/makecell/makecell.sty
Package: makecell 2009/08/03 V0.1e Managing of Tab Column Heads and Cells
\rotheadsize=\dimen287
\c@nlinenum=\count315
\TeXr@lab=\toks42
) (/usr/share/texlive/texmf-dist/tex/latex/listings/lstlang1.sty
File: lstlang1.sty 2023/02/27 1.9 listings language file
) (/usr/share/texlive/texmf-dist/tex/latex/tcolorbox/tcbskins.code.tex
Library (tcolorbox): 'tcbskins.code.tex' version '6.2.0'
(/usr/share/texlive/texmf-dist/tex/latex/tikzfill/tikzfill.image.sty
Package: tikzfill.image 2023/08/08 v1.0.1 Image filling library for TikZ
 (/usr/share/texlive/texmf-dist/tex/latex/tikzfill/tikzfill-common.sty
Package: tikzfill-common 2023/08/08 v1.0.1 Auxiliary code for tikzfill
) (/usr/share/texlive/texmf-dist/tex/latex/tikzfill/tikzlibraryfill.image.code.tex
File: tikzlibraryfill.image.code.tex 2023/08/08 v1.0.1 Image filling library
\l__tikzfill_img_box=\box77
)) (/usr/share/texlive/texmf-dist/tex/latex/tcolorbox/tcbskinsjigsaw.code.tex
Library (tcolorbox): 'tcbskinsjigsaw.code.tex' version '6.2.0'
)) (/usr/share/texlive/texmf-dist/tex/latex/tcolorbox/tcbbreakable.code.tex
Library (tcolorbox): 'tcbbreakable.code.tex' version '6.2.0'
(/usr/share/texlive/texmf-dist/tex/latex/pdfcol/pdfcol.sty
Package: pdfcol 2022-09-21 v1.7 Handle new color stacks for pdfTeX (HO)
 (/usr/share/texlive/texmf-dist/tex/generic/ltxcmds/ltxcmds.sty
Package: ltxcmds 2023-12-04 v1.26 LaTeX kernel commands for general use (HO)
) (/usr/share/texlive/texmf-dist/tex/generic/infwarerr/infwarerr.sty
Package: infwarerr 2019/12/03 v1.5 Providing info/warning/error messages (HO)
))
Package pdfcol Info: New color stack `tcb@breakable' = 1 on input line 23.
\tcb@testbox=\box78
\tcb@totalupperbox=\box79
\tcb@totallowerbox=\box80
) (/usr/share/texlive/texmf-dist/tex/latex/tcolorbox/tcbtheorems.code.tex
Library (tcolorbox): 'tcbtheorems.code.tex' version '6.2.0'
) (/usr/share/texlive/texmf-dist/tex/latex/l3backend/l3backend-pdftex.def
File: l3backend-pdftex.def 2024-01-04 L3 backend support: PDF output (pdfTeX)
\l__color_backend_stack_int=\count316
\l__pdf_internal_box=\box81
) (./Solution_lab1.aux)
\openout1 = `Solution_lab1.aux'.

LaTeX Font Info:    Checking defaults for OML/cmm/m/it on input line 61.
LaTeX Font Info:    ... okay on input line 61.
LaTeX Font Info:    Checking defaults for OMS/cmsy/m/n on input line 61.
LaTeX Font Info:    ... okay on input line 61.
LaTeX Font Info:    Checking defaults for OT1/cmr/m/n on input line 61.
LaTeX Font Info:    ... okay on input line 61.
LaTeX Font Info:    Checking defaults for T1/cmr/m/n on input line 61.
LaTeX Font Info:    ... okay on input line 61.
LaTeX Font Info:    Checking defaults for TS1/cmr/m/n on input line 61.
LaTeX Font Info:    ... okay on input line 61.
LaTeX Font Info:    Checking defaults for OMX/cmex/m/n on input line 61.
LaTeX Font Info:    ... okay on input line 61.
LaTeX Font Info:    Checking defaults for U/cmr/m/n on input line 61.
LaTeX Font Info:    ... okay on input line 61.

*geometry* driver: auto-detecting
*geometry* detected driver: pdftex
*geometry* verbose mode - [ preamble ] result:
* driver: pdftex
* paper: custom
* layout: <same size as paper>
* layoutoffset:(h,v)=(0.0pt,0.0pt)
* modes: 
* h-part:(L,W,R)=(42.67912pt, 625.96065pt, 42.67912pt)
* v-part:(T,H,B)=(28.45274pt, 640.18703pt, 56.9055pt)
* \paperwidth=711.3189pt
* \paperheight=725.54527pt
* \textwidth=625.96065pt
* \textheight=640.18703pt
* \oddsidemargin=-29.59087pt
* \evensidemargin=-29.59087pt
* \topmargin=-80.81725pt
* \headheight=12.0pt
* \headsep=25.0pt
* \topskip=10.0pt
* \footskip=30.0pt
* \marginparwidth=65.0pt
* \marginparsep=11.0pt
* \columnsep=10.0pt
* \skip\footins=9.0pt plus 4.0pt minus 2.0pt
* \hoffset=0.0pt
* \voffset=0.0pt
* \mag=1000
* \@twocolumnfalse
* \@twosidefalse
* \@mparswitchfalse
* \@reversemarginfalse
* (1in=72.27pt=25.4mm, 1cm=28.453pt)

(/usr/share/texlive/texmf-dist/tex/context/base/mkii/supp-pdf.mkii
[Loading MPS to PDF converter (version 2006.09.02).]
\scratchcounter=\count317
\scratchdimen=\dimen288
\scratchbox=\box82
\nofMPsegments=\count318
\nofMParguments=\count319
\everyMPshowfont=\toks43
\MPscratchCnt=\count320
\MPscratchDim=\dimen289
\MPnumerator=\count321
\makeMPintoPDFobject=\count322
\everyMPtoPDFconversion=\toks44
) (/usr/share/texlive/texmf-dist/tex/latex/epstopdf-pkg/epstopdf-base.sty
Package: epstopdf-base 2020-01-24 v2.11 Base part for package epstopdf
Package epstopdf-base Info: Redefining graphics rule for `.eps' on input line 485.
 (/usr/share/texlive/texmf-dist/tex/latex/latexconfig/epstopdf-sys.cfg
File: epstopdf-sys.cfg 2010/07/13 v1.3 Configuration of (r)epstopdf for TeX Live
))
\c@lstlisting=\count323
 (./Questions/q1/ques1.tex (./Questions/q1/q1.sql
LaTeX Font Info:    Font shape `OT1/cmtt/bx/n' in size <9> not available
(Font)              Font shape `OT1/cmtt/m/n' tried instead on input line 5.
)
<Questions/q1/q1.png, id=4, 1122.1925pt x 829.0975pt>
File: Questions/q1/q1.png Graphic file (type png)
<use Questions/q1/q1.png>
Package pdftex.def Info: Questions/q1/q1.png  used on input line 10.
(pdftex.def)             Requested size: 433.23552pt x 320.0935pt.
) (./Questions/q2/ques2.tex [1

{/var/lib/texmf/fonts/map/pdftex/updmap/pdftex.map} <./Questions/q1/q1.png>] (./Questions/q2/q2.sql)
<Questions/q2/q2.png, id=16, 991.705pt x 654.445pt>
File: Questions/q2/q2.png Graphic file (type png)
<use Questions/q2/q2.png>
Package pdftex.def Info: Questions/q2/q2.png  used on input line 10.
(pdftex.def)             Requested size: 485.0469pt x 320.0935pt.
) (./Questions/q3/ques3.tex [2 <./Questions/q2/q2.png>] (./Questions/q3/q3.sql) (./Questions/q3/q3.sql) (./Questions/q3/q3.sql) (./Questions/q3/q3.sql)) (./Questions/q4/ques4.tex [3] (./Questions/q4/q4.sql)
<Questions/q4/desc.png, id=23, 411.5375pt x 751.80875pt>
File: Questions/q4/desc.png Graphic file (type png)
<use Questions/q4/desc.png>
Package pdftex.def Info: Questions/q4/desc.png  used on input line 10.
(pdftex.def)             Requested size: 175.21823pt x 320.0935pt.
<Questions/q4/name.png, id=24, 1864.9675pt x 307.1475pt>
File: Questions/q4/name.png Graphic file (type png)
<use Questions/q4/name.png>
Package pdftex.def Info: Questions/q4/name.png  used on input line 14.
(pdftex.def)             Requested size: 583.05702pt x 96.02414pt.
) (./Questions/q5/ques5.tex [4 <./Questions/q4/desc.png> <./Questions/q4/name.png>] (./Questions/q5/q5.sql)
<Questions/q5/desc.png, id=28, 1229.59375pt x 603.25375pt>
File: Questions/q5/desc.png Graphic file (type png)
<use Questions/q5/desc.png>
Package pdftex.def Info: Questions/q5/desc.png  used on input line 10.
(pdftex.def)             Requested size: 391.45174pt x 192.05806pt.
<Questions/q5/const.png, id=29, 1005.7575pt x 739.76375pt>
File: Questions/q5/const.png Graphic file (type png)
<use Questions/q5/const.png>
Package pdftex.def Info: Questions/q5/const.png  used on input line 14.
(pdftex.def)             Requested size: 348.13771pt x 256.07089pt.
 [5 <./Questions/q5/desc.png>]) (./Questions/q6/ques6.tex [6 <./Questions/q5/const.png>] (./Questions/q6/q6.sql)
<Questions/q6/ad.png, id=36, 1262.7175pt x 808.01875pt>
File: Questions/q6/ad.png Graphic file (type png)
<use Questions/q6/ad.png>
Package pdftex.def Info: Questions/q6/ad.png  used on input line 10.
(pdftex.def)             Requested size: 400.16656pt x 256.07089pt.
) (./Questions/q7/ques7.tex [7 <./Questions/q6/ad.png>] (./Questions/q7/q7.sql)) (./Questions/q8/ques8.tex [8] (./Questions/q8/q8.sql)
<Questions/q8/q8.png, id=44, 1908.12875pt x 208.78pt>
File: Questions/q8/q8.png Graphic file (type png)
<use Questions/q8/q8.png>
Package pdftex.def Info: Questions/q8/q8.png  used on input line 11.
(pdftex.def)             Requested size: 563.36075pt x 61.64052pt.
) (./Questions/q9/ques9.tex [9 <./Questions/q8/q8.png>] (./Questions/q9/q9.sql)
<Questions/q9/q9.png, id=48, 1561.835pt x 139.52126pt>
File: Questions/q9/q9.png Graphic file (type png)
<use Questions/q9/q9.png>
Package pdftex.def Info: Questions/q9/q9.png  used on input line 11.
(pdftex.def)             Requested size: 563.36075pt x 50.32553pt.
) (./Questions/q10/ques10.tex [10 <./Questions/q9/q9.png>] (./Questions/q10/q10.sql)
<Questions/q10/q10.png, id=52, 712.6625pt x 132.495pt>
File: Questions/q10/q10.png Graphic file (type png)
<use Questions/q10/q10.png>
Package pdftex.def Info: Questions/q10/q10.png  used on input line 11.
(pdftex.def)             Requested size: 563.36075pt x 104.74266pt.
) (./Questions/q11/ques11.tex [11 <./Questions/q10/q10.png>] (./Questions/q11/q11.sql)
<Questions/q11/q11.png, id=56, 1479.5275pt x 119.44624pt>
File: Questions/q11/q11.png Graphic file (type png)
<use Questions/q11/q11.png>
Package pdftex.def Info: Questions/q11/q11.png  used on input line 11.
(pdftex.def)             Requested size: 563.36075pt x 45.48116pt.
) (./Questions/q12/ques12.tex [12 <./Questions/q11/q11.png>] (./Questions/q12/q12.sql)
<Questions/q12/q12.png, id=60, 1265.72874pt x 168.63pt>
File: Questions/q12/q12.png Graphic file (type png)
<use Questions/q12/q12.png>
Package pdftex.def Info: Questions/q12/q12.png  used on input line 11.
(pdftex.def)             Requested size: 563.36075pt x 75.05682pt.
) (./Questions/q13/ques13.tex [13 <./Questions/q12/q12.png>] (./Questions/q13/q13.sql)
<Questions/q13/q13.png, id=65, 676.5275pt x 145.54375pt>
File: Questions/q13/q13.png Graphic file (type png)
<use Questions/q13/q13.png>
Package pdftex.def Info: Questions/q13/q13.png  used on input line 11.
(pdftex.def)             Requested size: 563.36075pt x 121.20102pt.
) (./Questions/q14/ques14.tex [14 <./Questions/q13/q13.png>] (./Questions/q14/q14.sql)
<Questions/q14/q14.png, id=69, 920.43875pt x 172.645pt>
File: Questions/q14/q14.png Graphic file (type png)
<use Questions/q14/q14.png>
Package pdftex.def Info: Questions/q14/q14.png  used on input line 11.
(pdftex.def)             Requested size: 563.36075pt x 105.67418pt.
) (./Questions/q15/ques15.tex [15 <./Questions/q14/q14.png>] (./Questions/q15/q15.sql)
<Questions/q15/q15.png, id=73, 1293.83376pt x 310.15875pt>
File: Questions/q15/q15.png Graphic file (type png)
<use Questions/q15/q15.png>
Package pdftex.def Info: Questions/q15/q15.png  used on input line 11.
(pdftex.def)             Requested size: 563.36075pt x 135.05048pt.
) (./Questions/q16/ques16.tex [16 <./Questions/q15/q15.png>] (./Questions/q16/q16.sql)
<Questions/q16/q16.png, id=77, 1907.125pt x 332.24126pt>
File: Questions/q16/q16.png Graphic file (type png)
<use Questions/q16/q16.png>
Package pdftex.def Info: Questions/q16/q16.png  used on input line 11.
(pdftex.def)             Requested size: 563.36075pt x 98.14212pt.
) (./Questions/q17/ques17.tex [17 <./Questions/q16/q16.png>] (./Questions/q17/q17.sql)
<Questions/q17/q17.png, id=81, 1320.935pt x 125.46875pt>
File: Questions/q17/q17.png Graphic file (type png)
<use Questions/q17/q17.png>
Package pdftex.def Info: Questions/q17/q17.png  used on input line 11.
(pdftex.def)             Requested size: 563.36075pt x 53.51208pt.
) (./Questions/q18/ques18.tex [18 <./Questions/q17/q17.png>] (./Questions/q18/q18.sql)
<Questions/q18/q18.png, id=85, 1283.79625pt x 209.78375pt>
File: Questions/q18/q18.png Graphic file (type png)
<use Questions/q18/q18.png>
Package pdftex.def Info: Questions/q18/q18.png  used on input line 11.
(pdftex.def)             Requested size: 563.36075pt x 92.05864pt.
) (./Questions/q19/ques19.tex [19 <./Questions/q18/q18.png>] (./Questions/q19/q19.sql)
<Questions/q19/q19.png, id=90, 941.5175pt x 91.34125pt>
File: Questions/q19/q19.png Graphic file (type png)
<use Questions/q19/q19.png>
Package pdftex.def Info: Questions/q19/q19.png  used on input line 11.
(pdftex.def)             Requested size: 563.36075pt x 54.65463pt.
) (./Questions/q20/ques20.tex [20 <./Questions/q19/q19.png>] (./Questions/q20/q20.sql)
<Questions/q20/q20.png, id=94, 1055.945pt x 194.7275pt>
File: Questions/q20/q20.png Graphic file (type png)
<use Questions/q20/q20.png>
Package pdftex.def Info: Questions/q20/q20.png  used on input line 11.
(pdftex.def)             Requested size: 563.36075pt x 103.88847pt.
) (./Questions/q21/ques21.tex [21 <./Questions/q20/q20.png>] (./Questions/q21/q21.sql)
<Questions/q21/q21.png, id=98, 685.56125pt x 154.5775pt>
File: Questions/q21/q21.png Graphic file (type png)
<use Questions/q21/q21.png>
Package pdftex.def Info: Questions/q21/q21.png  used on input line 11.
(pdftex.def)             Requested size: 563.36075pt x 127.03503pt.
)
(./Questions/q22/ques22.tex [22 <./Questions/q21/q21.png>] (./Questions/q22/q22.sql)
<Questions/q22/q22.png, id=102, 760.8425pt x 202.7575pt>
File: Questions/q22/q22.png Graphic file (type png)
<use Questions/q22/q22.png>
Package pdftex.def Info: Questions/q22/q22.png  used on input line 11.
(pdftex.def)             Requested size: 563.36075pt x 150.13411pt.
) (./Questions/q23/ques23.tex [23 <./Questions/q22/q22.png>] (./Questions/q23/q23.sql)
<Questions/q23/q23.png, id=106, 862.22125pt x 90.3375pt>
File: Questions/q23/q23.png Graphic file (type png)
<use Questions/q23/q23.png>
Package pdftex.def Info: Questions/q23/q23.png  used on input line 11.
(pdftex.def)             Requested size: 563.36075pt x 59.02606pt.
) (./Questions/q24/ques24.tex [24 <./Questions/q23/q23.png>] (./Questions/q24/q24.sql)
<Questions/q24/q24.png, id=110, 1022.82124pt x 211.79124pt>
File: Questions/q24/q24.png Graphic file (type png)
<use Questions/q24/q24.png>
Package pdftex.def Info: Questions/q24/q24.png  used on input line 11.
(pdftex.def)             Requested size: 563.36075pt x 116.65036pt.
) (./Questions/q25/ques25.tex [25 <./Questions/q24/q24.png>] (./Questions/q25/q25.sql)
<Questions/q25/q25.png, id=115, 541.02126pt x 106.3975pt>
File: Questions/q25/q25.png Graphic file (type png)
<use Questions/q25/q25.png>
Package pdftex.def Info: Questions/q25/q25.png  used on input line 11.
(pdftex.def)             Requested size: 563.36075pt x 110.79364pt.
) (./Questions/q26/ques26.tex [26 <./Questions/q25/q25.png>] (./Questions/q26/q26.sql)
<Questions/q26/q26.png, id=119, 790.955pt x 108.405pt>
File: Questions/q26/q26.png Graphic file (type png)
<use Questions/q26/q26.png>
Package pdftex.def Info: Questions/q26/q26.png  used on input line 11.
(pdftex.def)             Requested size: 563.36075pt x 77.21289pt.
) (./Questions/q27/ques27.tex [27 <./Questions/q26/q26.png>] (./Questions/q27/q27.sql)
<Questions/q27/q27.png, id=123, 497.86pt x 121.45375pt>
File: Questions/q27/q27.png Graphic file (type png)
<use Questions/q27/q27.png>
Package pdftex.def Info: Questions/q27/q27.png  used on input line 11.
(pdftex.def)             Requested size: 563.36075pt x 137.44496pt.
) (./Questions/q28/ques28.tex [28 <./Questions/q27/q27.png>] (./Questions/q28/q28.sql)
<Questions/q28/q28.png, id=127, 774.895pt x 125.46875pt>
File: Questions/q28/q28.png Graphic file (type png)
<use Questions/q28/q28.png>
Package pdftex.def Info: Questions/q28/q28.png  used on input line 11.
(pdftex.def)             Requested size: 563.36075pt x 91.21808pt.
) (./Questions/q29/ques29.tex [29 <./Questions/q28/q28.png>] (./Questions/q29/q29.sql)
<Questions/q29/q29.png, id=131, 818.05624pt x 108.405pt>
File: Questions/q29/q29.png Graphic file (type png)
<use Questions/q29/q29.png>
Package pdftex.def Info: Questions/q29/q29.png  used on input line 11.
(pdftex.def)             Requested size: 563.36075pt x 74.65726pt.
) (./Questions/q30/ques30.tex [30 <./Questions/q29/q29.png>] (./Questions/q30/q30.sql)
<Questions/q30/q30.png, id=135, 676.5275pt x 150.5625pt>
File: Questions/q30/q30.png Graphic file (type png)
<use Questions/q30/q30.png>
Package pdftex.def Info: Questions/q30/q30.png  used on input line 11.
(pdftex.def)             Requested size: 563.36075pt x 125.38036pt.
) (./Questions/q31/ques31.tex [31 <./Questions/q30/q30.png>] (./Questions/q31/q31.sql)
<Questions/q31/q31.png, id=140, 1513.655pt x 182.6825pt>
File: Questions/q31/q31.png Graphic file (type png)
<use Questions/q31/q31.png>
Package pdftex.def Info: Questions/q31/q31.png  used on input line 11.
(pdftex.def)             Requested size: 563.36075pt x 67.99286pt.
) (./Questions/q32/ques32.tex [32 <./Questions/q31/q31.png>] (./Questions/q32/q32.sql)
<Questions/q32/q32.png, id=144, 1531.7225pt x 127.47626pt>
File: Questions/q32/q32.png Graphic file (type png)
<use Questions/q32/q32.png>
Package pdftex.def Info: Questions/q32/q32.png  used on input line 11.
(pdftex.def)             Requested size: 563.36075pt x 46.88536pt.
) (./Questions/q33/ques33.tex [33 <./Questions/q32/q32.png>] (./Questions/q33/q33.sql)
<Questions/q33/q33.png, id=148, 1049.9225pt x 121.45375pt>
File: Questions/q33/q33.png Graphic file (type png)
<use Questions/q33/q33.png>
Package pdftex.def Info: Questions/q33/q33.png  used on input line 11.
(pdftex.def)             Requested size: 563.36075pt x 65.17076pt.
) (./Questions/q34/ques34.tex [34 <./Questions/q33/q33.png>] (./Questions/q34/q34.sql)
<Questions/q34/q34.png, id=152, 1182.4175pt x 112.42pt>
File: Questions/q34/q34.png Graphic file (type png)
<use Questions/q34/q34.png>
Package pdftex.def Info: Questions/q34/q34.png  used on input line 11.
(pdftex.def)             Requested size: 563.36075pt x 53.563pt.
) (./Questions/q35/ques35.tex [35 <./Questions/q34/q34.png>] (./Questions/q35/q35.sql)
<Questions/q35/q35.png, id=156, 1474.50874pt x 172.645pt>
File: Questions/q35/q35.png Graphic file (type png)
<use Questions/q35/q35.png>
Package pdftex.def Info: Questions/q35/q35.png  used on input line 11.
(pdftex.def)             Requested size: 563.36075pt x 65.96141pt.
) (./Questions/q36/ques36.tex [36 <./Questions/q35/q35.png>] (./Questions/q36/q36.sql)
<Questions/q36/q36.png, id=160, 1055.945pt x 136.51pt>
File: Questions/q36/q36.png Graphic file (type png)
<use Questions/q36/q36.png>
Package pdftex.def Info: Questions/q36/q36.png  used on input line 11.
(pdftex.def)             Requested size: 563.36075pt x 72.82903pt.
) (./Questions/q37/ques37.tex [37 <./Questions/q36/q36.png>] (./Questions/q37/q37.sql)
<Questions/q37/q37.png, id=165, 851.18pt x 213.79875pt>
File: Questions/q37/q37.png Graphic file (type png)
<use Questions/q37/q37.png>
Package pdftex.def Info: Questions/q37/q37.png  used on input line 11.
(pdftex.def)             Requested size: 563.36075pt x 141.51213pt.
) (./Questions/q38/ques38.tex [38 <./Questions/q37/q37.png>] (./Questions/q38/q38.sql)
<Questions/q38/q38.png, id=169, 869.2475pt x 282.05376pt>
File: Questions/q38/q38.png Graphic file (type png)
<use Questions/q38/q38.png>
Package pdftex.def Info: Questions/q38/q38.png  used on input line 11.
(pdftex.def)             Requested size: 563.36075pt x 182.8077pt.
) (./Questions/q39/ques39.tex [39 <./Questions/q38/q38.png>] (./Questions/q39/q39.sql)
<Questions/q39/q39.png, id=173, 1245.65375pt x 226.8475pt>
File: Questions/q39/q39.png Graphic file (type png)
<use Questions/q39/q39.png>
Package pdftex.def Info: Questions/q39/q39.png  used on input line 11.
(pdftex.def)             Requested size: 563.36075pt x 102.59618pt.
) (./Questions/q40/ques40.tex [40 <./Questions/q39/q39.png>] (./Questions/q40/q40.sql)
<Questions/q40/q40.png, id=177, 1247.66125pt x 131.49126pt>
File: Questions/q40/q40.png Graphic file (type png)
<use Questions/q40/q40.png>
Package pdftex.def Info: Questions/q40/q40.png  used on input line 11.
(pdftex.def)             Requested size: 563.36075pt x 59.37315pt.
) (./Questions/q41/ques41.tex [41 <./Questions/q40/q40.png>] (./Questions/q41/q41.sql)
<Questions/q41/q41.png, id=181, 1914.15125pt x 442.65375pt>
File: Questions/q41/q41.png Graphic file (type png)
<use Questions/q41/q41.png>
Package pdftex.def Info: Questions/q41/q41.png  used on input line 11.
(pdftex.def)             Requested size: 563.36075pt x 130.27777pt.
) (./Questions/q42/ques42.tex [42 <./Questions/q41/q41.png>] (./Questions/q42/q42.sql)
<Questions/q42/q42.png, id=185, 1739.49875pt x 486.81876pt>
File: Questions/q42/q42.png Graphic file (type png)
<use Questions/q42/q42.png>
Package pdftex.def Info: Questions/q42/q42.png  used on input line 11.
(pdftex.def)             Requested size: 563.36075pt x 157.66452pt.
) (./Questions/q43/ques43.tex [43 <./Questions/q42/q42.png>] (./Questions/q43/q43.sql)
<Questions/q43/q43.png, id=190, 1205.50375pt x 759.83875pt>
File: Questions/q43/q43.png Graphic file (type png)
<use Questions/q43/q43.png>
Package pdftex.def Info: Questions/q43/q43.png  used on input line 11.
(pdftex.def)             Requested size: 563.36075pt x 355.08368pt.
) (./Questions/q44/ques44.tex [44 <./Questions/q43/q43.png>] (./Questions/q44/q44.sql))
(./Questions/q45/ques45.tex [45] (./Questions/q45/q45.sql)) (./Questions/q46/ques46.tex [46] (./Questions/q46/q46.sql)
<Questions/q46/q46.png, id=200, 1208.515pt x 774.895pt>
File: Questions/q46/q46.png Graphic file (type png)
<use Questions/q46/q46.png>
Package pdftex.def Info: Questions/q46/q46.png  used on input line 11.
(pdftex.def)             Requested size: 500.77042pt x 321.09065pt.
) (./Questions/q47/ques47.tex [47 <./Questions/q46/q46.png>] (./Questions/q47/q47.sql) [48]
<Questions/q47/q47.png, id=207, 789.95125pt x 814.04124pt>
File: Questions/q47/q47.png Graphic file (type png)
<use Questions/q47/q47.png>
Package pdftex.def Info: Questions/q47/q47.png  used on input line 11.
(pdftex.def)             Requested size: 500.77042pt x 516.04095pt.
) [49 <./Questions/q47/q47.png>] (./Solution_lab1.aux)
 ***********
LaTeX2e <2023-11-01> patch level 1
L3 programming layer <2024-01-22>
 ***********
 ) 
Here is how much of TeX's memory you used:
 20497 strings out of 474222
 427889 string characters out of 5748732
 2168975 words of memory out of 5000000
 42128 multiletter control sequences out of 15000+600000
 563055 words of font info for 54 fonts, out of 8000000 for 9000
 1141 hyphenation exceptions out of 8191
 102i,7n,107p,414b,1362s stack positions out of 10000i,1000n,20000p,200000b,200000s
</usr/share/texlive/texmf-dist/fonts/type1/public/amsfonts/cm/cmbsy10.pfb></usr/share/texlive/texmf-dist/fonts/type1/public/amsfonts/cm/cmbx10.pfb></usr/share/texlive/texmf-dist/fonts/type1/public/amsfonts/cm/cmbx12.pfb></usr/share/texlive/texmf-dist/fonts/type1/public/amsfonts/cm/cmr10.pfb></usr/share/texlive/texmf-dist/fonts/type1/public/amsfonts/cm/cmr5.pfb></usr/share/texlive/texmf-dist/fonts/type1/public/amsfonts/cm/cmtt9.pfb>
Output written on Solution_lab1.pdf (49 pages, 820060 bytes).
PDF statistics:
 242 PDF objects out of 1000 (max. 8388607)
 132 compressed objects within 2 object streams
 0 named destinations out of 1000 (max. 500000)
 238 words of extra memory for PDF output out of 10000 (max. 10000000)

